<?xml version="1.0" encoding="UTF-8"?>
<testng-results total="1" passed="1" failed="0" skipped="0">
  <reporter-output>
    <line>
      <![CDATA[About to begin executing Suite Sapphirus Systems Pvt Ltd]]>
    </line>
    <line>
      <![CDATA[About to begin executing Test ChromeBrowser]]>
    </line>
    <line>
      <![CDATA[About to begin executing following method : AbstractTestNGCucumberTests.setUpClass]]>
    </line>
    <line>
      <![CDATA[Completed executing following method : AbstractTestNGCucumberTests.setUpClass]]>
    </line>
    <line>
      <![CDATA[About to begin executing following method : AdminGeneratedCertificatesNewMailEditRunner.beforeclass]]>
    </line>
    <line>
      <![CDATA[Completed executing following method : AdminGeneratedCertificatesNewMailEditRunner.beforeclass]]>
    </line>
    <line>
      <![CDATA[About to begin executing following method : AbstractTestNGCucumberTests.feature]]>
    </line>
    <line>
      <![CDATA[Completed executing following method : AbstractTestNGCucumberTests.feature]]>
    </line>
    <line>
      <![CDATA[Test Method resides in com.cucumber.TestRunner.AdminGeneratedCertificatesNewMailEditRunner]]>
    </line>
    <line>
      <![CDATA[Test Method had the following parameters : nullInstitution Admin - Check the flow of New Mail Edit,]]>
    </line>
    <line>
      <![CDATA[Test Status: Pass]]>
    </line>
    <line>
      <![CDATA[About to begin executing following method : AdminGeneratedCertificatesNewMailEditRunner.testDownClass]]>
    </line>
    <line>
      <![CDATA[Completed executing following method : AdminGeneratedCertificatesNewMailEditRunner.testDownClass]]>
    </line>
    <line>
      <![CDATA[About to begin executing following method : AbstractTestNGCucumberTests.tearDownClass]]>
    </line>
    <line>
      <![CDATA[Completed executing following method : AbstractTestNGCucumberTests.tearDownClass]]>
    </line>
  </reporter-output>
  <suite started-at="2024-04-15T09:32:24Z" name="Sapphirus Systems Pvt Ltd" finished-at="2024-04-15T09:32:58Z" duration-ms="33534">
    <groups>
      <group name="cucumber">
        <method signature="AbstractTestNGCucumberTests.feature(cucumber.api.testng.CucumberFeatureWrapper)[pri:0, instance:com.cucumber.TestRunner.AdminGeneratedCertificatesNewMailEditRunner@505fc5a4]" name="feature" class="cucumber.api.testng.AbstractTestNGCucumberTests"/>
      </group> <!-- cucumber -->
    </groups>
    <test started-at="2024-04-15T09:32:24Z" name="ChromeBrowser" finished-at="2024-04-15T09:32:58Z" duration-ms="33534">
      <class name="com.cucumber.TestRunner.AdminGeneratedCertificatesNewMailEditRunner">
        <test-method is-config="true" signature="setUpClass()[pri:0, instance:com.cucumber.TestRunner.AdminGeneratedCertificatesNewMailEditRunner@505fc5a4]" started-at="2024-04-15T15:02:24Z" name="setUpClass" finished-at="2024-04-15T15:02:25Z" duration-ms="671" status="PASS">
          <reporter-output>
            <line>
              <![CDATA[Completed executing following method : AbstractTestNGCucumberTests.setUpClass]]>
            </line>
          </reporter-output>
        </test-method> <!-- setUpClass -->
        <test-method is-config="true" signature="beforeclass(java.lang.String)[pri:0, instance:com.cucumber.TestRunner.AdminGeneratedCertificatesNewMailEditRunner@505fc5a4]" started-at="2024-04-15T15:02:25Z" name="beforeclass" finished-at="2024-04-15T15:02:31Z" duration-ms="5990" status="PASS">
          <params>
            <param index="0">
              <value>
                <![CDATA[chrome]]>
              </value>
            </param>
          </params>
          <reporter-output>
            <line>
              <![CDATA[Completed executing following method : AdminGeneratedCertificatesNewMailEditRunner.beforeclass]]>
            </line>
          </reporter-output>
        </test-method> <!-- beforeclass -->
        <test-method signature="feature(cucumber.api.testng.CucumberFeatureWrapper)[pri:0, instance:com.cucumber.TestRunner.AdminGeneratedCertificatesNewMailEditRunner@505fc5a4]" started-at="2024-04-15T15:02:31Z" name="feature" description="Runs Cucumber Feature" data-provider="features" finished-at="2024-04-15T15:02:57Z" duration-ms="25948" status="PASS">
          <params>
            <param index="0">
              <value>
                <![CDATA[Institution Admin - Check the flow of New Mail Edit]]>
              </value>
            </param>
          </params>
          <reporter-output>
            <line>
              <![CDATA[Completed executing following method : AbstractTestNGCucumberTests.feature]]>
            </line>
            <line>
              <![CDATA[Test Method resides in com.cucumber.TestRunner.AdminGeneratedCertificatesNewMailEditRunner]]>
            </line>
            <line>
              <![CDATA[Test Method had the following parameters : nullInstitution Admin - Check the flow of New Mail Edit,]]>
            </line>
            <line>
              <![CDATA[Test Status: Pass]]>
            </line>
          </reporter-output>
        </test-method> <!-- feature -->
        <test-method is-config="true" signature="testDownClass()[pri:0, instance:com.cucumber.TestRunner.AdminGeneratedCertificatesNewMailEditRunner@505fc5a4]" started-at="2024-04-15T15:02:57Z" name="testDownClass" finished-at="2024-04-15T15:02:57Z" duration-ms="301" status="PASS">
          <reporter-output>
            <line>
              <![CDATA[Completed executing following method : AdminGeneratedCertificatesNewMailEditRunner.testDownClass]]>
            </line>
          </reporter-output>
        </test-method> <!-- testDownClass -->
        <test-method is-config="true" signature="tearDownClass()[pri:0, instance:com.cucumber.TestRunner.AdminGeneratedCertificatesNewMailEditRunner@505fc5a4]" started-at="2024-04-15T15:02:57Z" name="tearDownClass" finished-at="2024-04-15T15:02:58Z" duration-ms="517" status="PASS">
          <reporter-output>
            <line>
              <![CDATA[Completed executing following method : AbstractTestNGCucumberTests.tearDownClass]]>
            </line>
          </reporter-output>
        </test-method> <!-- tearDownClass -->
      </class> <!-- com.cucumber.TestRunner.AdminGeneratedCertificatesNewMailEditRunner -->
    </test> <!-- ChromeBrowser -->
  </suite> <!-- Sapphirus Systems Pvt Ltd -->
</testng-results>
