<?xml version="1.0" encoding="UTF-8"?>
<!-- Generated by org.testng.reporters.JUnitXMLReporter -->
<testsuite hostname="DESKTOP-DSBT63E" failures="7" tests="72" name="ChromeBrowser" time="2608.162" errors="0" timestamp="3 Apr 2024 13:20:35 GMT">
  <testcase classname="com.cucumber.TestRunner.OrgMgmtChangePasswordRunner" name="feature" time="55.222"/>
  <testcase classname="com.cucumber.TestRunner.OrgMgmtLaunchTheApplicationRunner" name="feature" time="0.047"/>
  <testcase classname="com.cucumber.TestRunner.OrgMgmtUpdateProfileRunner" name="feature" time="72.66"/>
  <testcase classname="com.cucumber.TestRunner.OrgMgmtViewInstitutionsRunner" name="feature" time="72.602"/>
  <testcase classname="com.cucumber.TestRunner.OrgSalesChangePasswordRunner" name="feature" time="56.665"/>
  <testcase classname="com.cucumber.TestRunner.OrgSalesLaunchTheApplicationRunner" name="feature" time="0.077"/>
  <testcase classname="com.cucumber.TestRunner.OrgSalesViewInstitutionsRunner" name="feature" time="80.53"/>
  <testcase classname="com.cucumber.TestRunner.OrgSalesViewUserListRunner" name="feature" time="46.561"/>
  <testcase classname="com.cucumber.TestRunner.OrgSalesReceiptsRunner" name="feature" time="76.073"/>
  <testcase classname="com.cucumber.TestRunner.AdminCertificateApprovalsRunner" name="feature" time="19.722"/>
  <testcase classname="com.cucumber.TestRunner.AdminAddCertificateTypeRunner" name="feature" time="30.343"/>
  <testcase classname="com.cucumber.TestRunner.AdminAddCertificateNameRunner" name="feature" time="24.008"/>
  <testcase classname="com.cucumber.TestRunner.AdminRateContractListRunner" name="feature" time="32.84"/>
  <testcase classname="com.cucumber.TestRunner.AdminCreditsListRunner" name="feature" time="46.149">
    <failure type="cucumber.runtime.CucumberException" message="org.openqa.selenium.TimeoutException: Expected condition failed: waiting for visibility of [[ChromeDriver: chrome on windows (abeb6594b6f387aa44af2a992490e214)] -&amp;gt; xpath: //a[text()=&amp;apos;Credits List &amp;apos;]] (tried for 30 second(s) with 8000 milliseconds interval)
Build info: version: &amp;apos;4.12.1&amp;apos;, revision: &amp;apos;8e34639b11&amp;apos;
System info: os.name: &amp;apos;Windows 10&amp;apos;, os.arch: &amp;apos;amd64&amp;apos;, os.version: &amp;apos;10.0&amp;apos;, java.version: &amp;apos;11.0.20&amp;apos;
Driver info: driver.version: unknown">
      <![CDATA[cucumber.runtime.CucumberException: org.openqa.selenium.TimeoutException: Expected condition failed: waiting for visibility of [[ChromeDriver: chrome on windows (abeb6594b6f387aa44af2a992490e214)] -> xpath: //a[text()='Credits List ']] (tried for 30 second(s) with 8000 milliseconds interval)
Build info: version: '4.12.1', revision: '8e34639b11'
System info: os.name: 'Windows 10', os.arch: 'amd64', os.version: '10.0', java.version: '11.0.20'
Driver info: driver.version: unknown
	at cucumber.api.testng.TestNGCucumberRunner.runCucumber(TestNGCucumberRunner.java:69)
	at cucumber.api.testng.AbstractTestNGCucumberTests.feature(AbstractTestNGCucumberTests.java:21)
Caused by: org.openqa.selenium.TimeoutException: Expected condition failed: waiting for visibility of [[ChromeDriver: chrome on windows (abeb6594b6f387aa44af2a992490e214)] -> xpath: //a[text()='Credits List ']] (tried for 30 second(s) with 8000 milliseconds interval)
Build info: version: '4.12.1', revision: '8e34639b11'
System info: os.name: 'Windows 10', os.arch: 'amd64', os.version: '10.0', java.version: '11.0.20'
Driver info: driver.version: unknown
	at org.openqa.selenium.support.ui.FluentWait.timeoutException(FluentWait.java:262)
	at org.openqa.selenium.support.ui.FluentWait.until(FluentWait.java:230)
	at com.cucumber.TestBase.TestBase.waitForElement(TestBase.java:84)
	at com.cucumber.PageObjects.AdminCreditsListPageObjects.ClickonCreditslist(AdminCreditsListPageObjects.java:58)
	at com.cucumber.stepdefination.AdminCreditsListSteps.click_on_Credits_list(AdminCreditsListSteps.java:41)
	at ✽.Then Click on Credits list(src/test/resources/features/AdminCreditsList.feature:8)
... Removed 24 stack frames]]>
    </failure>
  </testcase> <!-- feature -->
  <testcase classname="com.cucumber.TestRunner.AdminGeneratedCertificatesRunner" name="feature" time="52.908">
    <failure type="cucumber.runtime.CucumberException" message="org.openqa.selenium.NoSuchElementException: no such element: Unable to locate element: {&amp;quot;method&amp;quot;:&amp;quot;xpath&amp;quot;,&amp;quot;selector&amp;quot;:&amp;quot;//i[@class=&amp;apos;fa fa-undo mx-2&amp;apos;]&amp;quot;}
  (Session info: chrome=123.0.6312.106)
For documentation on this error, please visit: https://www.selenium.dev/documentation/webdriver/troubleshooting/errors#no-such-element-exception
Build info: version: &amp;apos;4.12.1&amp;apos;, revision: &amp;apos;8e34639b11&amp;apos;
System info: os.name: &amp;apos;Windows 10&amp;apos;, os.arch: &amp;apos;amd64&amp;apos;, os.version: &amp;apos;10.0&amp;apos;, java.version: &amp;apos;11.0.20&amp;apos;
Driver info: org.openqa.selenium.chrome.ChromeDriver
Command: [455dc9f7c7cd5b698e47561fdc074b8b, findElement {using=xpath, value=//i[@class=&amp;apos;fa fa-undo mx-2&amp;apos;]}]
Capabilities {acceptInsecureCerts: false, browserName: chrome, browserVersion: 123.0.6312.106, chrome: {chromedriverVersion: 123.0.6312.58 (6b4b19e9dfbb..., userDataDir: C:\Users\admin\AppData\Loca...}, fedcm:accounts: true, goog:chromeOptions: {debuggerAddress: localhost:60420}, networkConnectionEnabled: false, pageLoadStrategy: normal, platformName: windows, proxy: Proxy(), se:cdp: ws://localhost:60420/devtoo..., se:cdpVersion: 123.0.6312.106, setWindowRect: true, strictFileInteractability: false, timeouts: {implicit: 0, pageLoad: 300000, script: 30000}, unhandledPromptBehavior: dismiss and notify, webauthn:extension:credBlob: true, webauthn:extension:largeBlob: true, webauthn:extension:minPinLength: true, webauthn:extension:prf: true, webauthn:virtualAuthenticators: true}
Session ID: 455dc9f7c7cd5b698e47561fdc074b8b">
      <![CDATA[cucumber.runtime.CucumberException: org.openqa.selenium.NoSuchElementException: no such element: Unable to locate element: {"method":"xpath","selector":"//i[@class='fa fa-undo mx-2']"}
  (Session info: chrome=123.0.6312.106)
For documentation on this error, please visit: https://www.selenium.dev/documentation/webdriver/troubleshooting/errors#no-such-element-exception
Build info: version: '4.12.1', revision: '8e34639b11'
System info: os.name: 'Windows 10', os.arch: 'amd64', os.version: '10.0', java.version: '11.0.20'
Driver info: org.openqa.selenium.chrome.ChromeDriver
Command: [455dc9f7c7cd5b698e47561fdc074b8b, findElement {using=xpath, value=//i[@class='fa fa-undo mx-2']}]
Capabilities {acceptInsecureCerts: false, browserName: chrome, browserVersion: 123.0.6312.106, chrome: {chromedriverVersion: 123.0.6312.58 (6b4b19e9dfbb..., userDataDir: C:\Users\admin\AppData\Loca...}, fedcm:accounts: true, goog:chromeOptions: {debuggerAddress: localhost:60420}, networkConnectionEnabled: false, pageLoadStrategy: normal, platformName: windows, proxy: Proxy(), se:cdp: ws://localhost:60420/devtoo..., se:cdpVersion: 123.0.6312.106, setWindowRect: true, strictFileInteractability: false, timeouts: {implicit: 0, pageLoad: 300000, script: 30000}, unhandledPromptBehavior: dismiss and notify, webauthn:extension:credBlob: true, webauthn:extension:largeBlob: true, webauthn:extension:minPinLength: true, webauthn:extension:prf: true, webauthn:virtualAuthenticators: true}
Session ID: 455dc9f7c7cd5b698e47561fdc074b8b
	at cucumber.api.testng.TestNGCucumberRunner.runCucumber(TestNGCucumberRunner.java:69)
	at cucumber.api.testng.AbstractTestNGCucumberTests.feature(AbstractTestNGCucumberTests.java:21)
Caused by: org.openqa.selenium.NoSuchElementException: no such element: Unable to locate element: {"method":"xpath","selector":"//i[@class='fa fa-undo mx-2']"}
  (Session info: chrome=123.0.6312.106)
For documentation on this error, please visit: https://www.selenium.dev/documentation/webdriver/troubleshooting/errors#no-such-element-exception
Build info: version: '4.12.1', revision: '8e34639b11'
System info: os.name: 'Windows 10', os.arch: 'amd64', os.version: '10.0', java.version: '11.0.20'
Driver info: org.openqa.selenium.chrome.ChromeDriver
Command: [455dc9f7c7cd5b698e47561fdc074b8b, findElement {using=xpath, value=//i[@class='fa fa-undo mx-2']}]
Capabilities {acceptInsecureCerts: false, browserName: chrome, browserVersion: 123.0.6312.106, chrome: {chromedriverVersion: 123.0.6312.58 (6b4b19e9dfbb..., userDataDir: C:\Users\admin\AppData\Loca...}, fedcm:accounts: true, goog:chromeOptions: {debuggerAddress: localhost:60420}, networkConnectionEnabled: false, pageLoadStrategy: normal, platformName: windows, proxy: Proxy(), se:cdp: ws://localhost:60420/devtoo..., se:cdpVersion: 123.0.6312.106, setWindowRect: true, strictFileInteractability: false, timeouts: {implicit: 0, pageLoad: 300000, script: 30000}, unhandledPromptBehavior: dismiss and notify, webauthn:extension:credBlob: true, webauthn:extension:largeBlob: true, webauthn:extension:minPinLength: true, webauthn:extension:prf: true, webauthn:virtualAuthenticators: true}
Session ID: 455dc9f7c7cd5b698e47561fdc074b8b
	at org.openqa.selenium.remote.codec.w3c.W3CHttpResponseCodec.createException(W3CHttpResponseCodec.java:200)
	at org.openqa.selenium.remote.codec.w3c.W3CHttpResponseCodec.decode(W3CHttpResponseCodec.java:133)
	at org.openqa.selenium.remote.codec.w3c.W3CHttpResponseCodec.decode(W3CHttpResponseCodec.java:52)
	at org.openqa.selenium.remote.HttpCommandExecutor.execute(HttpCommandExecutor.java:191)
	at org.openqa.selenium.remote.service.DriverCommandExecutor.invokeExecute(DriverCommandExecutor.java:196)
	at org.openqa.selenium.remote.service.DriverCommandExecutor.execute(DriverCommandExecutor.java:171)
	at org.openqa.selenium.remote.RemoteWebDriver.execute(RemoteWebDriver.java:602)
	at org.openqa.selenium.remote.ElementLocation$ElementFinder$2.findElement(ElementLocation.java:165)
	at org.openqa.selenium.remote.ElementLocation.findElement(ElementLocation.java:59)
	at org.openqa.selenium.remote.RemoteWebDriver.findElement(RemoteWebDriver.java:359)
	at org.openqa.selenium.remote.RemoteWebDriver.findElement(RemoteWebDriver.java:353)
	at com.cucumber.PageObjects.AdminGeneratedCertificatesPageObjects.clickonRevokeiconandclickonOk(AdminGeneratedCertificatesPageObjects.java:141)
	at com.cucumber.stepdefination.AdminGeneratedCertificatesSteps.click_on_Revoke_icon_and_Click_on_Ok(AdminGeneratedCertificatesSteps.java:50)
	at ✽.Then Click on Revoke icon and Click on Ok(src/test/resources/features/AdminGeneratedCertificates.feature:10)
... Removed 28 stack frames]]>
    </failure>
  </testcase> <!-- feature -->
  <testcase classname="com.cucumber.TestRunner.AdminVerifiedCertificatesRunner" name="feature" time="57.183"/>
  <testcase classname="com.cucumber.TestRunner.AdminReceiptsRunner" name="feature" time="44.075"/>
  <testcase classname="com.cucumber.TestRunner.AdminUpdateProfileRunner" name="feature" time="27.947"/>
  <testcase classname="com.cucumber.TestRunner.AdminChangePasswordRunner" name="feature" time="29.086"/>
  <testcase classname="com.cucumber.TestRunner.AdminApprovalSettingsRunner" name="feature" time="31.682"/>
  <testcase classname="com.cucumber.TestRunner.AdminUpdateInstitutionRunner" name="feature" time="29.765"/>
  <testcase classname="com.cucumber.TestRunner.AdminRegistrationRunner" name="feature" time="28.074"/>
  <testcase classname="com.cucumber.TestRunner.UserWelcomeTextRunner" name="feature" time="11.534"/>
  <testcase classname="com.cucumber.TestRunner.UserVerifiedCertificatesWithoutEnablecheckboxesRunner" name="feature" time="15.434"/>
  <testcase classname="com.cucumber.TestRunner.UserVerificationURLRunner" name="feature" time="9.543">
    <failure type="cucumber.runtime.CucumberException" message="org.openqa.selenium.ElementClickInterceptedException: element click intercepted: Element &amp;lt;h4 style=&amp;quot;word-wrap: break-word;&amp;quot;&amp;gt;...&amp;lt;/h4&amp;gt; is not clickable at point (538, 341). Other element would receive the click: &amp;lt;div _ngcontent-nuc-c94=&amp;quot;&amp;quot; class=&amp;quot;loader-box&amp;quot;&amp;gt;...&amp;lt;/div&amp;gt;
  (Session info: chrome=123.0.6312.106)
Build info: version: &amp;apos;4.12.1&amp;apos;, revision: &amp;apos;8e34639b11&amp;apos;
System info: os.name: &amp;apos;Windows 10&amp;apos;, os.arch: &amp;apos;amd64&amp;apos;, os.version: &amp;apos;10.0&amp;apos;, java.version: &amp;apos;11.0.20&amp;apos;
Driver info: org.openqa.selenium.chrome.ChromeDriver
Command: [4b1c5e417dcc85d85ff6d0e88eccd62e, clickElement {id=f.0902D16017F50BEEE98ACFC476D6F2C6.d.A98B6FFB1AA634D5EA2F42D8EC130DB7.e.386}]
Capabilities {acceptInsecureCerts: false, browserName: chrome, browserVersion: 123.0.6312.106, chrome: {chromedriverVersion: 123.0.6312.58 (6b4b19e9dfbb..., userDataDir: C:\Users\admin\AppData\Loca...}, fedcm:accounts: true, goog:chromeOptions: {debuggerAddress: localhost:60962}, networkConnectionEnabled: false, pageLoadStrategy: normal, platformName: windows, proxy: Proxy(), se:cdp: ws://localhost:60962/devtoo..., se:cdpVersion: 123.0.6312.106, setWindowRect: true, strictFileInteractability: false, timeouts: {implicit: 0, pageLoad: 300000, script: 30000}, unhandledPromptBehavior: dismiss and notify, webauthn:extension:credBlob: true, webauthn:extension:largeBlob: true, webauthn:extension:minPinLength: true, webauthn:extension:prf: true, webauthn:virtualAuthenticators: true}
Element: [[ChromeDriver: chrome on windows (4b1c5e417dcc85d85ff6d0e88eccd62e)] -&amp;gt; xpath: //h4[contains(text(),&amp;apos;https://stage.learningchain.in/certificate-verific&amp;apos;)]]
Session ID: 4b1c5e417dcc85d85ff6d0e88eccd62e">
      <![CDATA[cucumber.runtime.CucumberException: org.openqa.selenium.ElementClickInterceptedException: element click intercepted: Element <h4 style="word-wrap: break-word;">...</h4> is not clickable at point (538, 341). Other element would receive the click: <div _ngcontent-nuc-c94="" class="loader-box">...</div>
  (Session info: chrome=123.0.6312.106)
Build info: version: '4.12.1', revision: '8e34639b11'
System info: os.name: 'Windows 10', os.arch: 'amd64', os.version: '10.0', java.version: '11.0.20'
Driver info: org.openqa.selenium.chrome.ChromeDriver
Command: [4b1c5e417dcc85d85ff6d0e88eccd62e, clickElement {id=f.0902D16017F50BEEE98ACFC476D6F2C6.d.A98B6FFB1AA634D5EA2F42D8EC130DB7.e.386}]
Capabilities {acceptInsecureCerts: false, browserName: chrome, browserVersion: 123.0.6312.106, chrome: {chromedriverVersion: 123.0.6312.58 (6b4b19e9dfbb..., userDataDir: C:\Users\admin\AppData\Loca...}, fedcm:accounts: true, goog:chromeOptions: {debuggerAddress: localhost:60962}, networkConnectionEnabled: false, pageLoadStrategy: normal, platformName: windows, proxy: Proxy(), se:cdp: ws://localhost:60962/devtoo..., se:cdpVersion: 123.0.6312.106, setWindowRect: true, strictFileInteractability: false, timeouts: {implicit: 0, pageLoad: 300000, script: 30000}, unhandledPromptBehavior: dismiss and notify, webauthn:extension:credBlob: true, webauthn:extension:largeBlob: true, webauthn:extension:minPinLength: true, webauthn:extension:prf: true, webauthn:virtualAuthenticators: true}
Element: [[ChromeDriver: chrome on windows (4b1c5e417dcc85d85ff6d0e88eccd62e)] -> xpath: //h4[contains(text(),'https://stage.learningchain.in/certificate-verific')]]
Session ID: 4b1c5e417dcc85d85ff6d0e88eccd62e
	at cucumber.api.testng.TestNGCucumberRunner.runCucumber(TestNGCucumberRunner.java:69)
	at cucumber.api.testng.AbstractTestNGCucumberTests.feature(AbstractTestNGCucumberTests.java:21)
Caused by: org.openqa.selenium.ElementClickInterceptedException: element click intercepted: Element <h4 style="word-wrap: break-word;">...</h4> is not clickable at point (538, 341). Other element would receive the click: <div _ngcontent-nuc-c94="" class="loader-box">...</div>
  (Session info: chrome=123.0.6312.106)
Build info: version: '4.12.1', revision: '8e34639b11'
System info: os.name: 'Windows 10', os.arch: 'amd64', os.version: '10.0', java.version: '11.0.20'
Driver info: org.openqa.selenium.chrome.ChromeDriver
Command: [4b1c5e417dcc85d85ff6d0e88eccd62e, clickElement {id=f.0902D16017F50BEEE98ACFC476D6F2C6.d.A98B6FFB1AA634D5EA2F42D8EC130DB7.e.386}]
Capabilities {acceptInsecureCerts: false, browserName: chrome, browserVersion: 123.0.6312.106, chrome: {chromedriverVersion: 123.0.6312.58 (6b4b19e9dfbb..., userDataDir: C:\Users\admin\AppData\Loca...}, fedcm:accounts: true, goog:chromeOptions: {debuggerAddress: localhost:60962}, networkConnectionEnabled: false, pageLoadStrategy: normal, platformName: windows, proxy: Proxy(), se:cdp: ws://localhost:60962/devtoo..., se:cdpVersion: 123.0.6312.106, setWindowRect: true, strictFileInteractability: false, timeouts: {implicit: 0, pageLoad: 300000, script: 30000}, unhandledPromptBehavior: dismiss and notify, webauthn:extension:credBlob: true, webauthn:extension:largeBlob: true, webauthn:extension:minPinLength: true, webauthn:extension:prf: true, webauthn:virtualAuthenticators: true}
Element: [[ChromeDriver: chrome on windows (4b1c5e417dcc85d85ff6d0e88eccd62e)] -> xpath: //h4[contains(text(),'https://stage.learningchain.in/certificate-verific')]]
Session ID: 4b1c5e417dcc85d85ff6d0e88eccd62e
	at org.openqa.selenium.remote.codec.w3c.W3CHttpResponseCodec.createException(W3CHttpResponseCodec.java:200)
	at org.openqa.selenium.remote.codec.w3c.W3CHttpResponseCodec.decode(W3CHttpResponseCodec.java:133)
	at org.openqa.selenium.remote.codec.w3c.W3CHttpResponseCodec.decode(W3CHttpResponseCodec.java:52)
	at org.openqa.selenium.remote.HttpCommandExecutor.execute(HttpCommandExecutor.java:191)
	at org.openqa.selenium.remote.service.DriverCommandExecutor.invokeExecute(DriverCommandExecutor.java:196)
	at org.openqa.selenium.remote.service.DriverCommandExecutor.execute(DriverCommandExecutor.java:171)
	at org.openqa.selenium.remote.RemoteWebDriver.execute(RemoteWebDriver.java:602)
	at org.openqa.selenium.remote.RemoteWebElement.execute(RemoteWebElement.java:224)
	at org.openqa.selenium.remote.RemoteWebElement.click(RemoteWebElement.java:77)
	at com.cucumber.PageObjects.UserVerificationURLObjects.ClicktheVerificationURL1(UserVerificationURLObjects.java:30)
	at com.cucumber.stepdefination.UserVerificationURLSteps.click_the_Verification_URl(UserVerificationURLSteps.java:28)
	at ✽.Then Click the Verification URL1(src/test/resources/features/UserVerificationURL.feature:7)
... Removed 27 stack frames]]>
    </failure>
  </testcase> <!-- feature -->
  <testcase classname="com.cucumber.TestRunner.UserGeneratedCertificateWithoutSelectingCheckboxesRunner" name="feature" time="33.054"/>
  <testcase classname="com.cucumber.TestRunner.UserInternalPrintingwithoutuploadingCSVfileRunner" name="feature" time="32.039"/>
  <testcase classname="com.cucumber.TestRunner.UserRecentCertificateGenerationsandVerificationsOriginalCertificatesRunner" name="feature" time="19.807"/>
  <testcase classname="com.cucumber.TestRunner.UserNewMailEditRunner" name="feature" time="21.919"/>
  <testcase classname="com.cucumber.TestRunner.UserLaunchTheApplicationRunner" name="feature" time="0.052"/>
  <testcase classname="com.cucumber.TestRunner.UserGeenrateBulkByUploadCSVFIleWithoutIssueMonthRunner" name="feature" time="45.386"/>
  <testcase classname="com.cucumber.TestRunner.UserVerifyCertificatesWithEmptyAcademicRefNumfieldRunner" name="feature" time="24.673"/>
  <testcase classname="com.cucumber.TestRunner.UserInternalPrintingCSVFileWithSpacesandDotsRunner" name="feature" time="16.761"/>
  <testcase classname="com.cucumber.TestRunner.UserInternalPrintingCSVFileWithSpacesandDotsinAcademicReferenceNumberRunner" name="feature" time="16.721"/>
  <testcase classname="com.cucumber.TestRunner.UserInternalPrintingCSVFileWithoutAcademicReferenceNumberRunner" name="feature" time="16.727"/>
  <testcase classname="com.cucumber.TestRunner.UserInternalPrintingCSVFileStudentEmailWithSpacesandDotsRunner" name="feature" time="16.827"/>
  <testcase classname="com.cucumber.TestRunner.UserRecentCertificateGenerationsandVerificationsQRCodeRunner" name="feature" time="19.878"/>
  <testcase classname="com.cucumber.TestRunner.UserGenSingleMobileWithless10digitsRunner" name="feature" time="32.303"/>
  <testcase classname="com.cucumber.TestRunner.UserGenSingleMobileWithAbove10digitsRunner" name="feature" time="32.142"/>
  <testcase classname="com.cucumber.TestRunner.UserGenSingleEmailWithMultipleSpecialcharectersRunner" name="feature" time="36.588"/>
  <testcase classname="com.cucumber.TestRunner.UserGenSingleBygivingFutureMonthandYearRunner" name="feature" time="33.862"/>
  <testcase classname="com.cucumber.TestRunner.UserGenSingleByUploadingJPGfileRunner" name="feature" time="66.717">
    <failure type="cucumber.runtime.CucumberException" message="org.openqa.selenium.NoSuchElementException: no such element: Unable to locate element: {&amp;quot;method&amp;quot;:&amp;quot;xpath&amp;quot;,&amp;quot;selector&amp;quot;:&amp;quot;//button[text()=&amp;apos;Yes, Submit&amp;apos;]&amp;quot;}
  (Session info: chrome=123.0.6312.106)
For documentation on this error, please visit: https://www.selenium.dev/documentation/webdriver/troubleshooting/errors#no-such-element-exception
Build info: version: &amp;apos;4.12.1&amp;apos;, revision: &amp;apos;8e34639b11&amp;apos;
System info: os.name: &amp;apos;Windows 10&amp;apos;, os.arch: &amp;apos;amd64&amp;apos;, os.version: &amp;apos;10.0&amp;apos;, java.version: &amp;apos;11.0.20&amp;apos;
Driver info: org.openqa.selenium.chrome.ChromeDriver
Command: [2be2effe8a46b50a19a4ed77e13d8dba, findElement {using=xpath, value=//button[text()=&amp;apos;Yes, Submit&amp;apos;]}]
Capabilities {acceptInsecureCerts: false, browserName: chrome, browserVersion: 123.0.6312.106, chrome: {chromedriverVersion: 123.0.6312.58 (6b4b19e9dfbb..., userDataDir: C:\Users\admin\AppData\Loca...}, fedcm:accounts: true, goog:chromeOptions: {debuggerAddress: localhost:61830}, networkConnectionEnabled: false, pageLoadStrategy: normal, platformName: windows, proxy: Proxy(), se:cdp: ws://localhost:61830/devtoo..., se:cdpVersion: 123.0.6312.106, setWindowRect: true, strictFileInteractability: false, timeouts: {implicit: 0, pageLoad: 300000, script: 30000}, unhandledPromptBehavior: dismiss and notify, webauthn:extension:credBlob: true, webauthn:extension:largeBlob: true, webauthn:extension:minPinLength: true, webauthn:extension:prf: true, webauthn:virtualAuthenticators: true}
Session ID: 2be2effe8a46b50a19a4ed77e13d8dba">
      <![CDATA[cucumber.runtime.CucumberException: org.openqa.selenium.NoSuchElementException: no such element: Unable to locate element: {"method":"xpath","selector":"//button[text()='Yes, Submit']"}
  (Session info: chrome=123.0.6312.106)
For documentation on this error, please visit: https://www.selenium.dev/documentation/webdriver/troubleshooting/errors#no-such-element-exception
Build info: version: '4.12.1', revision: '8e34639b11'
System info: os.name: 'Windows 10', os.arch: 'amd64', os.version: '10.0', java.version: '11.0.20'
Driver info: org.openqa.selenium.chrome.ChromeDriver
Command: [2be2effe8a46b50a19a4ed77e13d8dba, findElement {using=xpath, value=//button[text()='Yes, Submit']}]
Capabilities {acceptInsecureCerts: false, browserName: chrome, browserVersion: 123.0.6312.106, chrome: {chromedriverVersion: 123.0.6312.58 (6b4b19e9dfbb..., userDataDir: C:\Users\admin\AppData\Loca...}, fedcm:accounts: true, goog:chromeOptions: {debuggerAddress: localhost:61830}, networkConnectionEnabled: false, pageLoadStrategy: normal, platformName: windows, proxy: Proxy(), se:cdp: ws://localhost:61830/devtoo..., se:cdpVersion: 123.0.6312.106, setWindowRect: true, strictFileInteractability: false, timeouts: {implicit: 0, pageLoad: 300000, script: 30000}, unhandledPromptBehavior: dismiss and notify, webauthn:extension:credBlob: true, webauthn:extension:largeBlob: true, webauthn:extension:minPinLength: true, webauthn:extension:prf: true, webauthn:virtualAuthenticators: true}
Session ID: 2be2effe8a46b50a19a4ed77e13d8dba
	at cucumber.api.testng.TestNGCucumberRunner.runCucumber(TestNGCucumberRunner.java:69)
	at cucumber.api.testng.AbstractTestNGCucumberTests.feature(AbstractTestNGCucumberTests.java:21)
Caused by: org.openqa.selenium.NoSuchElementException: no such element: Unable to locate element: {"method":"xpath","selector":"//button[text()='Yes, Submit']"}
  (Session info: chrome=123.0.6312.106)
For documentation on this error, please visit: https://www.selenium.dev/documentation/webdriver/troubleshooting/errors#no-such-element-exception
Build info: version: '4.12.1', revision: '8e34639b11'
System info: os.name: 'Windows 10', os.arch: 'amd64', os.version: '10.0', java.version: '11.0.20'
Driver info: org.openqa.selenium.chrome.ChromeDriver
Command: [2be2effe8a46b50a19a4ed77e13d8dba, findElement {using=xpath, value=//button[text()='Yes, Submit']}]
Capabilities {acceptInsecureCerts: false, browserName: chrome, browserVersion: 123.0.6312.106, chrome: {chromedriverVersion: 123.0.6312.58 (6b4b19e9dfbb..., userDataDir: C:\Users\admin\AppData\Loca...}, fedcm:accounts: true, goog:chromeOptions: {debuggerAddress: localhost:61830}, networkConnectionEnabled: false, pageLoadStrategy: normal, platformName: windows, proxy: Proxy(), se:cdp: ws://localhost:61830/devtoo..., se:cdpVersion: 123.0.6312.106, setWindowRect: true, strictFileInteractability: false, timeouts: {implicit: 0, pageLoad: 300000, script: 30000}, unhandledPromptBehavior: dismiss and notify, webauthn:extension:credBlob: true, webauthn:extension:largeBlob: true, webauthn:extension:minPinLength: true, webauthn:extension:prf: true, webauthn:virtualAuthenticators: true}
Session ID: 2be2effe8a46b50a19a4ed77e13d8dba
	at org.openqa.selenium.remote.codec.w3c.W3CHttpResponseCodec.createException(W3CHttpResponseCodec.java:200)
	at org.openqa.selenium.remote.codec.w3c.W3CHttpResponseCodec.decode(W3CHttpResponseCodec.java:133)
	at org.openqa.selenium.remote.codec.w3c.W3CHttpResponseCodec.decode(W3CHttpResponseCodec.java:52)
	at org.openqa.selenium.remote.HttpCommandExecutor.execute(HttpCommandExecutor.java:191)
	at org.openqa.selenium.remote.service.DriverCommandExecutor.invokeExecute(DriverCommandExecutor.java:196)
	at org.openqa.selenium.remote.service.DriverCommandExecutor.execute(DriverCommandExecutor.java:171)
	at org.openqa.selenium.remote.RemoteWebDriver.execute(RemoteWebDriver.java:602)
	at org.openqa.selenium.remote.ElementLocation$ElementFinder$2.findElement(ElementLocation.java:165)
	at org.openqa.selenium.remote.ElementLocation.findElement(ElementLocation.java:59)
	at org.openqa.selenium.remote.RemoteWebDriver.findElement(RemoteWebDriver.java:359)
	at org.openqa.selenium.remote.RemoteWebDriver.findElement(RemoteWebDriver.java:353)
	at com.cucumber.PageObjects.UserGenSingleByUploadingJPGfilePageObjects.Clicknextbutton(UserGenSingleByUploadingJPGfilePageObjects.java:120)
	at com.cucumber.stepdefination.UserGenSingleByUploadingJPGfileSteps.Click_next_button(UserGenSingleByUploadingJPGfileSteps.java:58)
	at ✽.Then Click next button(src/test/resources/features/UserGenSingleByUploadingJPGfile.feature:11)
... Removed 27 stack frames]]>
    </failure>
  </testcase> <!-- feature -->
  <testcase classname="com.cucumber.TestRunner.UserGenSingleByUploadingJPEGfileRunner" name="feature" time="45.306">
    <failure type="cucumber.runtime.CucumberException" message="org.openqa.selenium.NoSuchElementException: no such element: Unable to locate element: {&amp;quot;method&amp;quot;:&amp;quot;xpath&amp;quot;,&amp;quot;selector&amp;quot;:&amp;quot;//button[text()=&amp;apos;Yes, Submit&amp;apos;]&amp;quot;}
  (Session info: chrome=123.0.6312.106)
For documentation on this error, please visit: https://www.selenium.dev/documentation/webdriver/troubleshooting/errors#no-such-element-exception
Build info: version: &amp;apos;4.12.1&amp;apos;, revision: &amp;apos;8e34639b11&amp;apos;
System info: os.name: &amp;apos;Windows 10&amp;apos;, os.arch: &amp;apos;amd64&amp;apos;, os.version: &amp;apos;10.0&amp;apos;, java.version: &amp;apos;11.0.20&amp;apos;
Driver info: org.openqa.selenium.chrome.ChromeDriver
Command: [7d62ecd2b553b104ab5de159df0087b0, findElement {using=xpath, value=//button[text()=&amp;apos;Yes, Submit&amp;apos;]}]
Capabilities {acceptInsecureCerts: false, browserName: chrome, browserVersion: 123.0.6312.106, chrome: {chromedriverVersion: 123.0.6312.58 (6b4b19e9dfbb..., userDataDir: C:\Users\admin\AppData\Loca...}, fedcm:accounts: true, goog:chromeOptions: {debuggerAddress: localhost:61902}, networkConnectionEnabled: false, pageLoadStrategy: normal, platformName: windows, proxy: Proxy(), se:cdp: ws://localhost:61902/devtoo..., se:cdpVersion: 123.0.6312.106, setWindowRect: true, strictFileInteractability: false, timeouts: {implicit: 0, pageLoad: 300000, script: 30000}, unhandledPromptBehavior: dismiss and notify, webauthn:extension:credBlob: true, webauthn:extension:largeBlob: true, webauthn:extension:minPinLength: true, webauthn:extension:prf: true, webauthn:virtualAuthenticators: true}
Session ID: 7d62ecd2b553b104ab5de159df0087b0">
      <![CDATA[cucumber.runtime.CucumberException: org.openqa.selenium.NoSuchElementException: no such element: Unable to locate element: {"method":"xpath","selector":"//button[text()='Yes, Submit']"}
  (Session info: chrome=123.0.6312.106)
For documentation on this error, please visit: https://www.selenium.dev/documentation/webdriver/troubleshooting/errors#no-such-element-exception
Build info: version: '4.12.1', revision: '8e34639b11'
System info: os.name: 'Windows 10', os.arch: 'amd64', os.version: '10.0', java.version: '11.0.20'
Driver info: org.openqa.selenium.chrome.ChromeDriver
Command: [7d62ecd2b553b104ab5de159df0087b0, findElement {using=xpath, value=//button[text()='Yes, Submit']}]
Capabilities {acceptInsecureCerts: false, browserName: chrome, browserVersion: 123.0.6312.106, chrome: {chromedriverVersion: 123.0.6312.58 (6b4b19e9dfbb..., userDataDir: C:\Users\admin\AppData\Loca...}, fedcm:accounts: true, goog:chromeOptions: {debuggerAddress: localhost:61902}, networkConnectionEnabled: false, pageLoadStrategy: normal, platformName: windows, proxy: Proxy(), se:cdp: ws://localhost:61902/devtoo..., se:cdpVersion: 123.0.6312.106, setWindowRect: true, strictFileInteractability: false, timeouts: {implicit: 0, pageLoad: 300000, script: 30000}, unhandledPromptBehavior: dismiss and notify, webauthn:extension:credBlob: true, webauthn:extension:largeBlob: true, webauthn:extension:minPinLength: true, webauthn:extension:prf: true, webauthn:virtualAuthenticators: true}
Session ID: 7d62ecd2b553b104ab5de159df0087b0
	at cucumber.api.testng.TestNGCucumberRunner.runCucumber(TestNGCucumberRunner.java:69)
	at cucumber.api.testng.AbstractTestNGCucumberTests.feature(AbstractTestNGCucumberTests.java:21)
Caused by: org.openqa.selenium.NoSuchElementException: no such element: Unable to locate element: {"method":"xpath","selector":"//button[text()='Yes, Submit']"}
  (Session info: chrome=123.0.6312.106)
For documentation on this error, please visit: https://www.selenium.dev/documentation/webdriver/troubleshooting/errors#no-such-element-exception
Build info: version: '4.12.1', revision: '8e34639b11'
System info: os.name: 'Windows 10', os.arch: 'amd64', os.version: '10.0', java.version: '11.0.20'
Driver info: org.openqa.selenium.chrome.ChromeDriver
Command: [7d62ecd2b553b104ab5de159df0087b0, findElement {using=xpath, value=//button[text()='Yes, Submit']}]
Capabilities {acceptInsecureCerts: false, browserName: chrome, browserVersion: 123.0.6312.106, chrome: {chromedriverVersion: 123.0.6312.58 (6b4b19e9dfbb..., userDataDir: C:\Users\admin\AppData\Loca...}, fedcm:accounts: true, goog:chromeOptions: {debuggerAddress: localhost:61902}, networkConnectionEnabled: false, pageLoadStrategy: normal, platformName: windows, proxy: Proxy(), se:cdp: ws://localhost:61902/devtoo..., se:cdpVersion: 123.0.6312.106, setWindowRect: true, strictFileInteractability: false, timeouts: {implicit: 0, pageLoad: 300000, script: 30000}, unhandledPromptBehavior: dismiss and notify, webauthn:extension:credBlob: true, webauthn:extension:largeBlob: true, webauthn:extension:minPinLength: true, webauthn:extension:prf: true, webauthn:virtualAuthenticators: true}
Session ID: 7d62ecd2b553b104ab5de159df0087b0
	at org.openqa.selenium.remote.codec.w3c.W3CHttpResponseCodec.createException(W3CHttpResponseCodec.java:200)
	at org.openqa.selenium.remote.codec.w3c.W3CHttpResponseCodec.decode(W3CHttpResponseCodec.java:133)
	at org.openqa.selenium.remote.codec.w3c.W3CHttpResponseCodec.decode(W3CHttpResponseCodec.java:52)
	at org.openqa.selenium.remote.HttpCommandExecutor.execute(HttpCommandExecutor.java:191)
	at org.openqa.selenium.remote.service.DriverCommandExecutor.invokeExecute(DriverCommandExecutor.java:196)
	at org.openqa.selenium.remote.service.DriverCommandExecutor.execute(DriverCommandExecutor.java:171)
	at org.openqa.selenium.remote.RemoteWebDriver.execute(RemoteWebDriver.java:602)
	at org.openqa.selenium.remote.ElementLocation$ElementFinder$2.findElement(ElementLocation.java:165)
	at org.openqa.selenium.remote.ElementLocation.findElement(ElementLocation.java:59)
	at org.openqa.selenium.remote.RemoteWebDriver.findElement(RemoteWebDriver.java:359)
	at org.openqa.selenium.remote.RemoteWebDriver.findElement(RemoteWebDriver.java:353)
	at com.cucumber.PageObjects.UserGenSingleByUploadingJPEGfilePageObjects.uploadCertificate(UserGenSingleByUploadingJPEGfilePageObjects.java:110)
	at com.cucumber.stepdefination.UserGenSingleByUploadingJPEGfileSteps.upload_the_certificate_and_submit(UserGenSingleByUploadingJPEGfileSteps.java:45)
	at ✽.And upload the certificate and submit(src/test/resources/features/UserGenSingleByUploadingJPEGfile.feature:11)
... Removed 27 stack frames]]>
    </failure>
  </testcase> <!-- feature -->
  <testcase classname="com.cucumber.TestRunner.UserGenSingleByUploadingDOCfileRunner" name="feature" time="66.169">
    <failure type="cucumber.runtime.CucumberException" message="org.openqa.selenium.NoSuchElementException: no such element: Unable to locate element: {&amp;quot;method&amp;quot;:&amp;quot;xpath&amp;quot;,&amp;quot;selector&amp;quot;:&amp;quot;//button[text()=&amp;apos;Yes, Submit&amp;apos;]&amp;quot;}
  (Session info: chrome=123.0.6312.106)
For documentation on this error, please visit: https://www.selenium.dev/documentation/webdriver/troubleshooting/errors#no-such-element-exception
Build info: version: &amp;apos;4.12.1&amp;apos;, revision: &amp;apos;8e34639b11&amp;apos;
System info: os.name: &amp;apos;Windows 10&amp;apos;, os.arch: &amp;apos;amd64&amp;apos;, os.version: &amp;apos;10.0&amp;apos;, java.version: &amp;apos;11.0.20&amp;apos;
Driver info: org.openqa.selenium.chrome.ChromeDriver
Command: [7de2b6198cb5de18a338d6086df3f980, findElement {using=xpath, value=//button[text()=&amp;apos;Yes, Submit&amp;apos;]}]
Capabilities {acceptInsecureCerts: false, browserName: chrome, browserVersion: 123.0.6312.106, chrome: {chromedriverVersion: 123.0.6312.58 (6b4b19e9dfbb..., userDataDir: C:\Users\admin\AppData\Loca...}, fedcm:accounts: true, goog:chromeOptions: {debuggerAddress: localhost:62150}, networkConnectionEnabled: false, pageLoadStrategy: normal, platformName: windows, proxy: Proxy(), se:cdp: ws://localhost:62150/devtoo..., se:cdpVersion: 123.0.6312.106, setWindowRect: true, strictFileInteractability: false, timeouts: {implicit: 0, pageLoad: 300000, script: 30000}, unhandledPromptBehavior: dismiss and notify, webauthn:extension:credBlob: true, webauthn:extension:largeBlob: true, webauthn:extension:minPinLength: true, webauthn:extension:prf: true, webauthn:virtualAuthenticators: true}
Session ID: 7de2b6198cb5de18a338d6086df3f980">
      <![CDATA[cucumber.runtime.CucumberException: org.openqa.selenium.NoSuchElementException: no such element: Unable to locate element: {"method":"xpath","selector":"//button[text()='Yes, Submit']"}
  (Session info: chrome=123.0.6312.106)
For documentation on this error, please visit: https://www.selenium.dev/documentation/webdriver/troubleshooting/errors#no-such-element-exception
Build info: version: '4.12.1', revision: '8e34639b11'
System info: os.name: 'Windows 10', os.arch: 'amd64', os.version: '10.0', java.version: '11.0.20'
Driver info: org.openqa.selenium.chrome.ChromeDriver
Command: [7de2b6198cb5de18a338d6086df3f980, findElement {using=xpath, value=//button[text()='Yes, Submit']}]
Capabilities {acceptInsecureCerts: false, browserName: chrome, browserVersion: 123.0.6312.106, chrome: {chromedriverVersion: 123.0.6312.58 (6b4b19e9dfbb..., userDataDir: C:\Users\admin\AppData\Loca...}, fedcm:accounts: true, goog:chromeOptions: {debuggerAddress: localhost:62150}, networkConnectionEnabled: false, pageLoadStrategy: normal, platformName: windows, proxy: Proxy(), se:cdp: ws://localhost:62150/devtoo..., se:cdpVersion: 123.0.6312.106, setWindowRect: true, strictFileInteractability: false, timeouts: {implicit: 0, pageLoad: 300000, script: 30000}, unhandledPromptBehavior: dismiss and notify, webauthn:extension:credBlob: true, webauthn:extension:largeBlob: true, webauthn:extension:minPinLength: true, webauthn:extension:prf: true, webauthn:virtualAuthenticators: true}
Session ID: 7de2b6198cb5de18a338d6086df3f980
	at cucumber.api.testng.TestNGCucumberRunner.runCucumber(TestNGCucumberRunner.java:69)
	at cucumber.api.testng.AbstractTestNGCucumberTests.feature(AbstractTestNGCucumberTests.java:21)
Caused by: org.openqa.selenium.NoSuchElementException: no such element: Unable to locate element: {"method":"xpath","selector":"//button[text()='Yes, Submit']"}
  (Session info: chrome=123.0.6312.106)
For documentation on this error, please visit: https://www.selenium.dev/documentation/webdriver/troubleshooting/errors#no-such-element-exception
Build info: version: '4.12.1', revision: '8e34639b11'
System info: os.name: 'Windows 10', os.arch: 'amd64', os.version: '10.0', java.version: '11.0.20'
Driver info: org.openqa.selenium.chrome.ChromeDriver
Command: [7de2b6198cb5de18a338d6086df3f980, findElement {using=xpath, value=//button[text()='Yes, Submit']}]
Capabilities {acceptInsecureCerts: false, browserName: chrome, browserVersion: 123.0.6312.106, chrome: {chromedriverVersion: 123.0.6312.58 (6b4b19e9dfbb..., userDataDir: C:\Users\admin\AppData\Loca...}, fedcm:accounts: true, goog:chromeOptions: {debuggerAddress: localhost:62150}, networkConnectionEnabled: false, pageLoadStrategy: normal, platformName: windows, proxy: Proxy(), se:cdp: ws://localhost:62150/devtoo..., se:cdpVersion: 123.0.6312.106, setWindowRect: true, strictFileInteractability: false, timeouts: {implicit: 0, pageLoad: 300000, script: 30000}, unhandledPromptBehavior: dismiss and notify, webauthn:extension:credBlob: true, webauthn:extension:largeBlob: true, webauthn:extension:minPinLength: true, webauthn:extension:prf: true, webauthn:virtualAuthenticators: true}
Session ID: 7de2b6198cb5de18a338d6086df3f980
	at org.openqa.selenium.remote.codec.w3c.W3CHttpResponseCodec.createException(W3CHttpResponseCodec.java:200)
	at org.openqa.selenium.remote.codec.w3c.W3CHttpResponseCodec.decode(W3CHttpResponseCodec.java:133)
	at org.openqa.selenium.remote.codec.w3c.W3CHttpResponseCodec.decode(W3CHttpResponseCodec.java:52)
	at org.openqa.selenium.remote.HttpCommandExecutor.execute(HttpCommandExecutor.java:191)
	at org.openqa.selenium.remote.service.DriverCommandExecutor.invokeExecute(DriverCommandExecutor.java:196)
	at org.openqa.selenium.remote.service.DriverCommandExecutor.execute(DriverCommandExecutor.java:171)
	at org.openqa.selenium.remote.RemoteWebDriver.execute(RemoteWebDriver.java:602)
	at org.openqa.selenium.remote.ElementLocation$ElementFinder$2.findElement(ElementLocation.java:165)
	at org.openqa.selenium.remote.ElementLocation.findElement(ElementLocation.java:59)
	at org.openqa.selenium.remote.RemoteWebDriver.findElement(RemoteWebDriver.java:359)
	at org.openqa.selenium.remote.RemoteWebDriver.findElement(RemoteWebDriver.java:353)
	at com.cucumber.PageObjects.UserGenSingleByUploadingDOCfilePageObjects.clickbynextbutton(UserGenSingleByUploadingDOCfilePageObjects.java:121)
	at com.cucumber.stepdefination.UserGenSingleByUploadingDOCfileSteps.click_by_next_button(UserGenSingleByUploadingDOCfileSteps.java:59)
	at ✽.Then click by next button(src/test/resources/features/UserGenSingleByUploadingDOCfile.feature:11)
... Removed 27 stack frames]]>
    </failure>
  </testcase> <!-- feature -->
  <testcase classname="com.cucumber.TestRunner.UserGenSingleByUploadingDOCXfileRunner" name="feature" time="68.958">
    <failure type="cucumber.runtime.CucumberException" message="org.openqa.selenium.NoSuchElementException: no such element: Unable to locate element: {&amp;quot;method&amp;quot;:&amp;quot;xpath&amp;quot;,&amp;quot;selector&amp;quot;:&amp;quot;(//button[text()=&amp;apos;No&amp;apos;])[2]&amp;quot;}
  (Session info: chrome=123.0.6312.106)
For documentation on this error, please visit: https://www.selenium.dev/documentation/webdriver/troubleshooting/errors#no-such-element-exception
Build info: version: &amp;apos;4.12.1&amp;apos;, revision: &amp;apos;8e34639b11&amp;apos;
System info: os.name: &amp;apos;Windows 10&amp;apos;, os.arch: &amp;apos;amd64&amp;apos;, os.version: &amp;apos;10.0&amp;apos;, java.version: &amp;apos;11.0.20&amp;apos;
Driver info: org.openqa.selenium.chrome.ChromeDriver
Command: [50c57fd166cbfb5e8866f2d575cf59fa, findElement {using=xpath, value=(//button[text()=&amp;apos;No&amp;apos;])[2]}]
Capabilities {acceptInsecureCerts: false, browserName: chrome, browserVersion: 123.0.6312.106, chrome: {chromedriverVersion: 123.0.6312.58 (6b4b19e9dfbb..., userDataDir: C:\Users\admin\AppData\Loca...}, fedcm:accounts: true, goog:chromeOptions: {debuggerAddress: localhost:62261}, networkConnectionEnabled: false, pageLoadStrategy: normal, platformName: windows, proxy: Proxy(), se:cdp: ws://localhost:62261/devtoo..., se:cdpVersion: 123.0.6312.106, setWindowRect: true, strictFileInteractability: false, timeouts: {implicit: 0, pageLoad: 300000, script: 30000}, unhandledPromptBehavior: dismiss and notify, webauthn:extension:credBlob: true, webauthn:extension:largeBlob: true, webauthn:extension:minPinLength: true, webauthn:extension:prf: true, webauthn:virtualAuthenticators: true}
Session ID: 50c57fd166cbfb5e8866f2d575cf59fa">
      <![CDATA[cucumber.runtime.CucumberException: org.openqa.selenium.NoSuchElementException: no such element: Unable to locate element: {"method":"xpath","selector":"(//button[text()='No'])[2]"}
  (Session info: chrome=123.0.6312.106)
For documentation on this error, please visit: https://www.selenium.dev/documentation/webdriver/troubleshooting/errors#no-such-element-exception
Build info: version: '4.12.1', revision: '8e34639b11'
System info: os.name: 'Windows 10', os.arch: 'amd64', os.version: '10.0', java.version: '11.0.20'
Driver info: org.openqa.selenium.chrome.ChromeDriver
Command: [50c57fd166cbfb5e8866f2d575cf59fa, findElement {using=xpath, value=(//button[text()='No'])[2]}]
Capabilities {acceptInsecureCerts: false, browserName: chrome, browserVersion: 123.0.6312.106, chrome: {chromedriverVersion: 123.0.6312.58 (6b4b19e9dfbb..., userDataDir: C:\Users\admin\AppData\Loca...}, fedcm:accounts: true, goog:chromeOptions: {debuggerAddress: localhost:62261}, networkConnectionEnabled: false, pageLoadStrategy: normal, platformName: windows, proxy: Proxy(), se:cdp: ws://localhost:62261/devtoo..., se:cdpVersion: 123.0.6312.106, setWindowRect: true, strictFileInteractability: false, timeouts: {implicit: 0, pageLoad: 300000, script: 30000}, unhandledPromptBehavior: dismiss and notify, webauthn:extension:credBlob: true, webauthn:extension:largeBlob: true, webauthn:extension:minPinLength: true, webauthn:extension:prf: true, webauthn:virtualAuthenticators: true}
Session ID: 50c57fd166cbfb5e8866f2d575cf59fa
	at cucumber.api.testng.TestNGCucumberRunner.runCucumber(TestNGCucumberRunner.java:69)
	at cucumber.api.testng.AbstractTestNGCucumberTests.feature(AbstractTestNGCucumberTests.java:21)
Caused by: org.openqa.selenium.NoSuchElementException: no such element: Unable to locate element: {"method":"xpath","selector":"(//button[text()='No'])[2]"}
  (Session info: chrome=123.0.6312.106)
For documentation on this error, please visit: https://www.selenium.dev/documentation/webdriver/troubleshooting/errors#no-such-element-exception
Build info: version: '4.12.1', revision: '8e34639b11'
System info: os.name: 'Windows 10', os.arch: 'amd64', os.version: '10.0', java.version: '11.0.20'
Driver info: org.openqa.selenium.chrome.ChromeDriver
Command: [50c57fd166cbfb5e8866f2d575cf59fa, findElement {using=xpath, value=(//button[text()='No'])[2]}]
Capabilities {acceptInsecureCerts: false, browserName: chrome, browserVersion: 123.0.6312.106, chrome: {chromedriverVersion: 123.0.6312.58 (6b4b19e9dfbb..., userDataDir: C:\Users\admin\AppData\Loca...}, fedcm:accounts: true, goog:chromeOptions: {debuggerAddress: localhost:62261}, networkConnectionEnabled: false, pageLoadStrategy: normal, platformName: windows, proxy: Proxy(), se:cdp: ws://localhost:62261/devtoo..., se:cdpVersion: 123.0.6312.106, setWindowRect: true, strictFileInteractability: false, timeouts: {implicit: 0, pageLoad: 300000, script: 30000}, unhandledPromptBehavior: dismiss and notify, webauthn:extension:credBlob: true, webauthn:extension:largeBlob: true, webauthn:extension:minPinLength: true, webauthn:extension:prf: true, webauthn:virtualAuthenticators: true}
Session ID: 50c57fd166cbfb5e8866f2d575cf59fa
	at org.openqa.selenium.remote.codec.w3c.W3CHttpResponseCodec.createException(W3CHttpResponseCodec.java:200)
	at org.openqa.selenium.remote.codec.w3c.W3CHttpResponseCodec.decode(W3CHttpResponseCodec.java:133)
	at org.openqa.selenium.remote.codec.w3c.W3CHttpResponseCodec.decode(W3CHttpResponseCodec.java:52)
	at org.openqa.selenium.remote.HttpCommandExecutor.execute(HttpCommandExecutor.java:191)
	at org.openqa.selenium.remote.service.DriverCommandExecutor.invokeExecute(DriverCommandExecutor.java:196)
	at org.openqa.selenium.remote.service.DriverCommandExecutor.execute(DriverCommandExecutor.java:171)
	at org.openqa.selenium.remote.RemoteWebDriver.execute(RemoteWebDriver.java:602)
	at org.openqa.selenium.remote.ElementLocation$ElementFinder$2.findElement(ElementLocation.java:165)
	at org.openqa.selenium.remote.ElementLocation.findElement(ElementLocation.java:59)
	at org.openqa.selenium.remote.RemoteWebDriver.findElement(RemoteWebDriver.java:359)
	at org.openqa.selenium.remote.RemoteWebDriver.findElement(RemoteWebDriver.java:353)
	at com.cucumber.PageObjects.UserGenSingleByUploadingDOCXfilePageObjects.ClickbyNextButton(UserGenSingleByUploadingDOCXfilePageObjects.java:122)
	at com.cucumber.stepdefination.UserGenSingleByUploadingDOCXfileSteps.click_by_Next_Button(UserGenSingleByUploadingDOCXfileSteps.java:61)
	at ✽.Then Click by Next Button(src/test/resources/features/UserGenSingleByUploadingDOCXfile.feature:11)
... Removed 27 stack frames]]>
    </failure>
  </testcase> <!-- feature -->
  <testcase classname="com.cucumber.TestRunner.UserGuidelinesRunner" name="feature" time="29.004"/>
  <testcase classname="com.cucumber.TestRunner.UserInternalPrintingByUploadingCSVWithInvalidIssueYearandMonthRunner" name="feature" time="40.081"/>
  <testcase classname="com.cucumber.TestRunner.UserGenerateBulkByUploadingCombinationOffilesRunner" name="feature" time="43.764"/>
  <testcase classname="com.cucumber.TestRunner.UserGenerateBulkByUploadingDOCfileRunner" name="feature" time="17.835"/>
  <testcase classname="com.cucumber.TestRunner.UserGenerateBulkByUploadingDOCXfileRunner" name="feature" time="17.059"/>
  <testcase classname="com.cucumber.TestRunner.UserGenerateBulkByUploadingJPEGfileRunner" name="feature" time="17.869"/>
  <testcase classname="com.cucumber.TestRunner.UserGenerateBulkByUploadingJPGfileRunner" name="feature" time="17.956"/>
  <testcase classname="com.cucumber.TestRunner.UserGenerateBulkByUploadingPDFfileRunner" name="feature" time="21.006"/>
  <testcase classname="com.cucumber.TestRunner.UserGenerateBulkUploadingandRemovethefileRunner" name="feature" time="16.663"/>
  <testcase classname="com.cucumber.TestRunner.UserGenerateBulkWithoutSelectingCertificatetypeRunner" name="feature" time="18.34"/>
  <testcase classname="com.cucumber.TestRunner.AdminGeneratedCertificatesNewMailEditRunner" name="feature" time="25.114"/>
  <testcase classname="com.cucumber.TestRunner.AdminRecentCertificateGenerationsandVerificationsOriginalCertificatesRunner" name="feature" time="22.892"/>
  <testcase classname="com.cucumber.TestRunner.AdminRecentCertificateGenerationsandVerificationsQRCodeRunner" name="feature" time="18.905"/>
  <testcase classname="com.cucumber.TestRunner.AdminRecentCertificateGenerationsandVerificationsSendMailRunner" name="feature" time="25.351"/>
  <testcase classname="com.cucumber.TestRunner.AdminRecentCertificateGenerationsRecallRunner" name="feature" time="22.933"/>
  <testcase classname="com.cucumber.TestRunner.AdminRecentCertificateGenerationsRevokeRunner" name="feature" time="20.827"/>
  <testcase classname="com.cucumber.TestRunner.UserInternalPrintingCSVFileStudentEmailWithoutSpecialCharectersRunner" name="feature" time="16.736"/>
  <testcase classname="com.cucumber.TestRunner.UserInternalPrintingCSVFIleStudentNameWithAlphabetsandNumericsRunner" name="feature" time="40.159"/>
  <testcase classname="com.cucumber.TestRunner.UserInternalPrintingUploadCSVFIleWithoutEmailIdRunner" name="feature" time="38.127"/>
  <testcase classname="com.cucumber.TestRunner.UserGenerateBulkUploadCSVFileEmailIDWithSpacesandDotsRunner" name="feature" time="49.639"/>
  <testcase classname="com.cucumber.TestRunner.UserGenerateBulkByUploadingWithEmptyAcademicRefNumColumnRunner" name="feature" time="45.263"/>
  <testcase classname="com.cucumber.TestRunner.UserGenerateBulkByUploadCSVFIleWithInvalidCertificateNameRunner" name="feature" time="45.118"/>
  <testcase classname="com.cucumber.TestRunner.UserInternalPrintingByUploadInvalidCSVFileRunner" name="feature" time="40.251"/>
  <testcase classname="com.cucumber.TestRunner.UserInternalPrintingCSVFileStudentEmailWithAlphabetsandNumericsRunner" name="feature" time="16.778"/>
  <testcase classname="com.cucumber.TestRunner.UserRecentCertificateGenerationsRevokeRunner" name="feature" time="17.938"/>
  <testcase classname="com.cucumber.TestRunner.UserRecentCertificateGenerationsRecallRunner" name="feature" time="17.911"/>
  <testcase classname="com.cucumber.TestRunner.UserGeneratedCertificatesWithoutEnablecheckboxesRunner" name="feature" time="33.11"/>
</testsuite> <!-- ChromeBrowser -->
