<html>
<head>
<title>TestNG:  ChromeBrowser</title>
<link href="../testng.css" rel="stylesheet" type="text/css" />
<link href="../my-testng.css" rel="stylesheet" type="text/css" />

<style type="text/css">
.log { display: none;} 
.stack-trace { display: none;} 
</style>
<script type="text/javascript">
<!--
function flip(e) {
  current = e.style.display;
  if (current == 'block') {
    e.style.display = 'none';
    return 0;
  }
  else {
    e.style.display = 'block';
    return 1;
  }
}

function toggleBox(szDivId, elem, msg1, msg2)
{
  var res = -1;  if (document.getElementById) {
    res = flip(document.getElementById(szDivId));
  }
  else if (document.all) {
    // this is the way old msie versions work
    res = flip(document.all[szDivId]);
  }
  if(elem) {
    if(res == 0) elem.innerHTML = msg1; else elem.innerHTML = msg2;
  }

}

function toggleAllBoxes() {
  if (document.getElementsByTagName) {
    d = document.getElementsByTagName('div');
    for (i = 0; i < d.length; i++) {
      if (d[i].className == 'log') {
        flip(d[i]);
      }
    }
  }
}

// -->
</script>

</head>
<body>
<h2 align='center'>ChromeBrowser</h2><table border='1' align="center">
<tr>
<td>Tests passed/Failed/Skipped:</td><td>86/9/1</td>
</tr><tr>
<td>Started on:</td><td>Tue Apr 02 17:31:42 IST 2024</td>
</tr>
<tr><td>Total time:</td><td>2751 seconds (2751366 ms)</td>
</tr><tr>
<td>Included groups:</td><td></td>
</tr><tr>
<td>Excluded groups:</td><td></td>
</tr>
</table><p/>
<small><i>(Hover the method name to see the test class name)</i></small><p/>
<table width='100%' border='1' class='invocation-failed'>
<tr><td colspan='4' align='center'><b>FAILED TESTS</b></td></tr>
<tr><td><b>Test method</b></td>
<td width="30%"><b>Exception</b></td>
<td width="10%"><b>Time (seconds)</b></td>
<td><b>Instance</b></td>
</tr>
<tr>
<td title='com.cucumber.TestRunner.OrgSalesViewInstitutionsRunner.feature()'><b>feature</b><br>Test class: com.cucumber.TestRunner.OrgSalesViewInstitutionsRunner<br>Test method: Runs Cucumber Feature<br>Parameters: Organisation Sales - Check the flow of View Institutions<br/>
<a href="#Output-628513353" onClick='toggleBox("Output-628513353", this, "Show output", "Hide output");'>Show output</a>

<a href="#Output-628513353" onClick="toggleAllBoxes();">Show all outputs</a>
<div class='log' id="Output-628513353">
Completed executing following method : AbstractTestNGCucumberTests.feature<br/>
Test Method resides in com.cucumber.TestRunner.OrgSalesViewInstitutionsRunner<br/>
Test Method had the following parameters : nullOrganisation Sales - Check the flow of View Institutions,<br/>
Test Status: Failed<br/>
</div>
</td>
<td><div><pre>cucumber.runtime.CucumberException: org.openqa.selenium.NoSuchElementException: no such element: Unable to locate element: {&quot;method&quot;:&quot;xpath&quot;,&quot;selector&quot;:&quot;//a[normalize-space()=&apos;Institutions&apos;]&quot;}
  (Session info: chrome=123.0.6312.86)
For documentation on this error, please visit: https://www.selenium.dev/documentation/webdriver/troubleshooting/errors#no-such-element-exception
Build info: version: &apos;4.12.1&apos;, revision: &apos;8e34639b11&apos;
System info: os.name: &apos;Windows 10&apos;, os.arch: &apos;amd64&apos;, os.version: &apos;10.0&apos;, java.version: &apos;11.0.20&apos;
Driver info: org.openqa.selenium.chrome.ChromeDriver
Command: [a8d4f7d63e8e3c1c15d8350437e474f9, findElement {using=xpath, value=//a[normalize-space()=&apos;Institutions&apos;]}]
Capabilities {acceptInsecureCerts: false, browserName: chrome, browserVersion: 123.0.6312.86, chrome: {chromedriverVersion: 123.0.6312.58 (6b4b19e9dfbb..., userDataDir: C:\Users\admin\AppData\Loca...}, fedcm:accounts: true, goog:chromeOptions: {debuggerAddress: localhost:61106}, networkConnectionEnabled: false, pageLoadStrategy: normal, platformName: windows, proxy: Proxy(), se:cdp: ws://localhost:61106/devtoo..., se:cdpVersion: 123.0.6312.86, setWindowRect: true, strictFileInteractability: false, timeouts: {implicit: 0, pageLoad: 300000, script: 30000}, unhandledPromptBehavior: dismiss and notify, webauthn:extension:credBlob: true, webauthn:extension:largeBlob: true, webauthn:extension:minPinLength: true, webauthn:extension:prf: true, webauthn:virtualAuthenticators: true}
Session ID: a8d4f7d63e8e3c1c15d8350437e474f9
	at cucumber.api.testng.TestNGCucumberRunner.runCucumber(TestNGCucumberRunner.java:69)
	at cucumber.api.testng.AbstractTestNGCucumberTests.feature(AbstractTestNGCucumberTests.java:21)
Caused by: org.openqa.selenium.NoSuchElementException: no such element: Unable to locate element: {&quot;method&quot;:&quot;xpath&quot;,&quot;selector&quot;:&quot;//a[normalize-space()=&apos;Institutions&apos;]&quot;}
  (Session info: chrome=123.0.6312.86)
For documentation on this error, please visit: https://www.selenium.dev/documentation/webdriver/troubleshooting/errors#no-such-element-exception
Build info: version: &apos;4.12.1&apos;, revision: &apos;8e34639b11&apos;
System info: os.name: &apos;Windows 10&apos;, os.arch: &apos;amd64&apos;, os.version: &apos;10.0&apos;, java.version: &apos;11.0.20&apos;
Driver info: org.openqa.selenium.chrome.ChromeDriver
Command: [a8d4f7d63e8e3c1c15d8350437e474f9, findElement {using=xpath, value=//a[normalize-space()=&apos;Institutions&apos;]}]
Capabilities {acceptInsecureCerts: false, browserName: chrome, browserVersion: 123.0.6312.86, chrome: {chromedriverVersion: 123.0.6312.58 (6b4b19e9dfbb..., userDataDir: C:\Users\admin\AppData\Loca...}, fedcm:accounts: true, goog:chromeOptions: {debuggerAddress: localhost:61106}, networkConnectionEnabled: false, pageLoadStrategy: normal, platformName: windows, proxy: Proxy(), se:cdp: ws://localhost:61106/devtoo..., se:cdpVersion: 123.0.6312.86, setWindowRect: true, strictFileInteractability: false, timeouts: {implicit: 0, pageLoad: 300000, script: 30000}, unhandledPromptBehavior: dismiss and notify, webauthn:extension:credBlob: true, webauthn:extension:largeBlob: true, webauthn:extension:minPinLength: true, webauthn:extension:prf: true, webauthn:virtualAuthenticators: true}
Session ID: a8d4f7d63e8e3c1c15d8350437e474f9
	at org.openqa.selenium.remote.codec.w3c.W3CHttpResponseCodec.createException(W3CHttpResponseCodec.java:200)
	at org.openqa.selenium.remote.codec.w3c.W3CHttpResponseCodec.decode(W3CHttpResponseCodec.java:133)
	at org.openqa.selenium.remote.codec.w3c.W3CHttpResponseCodec.decode(W3CHttpResponseCodec.java:52)
	at org.openqa.selenium.remote.HttpCommandExecutor.execute(HttpCommandExecutor.java:191)
	at org.openqa.selenium.remote.service.DriverCommandExecutor.invokeExecute(DriverCommandExecutor.java:196)
	at org.openqa.selenium.remote.service.DriverCommandExecutor.execute(DriverCommandExecutor.java:171)
	at org.openqa.selenium.remote.RemoteWebDriver.execute(RemoteWebDriver.java:602)
	at org.openqa.selenium.remote.ElementLocation$ElementFinder$2.findElement(ElementLocation.java:165)
	at org.openqa.selenium.remote.ElementLocation.findElement(ElementLocation.java:59)
	at org.openqa.selenium.remote.RemoteWebDriver.findElement(RemoteWebDriver.java:359)
	at org.openqa.selenium.remote.RemoteWebDriver.findElement(RemoteWebDriver.java:353)
	at com.cucumber.PageObjects.OrgSalesViewInstitutionsPageObjects.clicktheinstitutionsoption(OrgSalesViewInstitutionsPageObjects.java:46)
	at com.cucumber.stepdefination.OrgSalesViewInstitutionsSteps.click_the_institutions_option(OrgSalesViewInstitutionsSteps.java:34)
	at ✽.When click the institutions option(src/test/resources/features/OrgSalesViewInstitutions.feature:7)
... Removed 28 stack frames</pre></div><a href='#' onClick='toggleBox("stack-trace628513353", this, "Click to show all stack frames", "Click to hide stack frames")'>Click to show all stack frames</a>
<div class='stack-trace' id='stack-trace628513353'><pre>cucumber.runtime.CucumberException: org.openqa.selenium.NoSuchElementException: no such element: Unable to locate element: {&quot;method&quot;:&quot;xpath&quot;,&quot;selector&quot;:&quot;//a[normalize-space()=&apos;Institutions&apos;]&quot;}
  (Session info: chrome=123.0.6312.86)
For documentation on this error, please visit: https://www.selenium.dev/documentation/webdriver/troubleshooting/errors#no-such-element-exception
Build info: version: &apos;4.12.1&apos;, revision: &apos;8e34639b11&apos;
System info: os.name: &apos;Windows 10&apos;, os.arch: &apos;amd64&apos;, os.version: &apos;10.0&apos;, java.version: &apos;11.0.20&apos;
Driver info: org.openqa.selenium.chrome.ChromeDriver
Command: [a8d4f7d63e8e3c1c15d8350437e474f9, findElement {using=xpath, value=//a[normalize-space()=&apos;Institutions&apos;]}]
Capabilities {acceptInsecureCerts: false, browserName: chrome, browserVersion: 123.0.6312.86, chrome: {chromedriverVersion: 123.0.6312.58 (6b4b19e9dfbb..., userDataDir: C:\Users\admin\AppData\Loca...}, fedcm:accounts: true, goog:chromeOptions: {debuggerAddress: localhost:61106}, networkConnectionEnabled: false, pageLoadStrategy: normal, platformName: windows, proxy: Proxy(), se:cdp: ws://localhost:61106/devtoo..., se:cdpVersion: 123.0.6312.86, setWindowRect: true, strictFileInteractability: false, timeouts: {implicit: 0, pageLoad: 300000, script: 30000}, unhandledPromptBehavior: dismiss and notify, webauthn:extension:credBlob: true, webauthn:extension:largeBlob: true, webauthn:extension:minPinLength: true, webauthn:extension:prf: true, webauthn:virtualAuthenticators: true}
Session ID: a8d4f7d63e8e3c1c15d8350437e474f9
	at cucumber.api.testng.TestNGCucumberRunner.runCucumber(TestNGCucumberRunner.java:69)
	at cucumber.api.testng.AbstractTestNGCucumberTests.feature(AbstractTestNGCucumberTests.java:21)
	at java.base/jdk.internal.reflect.NativeMethodAccessorImpl.invoke0(Native Method)
	at java.base/jdk.internal.reflect.NativeMethodAccessorImpl.invoke(NativeMethodAccessorImpl.java:62)
	at java.base/jdk.internal.reflect.DelegatingMethodAccessorImpl.invoke(DelegatingMethodAccessorImpl.java:43)
	at java.base/java.lang.reflect.Method.invoke(Method.java:566)
	at org.testng.internal.MethodInvocationHelper.invokeMethod(MethodInvocationHelper.java:86)
	at org.testng.internal.Invoker.invokeMethod(Invoker.java:643)
	at org.testng.internal.Invoker.invokeTestMethod(Invoker.java:820)
	at org.testng.internal.Invoker.invokeTestMethods(Invoker.java:1128)
	at org.testng.internal.TestMethodWorker.invokeTestMethods(TestMethodWorker.java:129)
	at org.testng.internal.TestMethodWorker.run(TestMethodWorker.java:112)
	at org.testng.TestRunner.privateRun(TestRunner.java:782)
	at org.testng.TestRunner.run(TestRunner.java:632)
	at org.testng.SuiteRunner.runTest(SuiteRunner.java:366)
	at org.testng.SuiteRunner.runSequentially(SuiteRunner.java:361)
	at org.testng.SuiteRunner.privateRun(SuiteRunner.java:319)
	at org.testng.SuiteRunner.run(SuiteRunner.java:268)
	at org.testng.SuiteRunnerWorker.runSuite(SuiteRunnerWorker.java:52)
	at org.testng.SuiteRunnerWorker.run(SuiteRunnerWorker.java:86)
	at org.testng.TestNG.runSuitesSequentially(TestNG.java:1244)
	at org.testng.TestNG.runSuitesLocally(TestNG.java:1169)
	at org.testng.TestNG.run(TestNG.java:1064)
	at org.testng.remote.AbstractRemoteTestNG.run(AbstractRemoteTestNG.java:115)
	at org.testng.remote.RemoteTestNG.initAndRun(RemoteTestNG.java:251)
	at org.testng.remote.RemoteTestNG.main(RemoteTestNG.java:77)
Caused by: org.openqa.selenium.NoSuchElementException: no such element: Unable to locate element: {&quot;method&quot;:&quot;xpath&quot;,&quot;selector&quot;:&quot;//a[normalize-space()=&apos;Institutions&apos;]&quot;}
  (Session info: chrome=123.0.6312.86)
For documentation on this error, please visit: https://www.selenium.dev/documentation/webdriver/troubleshooting/errors#no-such-element-exception
Build info: version: &apos;4.12.1&apos;, revision: &apos;8e34639b11&apos;
System info: os.name: &apos;Windows 10&apos;, os.arch: &apos;amd64&apos;, os.version: &apos;10.0&apos;, java.version: &apos;11.0.20&apos;
Driver info: org.openqa.selenium.chrome.ChromeDriver
Command: [a8d4f7d63e8e3c1c15d8350437e474f9, findElement {using=xpath, value=//a[normalize-space()=&apos;Institutions&apos;]}]
Capabilities {acceptInsecureCerts: false, browserName: chrome, browserVersion: 123.0.6312.86, chrome: {chromedriverVersion: 123.0.6312.58 (6b4b19e9dfbb..., userDataDir: C:\Users\admin\AppData\Loca...}, fedcm:accounts: true, goog:chromeOptions: {debuggerAddress: localhost:61106}, networkConnectionEnabled: false, pageLoadStrategy: normal, platformName: windows, proxy: Proxy(), se:cdp: ws://localhost:61106/devtoo..., se:cdpVersion: 123.0.6312.86, setWindowRect: true, strictFileInteractability: false, timeouts: {implicit: 0, pageLoad: 300000, script: 30000}, unhandledPromptBehavior: dismiss and notify, webauthn:extension:credBlob: true, webauthn:extension:largeBlob: true, webauthn:extension:minPinLength: true, webauthn:extension:prf: true, webauthn:virtualAuthenticators: true}
Session ID: a8d4f7d63e8e3c1c15d8350437e474f9
	at java.base/jdk.internal.reflect.NativeConstructorAccessorImpl.newInstance0(Native Method)
	at java.base/jdk.internal.reflect.NativeConstructorAccessorImpl.newInstance(NativeConstructorAccessorImpl.java:62)
	at java.base/jdk.internal.reflect.DelegatingConstructorAccessorImpl.newInstance(DelegatingConstructorAccessorImpl.java:45)
	at java.base/java.lang.reflect.Constructor.newInstance(Constructor.java:490)
	at org.openqa.selenium.remote.codec.w3c.W3CHttpResponseCodec.createException(W3CHttpResponseCodec.java:200)
	at org.openqa.selenium.remote.codec.w3c.W3CHttpResponseCodec.decode(W3CHttpResponseCodec.java:133)
	at org.openqa.selenium.remote.codec.w3c.W3CHttpResponseCodec.decode(W3CHttpResponseCodec.java:52)
	at org.openqa.selenium.remote.HttpCommandExecutor.execute(HttpCommandExecutor.java:191)
	at org.openqa.selenium.remote.service.DriverCommandExecutor.invokeExecute(DriverCommandExecutor.java:196)
	at org.openqa.selenium.remote.service.DriverCommandExecutor.execute(DriverCommandExecutor.java:171)
	at org.openqa.selenium.remote.RemoteWebDriver.execute(RemoteWebDriver.java:602)
	at org.openqa.selenium.remote.ElementLocation$ElementFinder$2.findElement(ElementLocation.java:165)
	at org.openqa.selenium.remote.ElementLocation.findElement(ElementLocation.java:59)
	at org.openqa.selenium.remote.RemoteWebDriver.findElement(RemoteWebDriver.java:359)
	at org.openqa.selenium.remote.RemoteWebDriver.findElement(RemoteWebDriver.java:353)
	at com.cucumber.PageObjects.OrgSalesViewInstitutionsPageObjects.clicktheinstitutionsoption(OrgSalesViewInstitutionsPageObjects.java:46)
	at com.cucumber.stepdefination.OrgSalesViewInstitutionsSteps.click_the_institutions_option(OrgSalesViewInstitutionsSteps.java:34)
	at ✽.When click the institutions option(src/test/resources/features/OrgSalesViewInstitutions.feature:7)
</pre></div></td>
<td>32</td>
<td>com.cucumber.TestRunner.OrgSalesViewInstitutionsRunner@368247b9</td></tr>
<tr>
<td title='com.cucumber.TestRunner.OrgSalesViewUserListRunner.feature()'><b>feature</b><br>Test class: com.cucumber.TestRunner.OrgSalesViewUserListRunner<br>Test method: Runs Cucumber Feature<br>Parameters: Orgnaisation Sales - Check the flow of View user list<br/>
<a href="#Output-385408880" onClick='toggleBox("Output-385408880", this, "Show output", "Hide output");'>Show output</a>

<a href="#Output-385408880" onClick="toggleAllBoxes();">Show all outputs</a>
<div class='log' id="Output-385408880">
Completed executing following method : AbstractTestNGCucumberTests.feature<br/>
Test Method resides in com.cucumber.TestRunner.OrgSalesViewUserListRunner<br/>
Test Method had the following parameters : nullOrgnaisation Sales - Check the flow of View user list,<br/>
Test Status: Failed<br/>
</div>
</td>
<td><div><pre>cucumber.runtime.CucumberException: org.openqa.selenium.ElementClickInterceptedException: element click intercepted: Element &lt;i _ngcontent-lxn-c73=&quot;&quot; title=&quot;Impersonate&quot; class=&quot;material-icons&quot;&gt;...&lt;/i&gt; is not clickable at point (1086, 378). Other element would receive the click: &lt;div _ngcontent-lxn-c94=&quot;&quot; class=&quot;loader-box ng-star-inserted&quot;&gt;...&lt;/div&gt;
  (Session info: chrome=123.0.6312.86)
Build info: version: &apos;4.12.1&apos;, revision: &apos;8e34639b11&apos;
System info: os.name: &apos;Windows 10&apos;, os.arch: &apos;amd64&apos;, os.version: &apos;10.0&apos;, java.version: &apos;11.0.20&apos;
Driver info: org.openqa.selenium.chrome.ChromeDriver
Command: [b1c076376666f354d1cb57da1ac3576f, clickElement {id=f.E99AAE56726037854474334EA122E561.d.6986BBC5062C76FBBAEF55DE615E2A13.e.2979}]
Capabilities {acceptInsecureCerts: false, browserName: chrome, browserVersion: 123.0.6312.86, chrome: {chromedriverVersion: 123.0.6312.58 (6b4b19e9dfbb..., userDataDir: C:\Users\admin\AppData\Loca...}, fedcm:accounts: true, goog:chromeOptions: {debuggerAddress: localhost:61150}, networkConnectionEnabled: false, pageLoadStrategy: normal, platformName: windows, proxy: Proxy(), se:cdp: ws://localhost:61150/devtoo..., se:cdpVersion: 123.0.6312.86, setWindowRect: true, strictFileInteractability: false, timeouts: {implicit: 0, pageLoad: 300000, script: 30000}, unhandledPromptBehavior: dismiss and notify, webauthn:extension:credBlob: true, webauthn:extension:largeBlob: true, webauthn:extension:minPinLength: true, webauthn:extension:prf: true, webauthn:virtualAuthenticators: true}
Element: [[ChromeDriver: chrome on windows (b1c076376666f354d1cb57da1ac3576f)] -&gt; xpath: //i[@title=&apos;Impersonate&apos;]]
Session ID: b1c076376666f354d1cb57da1ac3576f
	at cucumber.api.testng.TestNGCucumberRunner.runCucumber(TestNGCucumberRunner.java:69)
	at cucumber.api.testng.AbstractTestNGCucumberTests.feature(AbstractTestNGCucumberTests.java:21)
Caused by: org.openqa.selenium.ElementClickInterceptedException: element click intercepted: Element &lt;i _ngcontent-lxn-c73=&quot;&quot; title=&quot;Impersonate&quot; class=&quot;material-icons&quot;&gt;...&lt;/i&gt; is not clickable at point (1086, 378). Other element would receive the click: &lt;div _ngcontent-lxn-c94=&quot;&quot; class=&quot;loader-box ng-star-inserted&quot;&gt;...&lt;/div&gt;
  (Session info: chrome=123.0.6312.86)
Build info: version: &apos;4.12.1&apos;, revision: &apos;8e34639b11&apos;
System info: os.name: &apos;Windows 10&apos;, os.arch: &apos;amd64&apos;, os.version: &apos;10.0&apos;, java.version: &apos;11.0.20&apos;
Driver info: org.openqa.selenium.chrome.ChromeDriver
Command: [b1c076376666f354d1cb57da1ac3576f, clickElement {id=f.E99AAE56726037854474334EA122E561.d.6986BBC5062C76FBBAEF55DE615E2A13.e.2979}]
Capabilities {acceptInsecureCerts: false, browserName: chrome, browserVersion: 123.0.6312.86, chrome: {chromedriverVersion: 123.0.6312.58 (6b4b19e9dfbb..., userDataDir: C:\Users\admin\AppData\Loca...}, fedcm:accounts: true, goog:chromeOptions: {debuggerAddress: localhost:61150}, networkConnectionEnabled: false, pageLoadStrategy: normal, platformName: windows, proxy: Proxy(), se:cdp: ws://localhost:61150/devtoo..., se:cdpVersion: 123.0.6312.86, setWindowRect: true, strictFileInteractability: false, timeouts: {implicit: 0, pageLoad: 300000, script: 30000}, unhandledPromptBehavior: dismiss and notify, webauthn:extension:credBlob: true, webauthn:extension:largeBlob: true, webauthn:extension:minPinLength: true, webauthn:extension:prf: true, webauthn:virtualAuthenticators: true}
Element: [[ChromeDriver: chrome on windows (b1c076376666f354d1cb57da1ac3576f)] -&gt; xpath: //i[@title=&apos;Impersonate&apos;]]
Session ID: b1c076376666f354d1cb57da1ac3576f
	at org.openqa.selenium.remote.codec.w3c.W3CHttpResponseCodec.createException(W3CHttpResponseCodec.java:200)
	at org.openqa.selenium.remote.codec.w3c.W3CHttpResponseCodec.decode(W3CHttpResponseCodec.java:133)
	at org.openqa.selenium.remote.codec.w3c.W3CHttpResponseCodec.decode(W3CHttpResponseCodec.java:52)
	at org.openqa.selenium.remote.HttpCommandExecutor.execute(HttpCommandExecutor.java:191)
	at org.openqa.selenium.remote.service.DriverCommandExecutor.invokeExecute(DriverCommandExecutor.java:196)
	at org.openqa.selenium.remote.service.DriverCommandExecutor.execute(DriverCommandExecutor.java:171)
	at org.openqa.selenium.remote.RemoteWebDriver.execute(RemoteWebDriver.java:602)
	at org.openqa.selenium.remote.RemoteWebElement.execute(RemoteWebElement.java:224)
	at org.openqa.selenium.remote.RemoteWebElement.click(RemoteWebElement.java:77)
	at com.cucumber.PageObjects.OrgSalesViewUserListPageObjects.Clickonimpersonateoption(OrgSalesViewUserListPageObjects.java:55)
	at com.cucumber.stepdefination.OrgSalesViewUserListSteps.Click_on_the_impersonate_option(OrgSalesViewUserListSteps.java:40)
	at ✽.And Click on the impersonate option(src/test/resources/features/OrgSalesViewUserList.feature:9)
... Removed 28 stack frames</pre></div><a href='#' onClick='toggleBox("stack-trace385408880", this, "Click to show all stack frames", "Click to hide stack frames")'>Click to show all stack frames</a>
<div class='stack-trace' id='stack-trace385408880'><pre>cucumber.runtime.CucumberException: org.openqa.selenium.ElementClickInterceptedException: element click intercepted: Element &lt;i _ngcontent-lxn-c73=&quot;&quot; title=&quot;Impersonate&quot; class=&quot;material-icons&quot;&gt;...&lt;/i&gt; is not clickable at point (1086, 378). Other element would receive the click: &lt;div _ngcontent-lxn-c94=&quot;&quot; class=&quot;loader-box ng-star-inserted&quot;&gt;...&lt;/div&gt;
  (Session info: chrome=123.0.6312.86)
Build info: version: &apos;4.12.1&apos;, revision: &apos;8e34639b11&apos;
System info: os.name: &apos;Windows 10&apos;, os.arch: &apos;amd64&apos;, os.version: &apos;10.0&apos;, java.version: &apos;11.0.20&apos;
Driver info: org.openqa.selenium.chrome.ChromeDriver
Command: [b1c076376666f354d1cb57da1ac3576f, clickElement {id=f.E99AAE56726037854474334EA122E561.d.6986BBC5062C76FBBAEF55DE615E2A13.e.2979}]
Capabilities {acceptInsecureCerts: false, browserName: chrome, browserVersion: 123.0.6312.86, chrome: {chromedriverVersion: 123.0.6312.58 (6b4b19e9dfbb..., userDataDir: C:\Users\admin\AppData\Loca...}, fedcm:accounts: true, goog:chromeOptions: {debuggerAddress: localhost:61150}, networkConnectionEnabled: false, pageLoadStrategy: normal, platformName: windows, proxy: Proxy(), se:cdp: ws://localhost:61150/devtoo..., se:cdpVersion: 123.0.6312.86, setWindowRect: true, strictFileInteractability: false, timeouts: {implicit: 0, pageLoad: 300000, script: 30000}, unhandledPromptBehavior: dismiss and notify, webauthn:extension:credBlob: true, webauthn:extension:largeBlob: true, webauthn:extension:minPinLength: true, webauthn:extension:prf: true, webauthn:virtualAuthenticators: true}
Element: [[ChromeDriver: chrome on windows (b1c076376666f354d1cb57da1ac3576f)] -&gt; xpath: //i[@title=&apos;Impersonate&apos;]]
Session ID: b1c076376666f354d1cb57da1ac3576f
	at cucumber.api.testng.TestNGCucumberRunner.runCucumber(TestNGCucumberRunner.java:69)
	at cucumber.api.testng.AbstractTestNGCucumberTests.feature(AbstractTestNGCucumberTests.java:21)
	at java.base/jdk.internal.reflect.NativeMethodAccessorImpl.invoke0(Native Method)
	at java.base/jdk.internal.reflect.NativeMethodAccessorImpl.invoke(NativeMethodAccessorImpl.java:62)
	at java.base/jdk.internal.reflect.DelegatingMethodAccessorImpl.invoke(DelegatingMethodAccessorImpl.java:43)
	at java.base/java.lang.reflect.Method.invoke(Method.java:566)
	at org.testng.internal.MethodInvocationHelper.invokeMethod(MethodInvocationHelper.java:86)
	at org.testng.internal.Invoker.invokeMethod(Invoker.java:643)
	at org.testng.internal.Invoker.invokeTestMethod(Invoker.java:820)
	at org.testng.internal.Invoker.invokeTestMethods(Invoker.java:1128)
	at org.testng.internal.TestMethodWorker.invokeTestMethods(TestMethodWorker.java:129)
	at org.testng.internal.TestMethodWorker.run(TestMethodWorker.java:112)
	at org.testng.TestRunner.privateRun(TestRunner.java:782)
	at org.testng.TestRunner.run(TestRunner.java:632)
	at org.testng.SuiteRunner.runTest(SuiteRunner.java:366)
	at org.testng.SuiteRunner.runSequentially(SuiteRunner.java:361)
	at org.testng.SuiteRunner.privateRun(SuiteRunner.java:319)
	at org.testng.SuiteRunner.run(SuiteRunner.java:268)
	at org.testng.SuiteRunnerWorker.runSuite(SuiteRunnerWorker.java:52)
	at org.testng.SuiteRunnerWorker.run(SuiteRunnerWorker.java:86)
	at org.testng.TestNG.runSuitesSequentially(TestNG.java:1244)
	at org.testng.TestNG.runSuitesLocally(TestNG.java:1169)
	at org.testng.TestNG.run(TestNG.java:1064)
	at org.testng.remote.AbstractRemoteTestNG.run(AbstractRemoteTestNG.java:115)
	at org.testng.remote.RemoteTestNG.initAndRun(RemoteTestNG.java:251)
	at org.testng.remote.RemoteTestNG.main(RemoteTestNG.java:77)
Caused by: org.openqa.selenium.ElementClickInterceptedException: element click intercepted: Element &lt;i _ngcontent-lxn-c73=&quot;&quot; title=&quot;Impersonate&quot; class=&quot;material-icons&quot;&gt;...&lt;/i&gt; is not clickable at point (1086, 378). Other element would receive the click: &lt;div _ngcontent-lxn-c94=&quot;&quot; class=&quot;loader-box ng-star-inserted&quot;&gt;...&lt;/div&gt;
  (Session info: chrome=123.0.6312.86)
Build info: version: &apos;4.12.1&apos;, revision: &apos;8e34639b11&apos;
System info: os.name: &apos;Windows 10&apos;, os.arch: &apos;amd64&apos;, os.version: &apos;10.0&apos;, java.version: &apos;11.0.20&apos;
Driver info: org.openqa.selenium.chrome.ChromeDriver
Command: [b1c076376666f354d1cb57da1ac3576f, clickElement {id=f.E99AAE56726037854474334EA122E561.d.6986BBC5062C76FBBAEF55DE615E2A13.e.2979}]
Capabilities {acceptInsecureCerts: false, browserName: chrome, browserVersion: 123.0.6312.86, chrome: {chromedriverVersion: 123.0.6312.58 (6b4b19e9dfbb..., userDataDir: C:\Users\admin\AppData\Loca...}, fedcm:accounts: true, goog:chromeOptions: {debuggerAddress: localhost:61150}, networkConnectionEnabled: false, pageLoadStrategy: normal, platformName: windows, proxy: Proxy(), se:cdp: ws://localhost:61150/devtoo..., se:cdpVersion: 123.0.6312.86, setWindowRect: true, strictFileInteractability: false, timeouts: {implicit: 0, pageLoad: 300000, script: 30000}, unhandledPromptBehavior: dismiss and notify, webauthn:extension:credBlob: true, webauthn:extension:largeBlob: true, webauthn:extension:minPinLength: true, webauthn:extension:prf: true, webauthn:virtualAuthenticators: true}
Element: [[ChromeDriver: chrome on windows (b1c076376666f354d1cb57da1ac3576f)] -&gt; xpath: //i[@title=&apos;Impersonate&apos;]]
Session ID: b1c076376666f354d1cb57da1ac3576f
	at java.base/jdk.internal.reflect.NativeConstructorAccessorImpl.newInstance0(Native Method)
	at java.base/jdk.internal.reflect.NativeConstructorAccessorImpl.newInstance(NativeConstructorAccessorImpl.java:62)
	at java.base/jdk.internal.reflect.DelegatingConstructorAccessorImpl.newInstance(DelegatingConstructorAccessorImpl.java:45)
	at java.base/java.lang.reflect.Constructor.newInstance(Constructor.java:490)
	at org.openqa.selenium.remote.codec.w3c.W3CHttpResponseCodec.createException(W3CHttpResponseCodec.java:200)
	at org.openqa.selenium.remote.codec.w3c.W3CHttpResponseCodec.decode(W3CHttpResponseCodec.java:133)
	at org.openqa.selenium.remote.codec.w3c.W3CHttpResponseCodec.decode(W3CHttpResponseCodec.java:52)
	at org.openqa.selenium.remote.HttpCommandExecutor.execute(HttpCommandExecutor.java:191)
	at org.openqa.selenium.remote.service.DriverCommandExecutor.invokeExecute(DriverCommandExecutor.java:196)
	at org.openqa.selenium.remote.service.DriverCommandExecutor.execute(DriverCommandExecutor.java:171)
	at org.openqa.selenium.remote.RemoteWebDriver.execute(RemoteWebDriver.java:602)
	at org.openqa.selenium.remote.RemoteWebElement.execute(RemoteWebElement.java:224)
	at org.openqa.selenium.remote.RemoteWebElement.click(RemoteWebElement.java:77)
	at com.cucumber.PageObjects.OrgSalesViewUserListPageObjects.Clickonimpersonateoption(OrgSalesViewUserListPageObjects.java:55)
	at com.cucumber.stepdefination.OrgSalesViewUserListSteps.Click_on_the_impersonate_option(OrgSalesViewUserListSteps.java:40)
	at ✽.And Click on the impersonate option(src/test/resources/features/OrgSalesViewUserList.feature:9)
</pre></div></td>
<td>44</td>
<td>com.cucumber.TestRunner.OrgSalesViewUserListRunner@1a6d8329</td></tr>
<tr>
<td title='com.cucumber.TestRunner.AdminGeneratedCertificatesRunner.feature()'><b>feature</b><br>Test class: com.cucumber.TestRunner.AdminGeneratedCertificatesRunner<br>Test method: Runs Cucumber Feature<br>Parameters: Institution Admin - Check the flow of Generated Certificates<br/>
<a href="#Output-1008662534" onClick='toggleBox("Output-1008662534", this, "Show output", "Hide output");'>Show output</a>

<a href="#Output-1008662534" onClick="toggleAllBoxes();">Show all outputs</a>
<div class='log' id="Output-1008662534">
Completed executing following method : AbstractTestNGCucumberTests.feature<br/>
Test Method resides in com.cucumber.TestRunner.AdminGeneratedCertificatesRunner<br/>
Test Method had the following parameters : nullInstitution Admin - Check the flow of Generated Certificates,<br/>
Test Status: Failed<br/>
</div>
</td>
<td><div><pre>cucumber.runtime.CucumberException: org.openqa.selenium.NoSuchElementException: no such element: Unable to locate element: {&quot;method&quot;:&quot;xpath&quot;,&quot;selector&quot;:&quot;//i[@class=&apos;fa fa-undo mx-2&apos;]&quot;}
  (Session info: chrome=123.0.6312.86)
For documentation on this error, please visit: https://www.selenium.dev/documentation/webdriver/troubleshooting/errors#no-such-element-exception
Build info: version: &apos;4.12.1&apos;, revision: &apos;8e34639b11&apos;
System info: os.name: &apos;Windows 10&apos;, os.arch: &apos;amd64&apos;, os.version: &apos;10.0&apos;, java.version: &apos;11.0.20&apos;
Driver info: org.openqa.selenium.chrome.ChromeDriver
Command: [86e54c4a49fba8c4bea89c03a3f9b9cf, findElement {using=xpath, value=//i[@class=&apos;fa fa-undo mx-2&apos;]}]
Capabilities {acceptInsecureCerts: false, browserName: chrome, browserVersion: 123.0.6312.86, chrome: {chromedriverVersion: 123.0.6312.58 (6b4b19e9dfbb..., userDataDir: C:\Users\admin\AppData\Loca...}, fedcm:accounts: true, goog:chromeOptions: {debuggerAddress: localhost:61529}, networkConnectionEnabled: false, pageLoadStrategy: normal, platformName: windows, proxy: Proxy(), se:cdp: ws://localhost:61529/devtoo..., se:cdpVersion: 123.0.6312.86, setWindowRect: true, strictFileInteractability: false, timeouts: {implicit: 0, pageLoad: 300000, script: 30000}, unhandledPromptBehavior: dismiss and notify, webauthn:extension:credBlob: true, webauthn:extension:largeBlob: true, webauthn:extension:minPinLength: true, webauthn:extension:prf: true, webauthn:virtualAuthenticators: true}
Session ID: 86e54c4a49fba8c4bea89c03a3f9b9cf
	at cucumber.api.testng.TestNGCucumberRunner.runCucumber(TestNGCucumberRunner.java:69)
	at cucumber.api.testng.AbstractTestNGCucumberTests.feature(AbstractTestNGCucumberTests.java:21)
Caused by: org.openqa.selenium.NoSuchElementException: no such element: Unable to locate element: {&quot;method&quot;:&quot;xpath&quot;,&quot;selector&quot;:&quot;//i[@class=&apos;fa fa-undo mx-2&apos;]&quot;}
  (Session info: chrome=123.0.6312.86)
For documentation on this error, please visit: https://www.selenium.dev/documentation/webdriver/troubleshooting/errors#no-such-element-exception
Build info: version: &apos;4.12.1&apos;, revision: &apos;8e34639b11&apos;
System info: os.name: &apos;Windows 10&apos;, os.arch: &apos;amd64&apos;, os.version: &apos;10.0&apos;, java.version: &apos;11.0.20&apos;
Driver info: org.openqa.selenium.chrome.ChromeDriver
Command: [86e54c4a49fba8c4bea89c03a3f9b9cf, findElement {using=xpath, value=//i[@class=&apos;fa fa-undo mx-2&apos;]}]
Capabilities {acceptInsecureCerts: false, browserName: chrome, browserVersion: 123.0.6312.86, chrome: {chromedriverVersion: 123.0.6312.58 (6b4b19e9dfbb..., userDataDir: C:\Users\admin\AppData\Loca...}, fedcm:accounts: true, goog:chromeOptions: {debuggerAddress: localhost:61529}, networkConnectionEnabled: false, pageLoadStrategy: normal, platformName: windows, proxy: Proxy(), se:cdp: ws://localhost:61529/devtoo..., se:cdpVersion: 123.0.6312.86, setWindowRect: true, strictFileInteractability: false, timeouts: {implicit: 0, pageLoad: 300000, script: 30000}, unhandledPromptBehavior: dismiss and notify, webauthn:extension:credBlob: true, webauthn:extension:largeBlob: true, webauthn:extension:minPinLength: true, webauthn:extension:prf: true, webauthn:virtualAuthenticators: true}
Session ID: 86e54c4a49fba8c4bea89c03a3f9b9cf
	at org.openqa.selenium.remote.codec.w3c.W3CHttpResponseCodec.createException(W3CHttpResponseCodec.java:200)
	at org.openqa.selenium.remote.codec.w3c.W3CHttpResponseCodec.decode(W3CHttpResponseCodec.java:133)
	at org.openqa.selenium.remote.codec.w3c.W3CHttpResponseCodec.decode(W3CHttpResponseCodec.java:52)
	at org.openqa.selenium.remote.HttpCommandExecutor.execute(HttpCommandExecutor.java:191)
	at org.openqa.selenium.remote.service.DriverCommandExecutor.invokeExecute(DriverCommandExecutor.java:196)
	at org.openqa.selenium.remote.service.DriverCommandExecutor.execute(DriverCommandExecutor.java:171)
	at org.openqa.selenium.remote.RemoteWebDriver.execute(RemoteWebDriver.java:602)
	at org.openqa.selenium.remote.ElementLocation$ElementFinder$2.findElement(ElementLocation.java:165)
	at org.openqa.selenium.remote.ElementLocation.findElement(ElementLocation.java:59)
	at org.openqa.selenium.remote.RemoteWebDriver.findElement(RemoteWebDriver.java:359)
	at org.openqa.selenium.remote.RemoteWebDriver.findElement(RemoteWebDriver.java:353)
	at com.cucumber.PageObjects.AdminGeneratedCertificatesPageObjects.clickonRevokeiconandclickonOk(AdminGeneratedCertificatesPageObjects.java:141)
	at com.cucumber.stepdefination.AdminGeneratedCertificatesSteps.click_on_Revoke_icon_and_Click_on_Ok(AdminGeneratedCertificatesSteps.java:50)
	at ✽.Then Click on Revoke icon and Click on Ok(src/test/resources/features/AdminGeneratedCertificates.feature:10)
... Removed 28 stack frames</pre></div><a href='#' onClick='toggleBox("stack-trace1008662534", this, "Click to show all stack frames", "Click to hide stack frames")'>Click to show all stack frames</a>
<div class='stack-trace' id='stack-trace1008662534'><pre>cucumber.runtime.CucumberException: org.openqa.selenium.NoSuchElementException: no such element: Unable to locate element: {&quot;method&quot;:&quot;xpath&quot;,&quot;selector&quot;:&quot;//i[@class=&apos;fa fa-undo mx-2&apos;]&quot;}
  (Session info: chrome=123.0.6312.86)
For documentation on this error, please visit: https://www.selenium.dev/documentation/webdriver/troubleshooting/errors#no-such-element-exception
Build info: version: &apos;4.12.1&apos;, revision: &apos;8e34639b11&apos;
System info: os.name: &apos;Windows 10&apos;, os.arch: &apos;amd64&apos;, os.version: &apos;10.0&apos;, java.version: &apos;11.0.20&apos;
Driver info: org.openqa.selenium.chrome.ChromeDriver
Command: [86e54c4a49fba8c4bea89c03a3f9b9cf, findElement {using=xpath, value=//i[@class=&apos;fa fa-undo mx-2&apos;]}]
Capabilities {acceptInsecureCerts: false, browserName: chrome, browserVersion: 123.0.6312.86, chrome: {chromedriverVersion: 123.0.6312.58 (6b4b19e9dfbb..., userDataDir: C:\Users\admin\AppData\Loca...}, fedcm:accounts: true, goog:chromeOptions: {debuggerAddress: localhost:61529}, networkConnectionEnabled: false, pageLoadStrategy: normal, platformName: windows, proxy: Proxy(), se:cdp: ws://localhost:61529/devtoo..., se:cdpVersion: 123.0.6312.86, setWindowRect: true, strictFileInteractability: false, timeouts: {implicit: 0, pageLoad: 300000, script: 30000}, unhandledPromptBehavior: dismiss and notify, webauthn:extension:credBlob: true, webauthn:extension:largeBlob: true, webauthn:extension:minPinLength: true, webauthn:extension:prf: true, webauthn:virtualAuthenticators: true}
Session ID: 86e54c4a49fba8c4bea89c03a3f9b9cf
	at cucumber.api.testng.TestNGCucumberRunner.runCucumber(TestNGCucumberRunner.java:69)
	at cucumber.api.testng.AbstractTestNGCucumberTests.feature(AbstractTestNGCucumberTests.java:21)
	at java.base/jdk.internal.reflect.NativeMethodAccessorImpl.invoke0(Native Method)
	at java.base/jdk.internal.reflect.NativeMethodAccessorImpl.invoke(NativeMethodAccessorImpl.java:62)
	at java.base/jdk.internal.reflect.DelegatingMethodAccessorImpl.invoke(DelegatingMethodAccessorImpl.java:43)
	at java.base/java.lang.reflect.Method.invoke(Method.java:566)
	at org.testng.internal.MethodInvocationHelper.invokeMethod(MethodInvocationHelper.java:86)
	at org.testng.internal.Invoker.invokeMethod(Invoker.java:643)
	at org.testng.internal.Invoker.invokeTestMethod(Invoker.java:820)
	at org.testng.internal.Invoker.invokeTestMethods(Invoker.java:1128)
	at org.testng.internal.TestMethodWorker.invokeTestMethods(TestMethodWorker.java:129)
	at org.testng.internal.TestMethodWorker.run(TestMethodWorker.java:112)
	at org.testng.TestRunner.privateRun(TestRunner.java:782)
	at org.testng.TestRunner.run(TestRunner.java:632)
	at org.testng.SuiteRunner.runTest(SuiteRunner.java:366)
	at org.testng.SuiteRunner.runSequentially(SuiteRunner.java:361)
	at org.testng.SuiteRunner.privateRun(SuiteRunner.java:319)
	at org.testng.SuiteRunner.run(SuiteRunner.java:268)
	at org.testng.SuiteRunnerWorker.runSuite(SuiteRunnerWorker.java:52)
	at org.testng.SuiteRunnerWorker.run(SuiteRunnerWorker.java:86)
	at org.testng.TestNG.runSuitesSequentially(TestNG.java:1244)
	at org.testng.TestNG.runSuitesLocally(TestNG.java:1169)
	at org.testng.TestNG.run(TestNG.java:1064)
	at org.testng.remote.AbstractRemoteTestNG.run(AbstractRemoteTestNG.java:115)
	at org.testng.remote.RemoteTestNG.initAndRun(RemoteTestNG.java:251)
	at org.testng.remote.RemoteTestNG.main(RemoteTestNG.java:77)
Caused by: org.openqa.selenium.NoSuchElementException: no such element: Unable to locate element: {&quot;method&quot;:&quot;xpath&quot;,&quot;selector&quot;:&quot;//i[@class=&apos;fa fa-undo mx-2&apos;]&quot;}
  (Session info: chrome=123.0.6312.86)
For documentation on this error, please visit: https://www.selenium.dev/documentation/webdriver/troubleshooting/errors#no-such-element-exception
Build info: version: &apos;4.12.1&apos;, revision: &apos;8e34639b11&apos;
System info: os.name: &apos;Windows 10&apos;, os.arch: &apos;amd64&apos;, os.version: &apos;10.0&apos;, java.version: &apos;11.0.20&apos;
Driver info: org.openqa.selenium.chrome.ChromeDriver
Command: [86e54c4a49fba8c4bea89c03a3f9b9cf, findElement {using=xpath, value=//i[@class=&apos;fa fa-undo mx-2&apos;]}]
Capabilities {acceptInsecureCerts: false, browserName: chrome, browserVersion: 123.0.6312.86, chrome: {chromedriverVersion: 123.0.6312.58 (6b4b19e9dfbb..., userDataDir: C:\Users\admin\AppData\Loca...}, fedcm:accounts: true, goog:chromeOptions: {debuggerAddress: localhost:61529}, networkConnectionEnabled: false, pageLoadStrategy: normal, platformName: windows, proxy: Proxy(), se:cdp: ws://localhost:61529/devtoo..., se:cdpVersion: 123.0.6312.86, setWindowRect: true, strictFileInteractability: false, timeouts: {implicit: 0, pageLoad: 300000, script: 30000}, unhandledPromptBehavior: dismiss and notify, webauthn:extension:credBlob: true, webauthn:extension:largeBlob: true, webauthn:extension:minPinLength: true, webauthn:extension:prf: true, webauthn:virtualAuthenticators: true}
Session ID: 86e54c4a49fba8c4bea89c03a3f9b9cf
	at java.base/jdk.internal.reflect.NativeConstructorAccessorImpl.newInstance0(Native Method)
	at java.base/jdk.internal.reflect.NativeConstructorAccessorImpl.newInstance(NativeConstructorAccessorImpl.java:62)
	at java.base/jdk.internal.reflect.DelegatingConstructorAccessorImpl.newInstance(DelegatingConstructorAccessorImpl.java:45)
	at java.base/java.lang.reflect.Constructor.newInstance(Constructor.java:490)
	at org.openqa.selenium.remote.codec.w3c.W3CHttpResponseCodec.createException(W3CHttpResponseCodec.java:200)
	at org.openqa.selenium.remote.codec.w3c.W3CHttpResponseCodec.decode(W3CHttpResponseCodec.java:133)
	at org.openqa.selenium.remote.codec.w3c.W3CHttpResponseCodec.decode(W3CHttpResponseCodec.java:52)
	at org.openqa.selenium.remote.HttpCommandExecutor.execute(HttpCommandExecutor.java:191)
	at org.openqa.selenium.remote.service.DriverCommandExecutor.invokeExecute(DriverCommandExecutor.java:196)
	at org.openqa.selenium.remote.service.DriverCommandExecutor.execute(DriverCommandExecutor.java:171)
	at org.openqa.selenium.remote.RemoteWebDriver.execute(RemoteWebDriver.java:602)
	at org.openqa.selenium.remote.ElementLocation$ElementFinder$2.findElement(ElementLocation.java:165)
	at org.openqa.selenium.remote.ElementLocation.findElement(ElementLocation.java:59)
	at org.openqa.selenium.remote.RemoteWebDriver.findElement(RemoteWebDriver.java:359)
	at org.openqa.selenium.remote.RemoteWebDriver.findElement(RemoteWebDriver.java:353)
	at com.cucumber.PageObjects.AdminGeneratedCertificatesPageObjects.clickonRevokeiconandclickonOk(AdminGeneratedCertificatesPageObjects.java:141)
	at com.cucumber.stepdefination.AdminGeneratedCertificatesSteps.click_on_Revoke_icon_and_Click_on_Ok(AdminGeneratedCertificatesSteps.java:50)
	at ✽.Then Click on Revoke icon and Click on Ok(src/test/resources/features/AdminGeneratedCertificates.feature:10)
</pre></div></td>
<td>51</td>
<td>com.cucumber.TestRunner.AdminGeneratedCertificatesRunner@f78a47e</td></tr>
<tr>
<td title='com.cucumber.TestRunner.UserGenerateBulkByUploadingPDFfileRunner.feature()'><b>feature</b><br>Test class: com.cucumber.TestRunner.UserGenerateBulkByUploadingPDFfileRunner<br>Test method: Runs Cucumber Feature<br>Parameters: Institution User - Check the flow of User Bulk By Uploading the PDF File<br/>
<a href="#Output-828147339" onClick='toggleBox("Output-828147339", this, "Show output", "Hide output");'>Show output</a>

<a href="#Output-828147339" onClick="toggleAllBoxes();">Show all outputs</a>
<div class='log' id="Output-828147339">
Completed executing following method : AbstractTestNGCucumberTests.feature<br/>
Test Method resides in com.cucumber.TestRunner.UserGenerateBulkByUploadingPDFfileRunner<br/>
Test Method had the following parameters : nullInstitution User - Check the flow of User Bulk By Uploading the PDF File,<br/>
Test Status: Failed<br/>
</div>
</td>
<td><div><pre>cucumber.runtime.CucumberException: org.openqa.selenium.ElementNotInteractableException: element not interactable
  (Session info: chrome=123.0.6312.86)
Build info: version: &apos;4.12.1&apos;, revision: &apos;8e34639b11&apos;
System info: os.name: &apos;Windows 10&apos;, os.arch: &apos;amd64&apos;, os.version: &apos;10.0&apos;, java.version: &apos;11.0.20&apos;
Driver info: org.openqa.selenium.chrome.ChromeDriver
Command: [d66844bf2deca59d92c9d5ce2fa6d1ad, clickElement {id=f.5AF0615A5C041C9E27D44B12730E9B22.d.E9AC907A92B082CB4F056126E6D52F9C.e.645}]
Capabilities {acceptInsecureCerts: false, browserName: chrome, browserVersion: 123.0.6312.86, chrome: {chromedriverVersion: 123.0.6312.58 (6b4b19e9dfbb..., userDataDir: C:\Users\admin\AppData\Loca...}, fedcm:accounts: true, goog:chromeOptions: {debuggerAddress: localhost:63574}, networkConnectionEnabled: false, pageLoadStrategy: normal, platformName: windows, proxy: Proxy(), se:cdp: ws://localhost:63574/devtoo..., se:cdpVersion: 123.0.6312.86, setWindowRect: true, strictFileInteractability: false, timeouts: {implicit: 0, pageLoad: 300000, script: 30000}, unhandledPromptBehavior: dismiss and notify, webauthn:extension:credBlob: true, webauthn:extension:largeBlob: true, webauthn:extension:minPinLength: true, webauthn:extension:prf: true, webauthn:virtualAuthenticators: true}
Element: [[ChromeDriver: chrome on windows (d66844bf2deca59d92c9d5ce2fa6d1ad)] -&gt; xpath: //a[text()=&apos;Certificates &apos;]/following-sibling::ul/li[2]/a]
Session ID: d66844bf2deca59d92c9d5ce2fa6d1ad
	at cucumber.api.testng.TestNGCucumberRunner.runCucumber(TestNGCucumberRunner.java:69)
	at cucumber.api.testng.AbstractTestNGCucumberTests.feature(AbstractTestNGCucumberTests.java:21)
Caused by: org.openqa.selenium.ElementNotInteractableException: element not interactable
  (Session info: chrome=123.0.6312.86)
Build info: version: &apos;4.12.1&apos;, revision: &apos;8e34639b11&apos;
System info: os.name: &apos;Windows 10&apos;, os.arch: &apos;amd64&apos;, os.version: &apos;10.0&apos;, java.version: &apos;11.0.20&apos;
Driver info: org.openqa.selenium.chrome.ChromeDriver
Command: [d66844bf2deca59d92c9d5ce2fa6d1ad, clickElement {id=f.5AF0615A5C041C9E27D44B12730E9B22.d.E9AC907A92B082CB4F056126E6D52F9C.e.645}]
Capabilities {acceptInsecureCerts: false, browserName: chrome, browserVersion: 123.0.6312.86, chrome: {chromedriverVersion: 123.0.6312.58 (6b4b19e9dfbb..., userDataDir: C:\Users\admin\AppData\Loca...}, fedcm:accounts: true, goog:chromeOptions: {debuggerAddress: localhost:63574}, networkConnectionEnabled: false, pageLoadStrategy: normal, platformName: windows, proxy: Proxy(), se:cdp: ws://localhost:63574/devtoo..., se:cdpVersion: 123.0.6312.86, setWindowRect: true, strictFileInteractability: false, timeouts: {implicit: 0, pageLoad: 300000, script: 30000}, unhandledPromptBehavior: dismiss and notify, webauthn:extension:credBlob: true, webauthn:extension:largeBlob: true, webauthn:extension:minPinLength: true, webauthn:extension:prf: true, webauthn:virtualAuthenticators: true}
Element: [[ChromeDriver: chrome on windows (d66844bf2deca59d92c9d5ce2fa6d1ad)] -&gt; xpath: //a[text()=&apos;Certificates &apos;]/following-sibling::ul/li[2]/a]
Session ID: d66844bf2deca59d92c9d5ce2fa6d1ad
	at org.openqa.selenium.remote.codec.w3c.W3CHttpResponseCodec.createException(W3CHttpResponseCodec.java:200)
	at org.openqa.selenium.remote.codec.w3c.W3CHttpResponseCodec.decode(W3CHttpResponseCodec.java:133)
	at org.openqa.selenium.remote.codec.w3c.W3CHttpResponseCodec.decode(W3CHttpResponseCodec.java:52)
	at org.openqa.selenium.remote.HttpCommandExecutor.execute(HttpCommandExecutor.java:191)
	at org.openqa.selenium.remote.service.DriverCommandExecutor.invokeExecute(DriverCommandExecutor.java:196)
	at org.openqa.selenium.remote.service.DriverCommandExecutor.execute(DriverCommandExecutor.java:171)
	at org.openqa.selenium.remote.RemoteWebDriver.execute(RemoteWebDriver.java:602)
	at org.openqa.selenium.remote.RemoteWebElement.execute(RemoteWebElement.java:224)
	at org.openqa.selenium.remote.RemoteWebElement.click(RemoteWebElement.java:77)
	at com.cucumber.PageObjects.UserBulkByUploadingPDFfilePageObjects.Clickascertificatestabandclickonthegeneratebulk(UserBulkByUploadingPDFfilePageObjects.java:45)
	at com.cucumber.stepdefination.UserBulkByUploadingPDFfileSteps.click_as_certificates_tab_and_click_on_the_generate_bulk(UserBulkByUploadingPDFfileSteps.java:36)
	at ✽.Then Click as certificates tab and click on the generate bulk(src/test/resources/features/UserBulkByUploadingPDFfile.feature:7)
... Removed 27 stack frames</pre></div><a href='#' onClick='toggleBox("stack-trace828147339", this, "Click to show all stack frames", "Click to hide stack frames")'>Click to show all stack frames</a>
<div class='stack-trace' id='stack-trace828147339'><pre>cucumber.runtime.CucumberException: org.openqa.selenium.ElementNotInteractableException: element not interactable
  (Session info: chrome=123.0.6312.86)
Build info: version: &apos;4.12.1&apos;, revision: &apos;8e34639b11&apos;
System info: os.name: &apos;Windows 10&apos;, os.arch: &apos;amd64&apos;, os.version: &apos;10.0&apos;, java.version: &apos;11.0.20&apos;
Driver info: org.openqa.selenium.chrome.ChromeDriver
Command: [d66844bf2deca59d92c9d5ce2fa6d1ad, clickElement {id=f.5AF0615A5C041C9E27D44B12730E9B22.d.E9AC907A92B082CB4F056126E6D52F9C.e.645}]
Capabilities {acceptInsecureCerts: false, browserName: chrome, browserVersion: 123.0.6312.86, chrome: {chromedriverVersion: 123.0.6312.58 (6b4b19e9dfbb..., userDataDir: C:\Users\admin\AppData\Loca...}, fedcm:accounts: true, goog:chromeOptions: {debuggerAddress: localhost:63574}, networkConnectionEnabled: false, pageLoadStrategy: normal, platformName: windows, proxy: Proxy(), se:cdp: ws://localhost:63574/devtoo..., se:cdpVersion: 123.0.6312.86, setWindowRect: true, strictFileInteractability: false, timeouts: {implicit: 0, pageLoad: 300000, script: 30000}, unhandledPromptBehavior: dismiss and notify, webauthn:extension:credBlob: true, webauthn:extension:largeBlob: true, webauthn:extension:minPinLength: true, webauthn:extension:prf: true, webauthn:virtualAuthenticators: true}
Element: [[ChromeDriver: chrome on windows (d66844bf2deca59d92c9d5ce2fa6d1ad)] -&gt; xpath: //a[text()=&apos;Certificates &apos;]/following-sibling::ul/li[2]/a]
Session ID: d66844bf2deca59d92c9d5ce2fa6d1ad
	at cucumber.api.testng.TestNGCucumberRunner.runCucumber(TestNGCucumberRunner.java:69)
	at cucumber.api.testng.AbstractTestNGCucumberTests.feature(AbstractTestNGCucumberTests.java:21)
	at jdk.internal.reflect.GeneratedMethodAccessor96.invoke(Unknown Source)
	at java.base/jdk.internal.reflect.DelegatingMethodAccessorImpl.invoke(DelegatingMethodAccessorImpl.java:43)
	at java.base/java.lang.reflect.Method.invoke(Method.java:566)
	at org.testng.internal.MethodInvocationHelper.invokeMethod(MethodInvocationHelper.java:86)
	at org.testng.internal.Invoker.invokeMethod(Invoker.java:643)
	at org.testng.internal.Invoker.invokeTestMethod(Invoker.java:820)
	at org.testng.internal.Invoker.invokeTestMethods(Invoker.java:1128)
	at org.testng.internal.TestMethodWorker.invokeTestMethods(TestMethodWorker.java:129)
	at org.testng.internal.TestMethodWorker.run(TestMethodWorker.java:112)
	at org.testng.TestRunner.privateRun(TestRunner.java:782)
	at org.testng.TestRunner.run(TestRunner.java:632)
	at org.testng.SuiteRunner.runTest(SuiteRunner.java:366)
	at org.testng.SuiteRunner.runSequentially(SuiteRunner.java:361)
	at org.testng.SuiteRunner.privateRun(SuiteRunner.java:319)
	at org.testng.SuiteRunner.run(SuiteRunner.java:268)
	at org.testng.SuiteRunnerWorker.runSuite(SuiteRunnerWorker.java:52)
	at org.testng.SuiteRunnerWorker.run(SuiteRunnerWorker.java:86)
	at org.testng.TestNG.runSuitesSequentially(TestNG.java:1244)
	at org.testng.TestNG.runSuitesLocally(TestNG.java:1169)
	at org.testng.TestNG.run(TestNG.java:1064)
	at org.testng.remote.AbstractRemoteTestNG.run(AbstractRemoteTestNG.java:115)
	at org.testng.remote.RemoteTestNG.initAndRun(RemoteTestNG.java:251)
	at org.testng.remote.RemoteTestNG.main(RemoteTestNG.java:77)
Caused by: org.openqa.selenium.ElementNotInteractableException: element not interactable
  (Session info: chrome=123.0.6312.86)
Build info: version: &apos;4.12.1&apos;, revision: &apos;8e34639b11&apos;
System info: os.name: &apos;Windows 10&apos;, os.arch: &apos;amd64&apos;, os.version: &apos;10.0&apos;, java.version: &apos;11.0.20&apos;
Driver info: org.openqa.selenium.chrome.ChromeDriver
Command: [d66844bf2deca59d92c9d5ce2fa6d1ad, clickElement {id=f.5AF0615A5C041C9E27D44B12730E9B22.d.E9AC907A92B082CB4F056126E6D52F9C.e.645}]
Capabilities {acceptInsecureCerts: false, browserName: chrome, browserVersion: 123.0.6312.86, chrome: {chromedriverVersion: 123.0.6312.58 (6b4b19e9dfbb..., userDataDir: C:\Users\admin\AppData\Loca...}, fedcm:accounts: true, goog:chromeOptions: {debuggerAddress: localhost:63574}, networkConnectionEnabled: false, pageLoadStrategy: normal, platformName: windows, proxy: Proxy(), se:cdp: ws://localhost:63574/devtoo..., se:cdpVersion: 123.0.6312.86, setWindowRect: true, strictFileInteractability: false, timeouts: {implicit: 0, pageLoad: 300000, script: 30000}, unhandledPromptBehavior: dismiss and notify, webauthn:extension:credBlob: true, webauthn:extension:largeBlob: true, webauthn:extension:minPinLength: true, webauthn:extension:prf: true, webauthn:virtualAuthenticators: true}
Element: [[ChromeDriver: chrome on windows (d66844bf2deca59d92c9d5ce2fa6d1ad)] -&gt; xpath: //a[text()=&apos;Certificates &apos;]/following-sibling::ul/li[2]/a]
Session ID: d66844bf2deca59d92c9d5ce2fa6d1ad
	at java.base/jdk.internal.reflect.NativeConstructorAccessorImpl.newInstance0(Native Method)
	at java.base/jdk.internal.reflect.NativeConstructorAccessorImpl.newInstance(NativeConstructorAccessorImpl.java:62)
	at java.base/jdk.internal.reflect.DelegatingConstructorAccessorImpl.newInstance(DelegatingConstructorAccessorImpl.java:45)
	at java.base/java.lang.reflect.Constructor.newInstance(Constructor.java:490)
	at org.openqa.selenium.remote.codec.w3c.W3CHttpResponseCodec.createException(W3CHttpResponseCodec.java:200)
	at org.openqa.selenium.remote.codec.w3c.W3CHttpResponseCodec.decode(W3CHttpResponseCodec.java:133)
	at org.openqa.selenium.remote.codec.w3c.W3CHttpResponseCodec.decode(W3CHttpResponseCodec.java:52)
	at org.openqa.selenium.remote.HttpCommandExecutor.execute(HttpCommandExecutor.java:191)
	at org.openqa.selenium.remote.service.DriverCommandExecutor.invokeExecute(DriverCommandExecutor.java:196)
	at org.openqa.selenium.remote.service.DriverCommandExecutor.execute(DriverCommandExecutor.java:171)
	at org.openqa.selenium.remote.RemoteWebDriver.execute(RemoteWebDriver.java:602)
	at org.openqa.selenium.remote.RemoteWebElement.execute(RemoteWebElement.java:224)
	at org.openqa.selenium.remote.RemoteWebElement.click(RemoteWebElement.java:77)
	at com.cucumber.PageObjects.UserBulkByUploadingPDFfilePageObjects.Clickascertificatestabandclickonthegeneratebulk(UserBulkByUploadingPDFfilePageObjects.java:45)
	at com.cucumber.stepdefination.UserBulkByUploadingPDFfileSteps.click_as_certificates_tab_and_click_on_the_generate_bulk(UserBulkByUploadingPDFfileSteps.java:36)
	at ✽.Then Click as certificates tab and click on the generate bulk(src/test/resources/features/UserBulkByUploadingPDFfile.feature:7)
</pre></div></td>
<td>30</td>
<td>com.cucumber.TestRunner.UserGenerateBulkByUploadingPDFfileRunner@196a42c3</td></tr>
<tr>
<td title='com.cucumber.TestRunner.UserGenerateBulkWithoutSelectingCertificatetypeRunner.feature()'><b>feature</b><br>Test class: com.cucumber.TestRunner.UserGenerateBulkWithoutSelectingCertificatetypeRunner<br>Test method: Runs Cucumber Feature<br>Parameters: Institution User - Check the flow of User Bulk without selecting the Certificare Type<br/>
<a href="#Output-573965573" onClick='toggleBox("Output-573965573", this, "Show output", "Hide output");'>Show output</a>

<a href="#Output-573965573" onClick="toggleAllBoxes();">Show all outputs</a>
<div class='log' id="Output-573965573">
Completed executing following method : AbstractTestNGCucumberTests.feature<br/>
Test Method resides in com.cucumber.TestRunner.UserGenerateBulkWithoutSelectingCertificatetypeRunner<br/>
Test Method had the following parameters : nullInstitution User - Check the flow of User Bulk without selecting the Certificare Type,<br/>
Test Status: Failed<br/>
</div>
</td>
<td><div><pre>cucumber.runtime.CucumberException: org.openqa.selenium.NoSuchElementException: no such element: Unable to locate element: {&quot;method&quot;:&quot;xpath&quot;,&quot;selector&quot;:&quot;//a[text()=&apos;Certificates &apos;]&quot;}
  (Session info: chrome=123.0.6312.86)
For documentation on this error, please visit: https://www.selenium.dev/documentation/webdriver/troubleshooting/errors#no-such-element-exception
Build info: version: &apos;4.12.1&apos;, revision: &apos;8e34639b11&apos;
System info: os.name: &apos;Windows 10&apos;, os.arch: &apos;amd64&apos;, os.version: &apos;10.0&apos;, java.version: &apos;11.0.20&apos;
Driver info: org.openqa.selenium.chrome.ChromeDriver
Command: [b2bb6ec68064cd66b59a7534e0b3a098, findElement {using=xpath, value=//a[text()=&apos;Certificates &apos;]}]
Capabilities {acceptInsecureCerts: false, browserName: chrome, browserVersion: 123.0.6312.86, chrome: {chromedriverVersion: 123.0.6312.58 (6b4b19e9dfbb..., userDataDir: C:\Users\admin\AppData\Loca...}, fedcm:accounts: true, goog:chromeOptions: {debuggerAddress: localhost:63661}, networkConnectionEnabled: false, pageLoadStrategy: normal, platformName: windows, proxy: Proxy(), se:cdp: ws://localhost:63661/devtoo..., se:cdpVersion: 123.0.6312.86, setWindowRect: true, strictFileInteractability: false, timeouts: {implicit: 0, pageLoad: 300000, script: 30000}, unhandledPromptBehavior: dismiss and notify, webauthn:extension:credBlob: true, webauthn:extension:largeBlob: true, webauthn:extension:minPinLength: true, webauthn:extension:prf: true, webauthn:virtualAuthenticators: true}
Session ID: b2bb6ec68064cd66b59a7534e0b3a098
	at cucumber.api.testng.TestNGCucumberRunner.runCucumber(TestNGCucumberRunner.java:69)
	at cucumber.api.testng.AbstractTestNGCucumberTests.feature(AbstractTestNGCucumberTests.java:21)
Caused by: org.openqa.selenium.NoSuchElementException: no such element: Unable to locate element: {&quot;method&quot;:&quot;xpath&quot;,&quot;selector&quot;:&quot;//a[text()=&apos;Certificates &apos;]&quot;}
  (Session info: chrome=123.0.6312.86)
For documentation on this error, please visit: https://www.selenium.dev/documentation/webdriver/troubleshooting/errors#no-such-element-exception
Build info: version: &apos;4.12.1&apos;, revision: &apos;8e34639b11&apos;
System info: os.name: &apos;Windows 10&apos;, os.arch: &apos;amd64&apos;, os.version: &apos;10.0&apos;, java.version: &apos;11.0.20&apos;
Driver info: org.openqa.selenium.chrome.ChromeDriver
Command: [b2bb6ec68064cd66b59a7534e0b3a098, findElement {using=xpath, value=//a[text()=&apos;Certificates &apos;]}]
Capabilities {acceptInsecureCerts: false, browserName: chrome, browserVersion: 123.0.6312.86, chrome: {chromedriverVersion: 123.0.6312.58 (6b4b19e9dfbb..., userDataDir: C:\Users\admin\AppData\Loca...}, fedcm:accounts: true, goog:chromeOptions: {debuggerAddress: localhost:63661}, networkConnectionEnabled: false, pageLoadStrategy: normal, platformName: windows, proxy: Proxy(), se:cdp: ws://localhost:63661/devtoo..., se:cdpVersion: 123.0.6312.86, setWindowRect: true, strictFileInteractability: false, timeouts: {implicit: 0, pageLoad: 300000, script: 30000}, unhandledPromptBehavior: dismiss and notify, webauthn:extension:credBlob: true, webauthn:extension:largeBlob: true, webauthn:extension:minPinLength: true, webauthn:extension:prf: true, webauthn:virtualAuthenticators: true}
Session ID: b2bb6ec68064cd66b59a7534e0b3a098
	at org.openqa.selenium.remote.codec.w3c.W3CHttpResponseCodec.createException(W3CHttpResponseCodec.java:200)
	at org.openqa.selenium.remote.codec.w3c.W3CHttpResponseCodec.decode(W3CHttpResponseCodec.java:133)
	at org.openqa.selenium.remote.codec.w3c.W3CHttpResponseCodec.decode(W3CHttpResponseCodec.java:52)
	at org.openqa.selenium.remote.HttpCommandExecutor.execute(HttpCommandExecutor.java:191)
	at org.openqa.selenium.remote.service.DriverCommandExecutor.invokeExecute(DriverCommandExecutor.java:196)
	at org.openqa.selenium.remote.service.DriverCommandExecutor.execute(DriverCommandExecutor.java:171)
	at org.openqa.selenium.remote.RemoteWebDriver.execute(RemoteWebDriver.java:602)
	at org.openqa.selenium.remote.ElementLocation$ElementFinder$2.findElement(ElementLocation.java:165)
	at org.openqa.selenium.remote.ElementLocation.findElement(ElementLocation.java:59)
	at org.openqa.selenium.remote.RemoteWebDriver.findElement(RemoteWebDriver.java:359)
	at org.openqa.selenium.remote.RemoteWebDriver.findElement(RemoteWebDriver.java:353)
	at com.cucumber.PageObjects.UserBulkWithoutSelectingCertificatetype.ClickontheCertificatestabthenclickonthegeneratebulkoption(UserBulkWithoutSelectingCertificatetype.java:37)
	at com.cucumber.stepdefination.UserBulkWithoutSelectingCertificatetypeSteps.click_on_the_Certificates_tab_then_click_on_the_generate_bulk_option(UserBulkWithoutSelectingCertificatetypeSteps.java:31)
	at ✽.Then Click on the Certificates tab then click on the generate bulk option(src/test/resources/features/UserBulkWithoutSelectingCertificatetype.feature:7)
... Removed 27 stack frames</pre></div><a href='#' onClick='toggleBox("stack-trace573965573", this, "Click to show all stack frames", "Click to hide stack frames")'>Click to show all stack frames</a>
<div class='stack-trace' id='stack-trace573965573'><pre>cucumber.runtime.CucumberException: org.openqa.selenium.NoSuchElementException: no such element: Unable to locate element: {&quot;method&quot;:&quot;xpath&quot;,&quot;selector&quot;:&quot;//a[text()=&apos;Certificates &apos;]&quot;}
  (Session info: chrome=123.0.6312.86)
For documentation on this error, please visit: https://www.selenium.dev/documentation/webdriver/troubleshooting/errors#no-such-element-exception
Build info: version: &apos;4.12.1&apos;, revision: &apos;8e34639b11&apos;
System info: os.name: &apos;Windows 10&apos;, os.arch: &apos;amd64&apos;, os.version: &apos;10.0&apos;, java.version: &apos;11.0.20&apos;
Driver info: org.openqa.selenium.chrome.ChromeDriver
Command: [b2bb6ec68064cd66b59a7534e0b3a098, findElement {using=xpath, value=//a[text()=&apos;Certificates &apos;]}]
Capabilities {acceptInsecureCerts: false, browserName: chrome, browserVersion: 123.0.6312.86, chrome: {chromedriverVersion: 123.0.6312.58 (6b4b19e9dfbb..., userDataDir: C:\Users\admin\AppData\Loca...}, fedcm:accounts: true, goog:chromeOptions: {debuggerAddress: localhost:63661}, networkConnectionEnabled: false, pageLoadStrategy: normal, platformName: windows, proxy: Proxy(), se:cdp: ws://localhost:63661/devtoo..., se:cdpVersion: 123.0.6312.86, setWindowRect: true, strictFileInteractability: false, timeouts: {implicit: 0, pageLoad: 300000, script: 30000}, unhandledPromptBehavior: dismiss and notify, webauthn:extension:credBlob: true, webauthn:extension:largeBlob: true, webauthn:extension:minPinLength: true, webauthn:extension:prf: true, webauthn:virtualAuthenticators: true}
Session ID: b2bb6ec68064cd66b59a7534e0b3a098
	at cucumber.api.testng.TestNGCucumberRunner.runCucumber(TestNGCucumberRunner.java:69)
	at cucumber.api.testng.AbstractTestNGCucumberTests.feature(AbstractTestNGCucumberTests.java:21)
	at jdk.internal.reflect.GeneratedMethodAccessor96.invoke(Unknown Source)
	at java.base/jdk.internal.reflect.DelegatingMethodAccessorImpl.invoke(DelegatingMethodAccessorImpl.java:43)
	at java.base/java.lang.reflect.Method.invoke(Method.java:566)
	at org.testng.internal.MethodInvocationHelper.invokeMethod(MethodInvocationHelper.java:86)
	at org.testng.internal.Invoker.invokeMethod(Invoker.java:643)
	at org.testng.internal.Invoker.invokeTestMethod(Invoker.java:820)
	at org.testng.internal.Invoker.invokeTestMethods(Invoker.java:1128)
	at org.testng.internal.TestMethodWorker.invokeTestMethods(TestMethodWorker.java:129)
	at org.testng.internal.TestMethodWorker.run(TestMethodWorker.java:112)
	at org.testng.TestRunner.privateRun(TestRunner.java:782)
	at org.testng.TestRunner.run(TestRunner.java:632)
	at org.testng.SuiteRunner.runTest(SuiteRunner.java:366)
	at org.testng.SuiteRunner.runSequentially(SuiteRunner.java:361)
	at org.testng.SuiteRunner.privateRun(SuiteRunner.java:319)
	at org.testng.SuiteRunner.run(SuiteRunner.java:268)
	at org.testng.SuiteRunnerWorker.runSuite(SuiteRunnerWorker.java:52)
	at org.testng.SuiteRunnerWorker.run(SuiteRunnerWorker.java:86)
	at org.testng.TestNG.runSuitesSequentially(TestNG.java:1244)
	at org.testng.TestNG.runSuitesLocally(TestNG.java:1169)
	at org.testng.TestNG.run(TestNG.java:1064)
	at org.testng.remote.AbstractRemoteTestNG.run(AbstractRemoteTestNG.java:115)
	at org.testng.remote.RemoteTestNG.initAndRun(RemoteTestNG.java:251)
	at org.testng.remote.RemoteTestNG.main(RemoteTestNG.java:77)
Caused by: org.openqa.selenium.NoSuchElementException: no such element: Unable to locate element: {&quot;method&quot;:&quot;xpath&quot;,&quot;selector&quot;:&quot;//a[text()=&apos;Certificates &apos;]&quot;}
  (Session info: chrome=123.0.6312.86)
For documentation on this error, please visit: https://www.selenium.dev/documentation/webdriver/troubleshooting/errors#no-such-element-exception
Build info: version: &apos;4.12.1&apos;, revision: &apos;8e34639b11&apos;
System info: os.name: &apos;Windows 10&apos;, os.arch: &apos;amd64&apos;, os.version: &apos;10.0&apos;, java.version: &apos;11.0.20&apos;
Driver info: org.openqa.selenium.chrome.ChromeDriver
Command: [b2bb6ec68064cd66b59a7534e0b3a098, findElement {using=xpath, value=//a[text()=&apos;Certificates &apos;]}]
Capabilities {acceptInsecureCerts: false, browserName: chrome, browserVersion: 123.0.6312.86, chrome: {chromedriverVersion: 123.0.6312.58 (6b4b19e9dfbb..., userDataDir: C:\Users\admin\AppData\Loca...}, fedcm:accounts: true, goog:chromeOptions: {debuggerAddress: localhost:63661}, networkConnectionEnabled: false, pageLoadStrategy: normal, platformName: windows, proxy: Proxy(), se:cdp: ws://localhost:63661/devtoo..., se:cdpVersion: 123.0.6312.86, setWindowRect: true, strictFileInteractability: false, timeouts: {implicit: 0, pageLoad: 300000, script: 30000}, unhandledPromptBehavior: dismiss and notify, webauthn:extension:credBlob: true, webauthn:extension:largeBlob: true, webauthn:extension:minPinLength: true, webauthn:extension:prf: true, webauthn:virtualAuthenticators: true}
Session ID: b2bb6ec68064cd66b59a7534e0b3a098
	at java.base/jdk.internal.reflect.NativeConstructorAccessorImpl.newInstance0(Native Method)
	at java.base/jdk.internal.reflect.NativeConstructorAccessorImpl.newInstance(NativeConstructorAccessorImpl.java:62)
	at java.base/jdk.internal.reflect.DelegatingConstructorAccessorImpl.newInstance(DelegatingConstructorAccessorImpl.java:45)
	at java.base/java.lang.reflect.Constructor.newInstance(Constructor.java:490)
	at org.openqa.selenium.remote.codec.w3c.W3CHttpResponseCodec.createException(W3CHttpResponseCodec.java:200)
	at org.openqa.selenium.remote.codec.w3c.W3CHttpResponseCodec.decode(W3CHttpResponseCodec.java:133)
	at org.openqa.selenium.remote.codec.w3c.W3CHttpResponseCodec.decode(W3CHttpResponseCodec.java:52)
	at org.openqa.selenium.remote.HttpCommandExecutor.execute(HttpCommandExecutor.java:191)
	at org.openqa.selenium.remote.service.DriverCommandExecutor.invokeExecute(DriverCommandExecutor.java:196)
	at org.openqa.selenium.remote.service.DriverCommandExecutor.execute(DriverCommandExecutor.java:171)
	at org.openqa.selenium.remote.RemoteWebDriver.execute(RemoteWebDriver.java:602)
	at org.openqa.selenium.remote.ElementLocation$ElementFinder$2.findElement(ElementLocation.java:165)
	at org.openqa.selenium.remote.ElementLocation.findElement(ElementLocation.java:59)
	at org.openqa.selenium.remote.RemoteWebDriver.findElement(RemoteWebDriver.java:359)
	at org.openqa.selenium.remote.RemoteWebDriver.findElement(RemoteWebDriver.java:353)
	at com.cucumber.PageObjects.UserBulkWithoutSelectingCertificatetype.ClickontheCertificatestabthenclickonthegeneratebulkoption(UserBulkWithoutSelectingCertificatetype.java:37)
	at com.cucumber.stepdefination.UserBulkWithoutSelectingCertificatetypeSteps.click_on_the_Certificates_tab_then_click_on_the_generate_bulk_option(UserBulkWithoutSelectingCertificatetypeSteps.java:31)
	at ✽.Then Click on the Certificates tab then click on the generate bulk option(src/test/resources/features/UserBulkWithoutSelectingCertificatetype.feature:7)
</pre></div></td>
<td>28</td>
<td>com.cucumber.TestRunner.UserGenerateBulkWithoutSelectingCertificatetypeRunner@1349883</td></tr>
<tr>
<td title='com.cucumber.TestRunner.UserGeneratedCertificateWithoutSelectingCheckboxesRunner.feature()'><b>feature</b><br>Test class: com.cucumber.TestRunner.UserGeneratedCertificateWithoutSelectingCheckboxesRunner<br>Test method: Runs Cucumber Feature<br>Parameters: Institution User - Check the flow of Generated Certificates without selecting checkboxes<br/>
<a href="#Output-1971845723" onClick='toggleBox("Output-1971845723", this, "Show output", "Hide output");'>Show output</a>

<a href="#Output-1971845723" onClick="toggleAllBoxes();">Show all outputs</a>
<div class='log' id="Output-1971845723">
Completed executing following method : AbstractTestNGCucumberTests.feature<br/>
Test Method resides in com.cucumber.TestRunner.UserGeneratedCertificateWithoutSelectingCheckboxesRunner<br/>
Test Method had the following parameters : nullInstitution User - Check the flow of Generated Certificates without selecting checkboxes,<br/>
Test Status: Failed<br/>
</div>
</td>
<td><div><pre>cucumber.runtime.CucumberException: cucumber.runtime.CucumberException: There are undefined steps
	at cucumber.api.testng.TestNGCucumberRunner.runCucumber(TestNGCucumberRunner.java:69)
	at cucumber.api.testng.AbstractTestNGCucumberTests.feature(AbstractTestNGCucumberTests.java:21)
Caused by: cucumber.runtime.CucumberException: There are undefined steps
	at cucumber.api.testng.FeatureResultListener.collectError(FeatureResultListener.java:60)
	at cucumber.api.testng.FeatureResultListener.result(FeatureResultListener.java:45)
	at cucumber.runtime.Runtime.runStep(Runtime.java:282)
	at cucumber.runtime.model.StepContainer.runStep(StepContainer.java:44)
	at cucumber.runtime.model.StepContainer.runSteps(StepContainer.java:39)
	at cucumber.runtime.model.CucumberScenario.run(CucumberScenario.java:44)
	at cucumber.runtime.model.CucumberFeature.run(CucumberFeature.java:165)
	at cucumber.api.testng.TestNGCucumberRunner.runCucumber(TestNGCucumberRunner.java:63)
	... 24 more
... Removed 23 stack frames</pre></div><a href='#' onClick='toggleBox("stack-trace1971845723", this, "Click to show all stack frames", "Click to hide stack frames")'>Click to show all stack frames</a>
<div class='stack-trace' id='stack-trace1971845723'><pre>cucumber.runtime.CucumberException: cucumber.runtime.CucumberException: There are undefined steps
	at cucumber.api.testng.TestNGCucumberRunner.runCucumber(TestNGCucumberRunner.java:69)
	at cucumber.api.testng.AbstractTestNGCucumberTests.feature(AbstractTestNGCucumberTests.java:21)
	at jdk.internal.reflect.GeneratedMethodAccessor96.invoke(Unknown Source)
	at java.base/jdk.internal.reflect.DelegatingMethodAccessorImpl.invoke(DelegatingMethodAccessorImpl.java:43)
	at java.base/java.lang.reflect.Method.invoke(Method.java:566)
	at org.testng.internal.MethodInvocationHelper.invokeMethod(MethodInvocationHelper.java:86)
	at org.testng.internal.Invoker.invokeMethod(Invoker.java:643)
	at org.testng.internal.Invoker.invokeTestMethod(Invoker.java:820)
	at org.testng.internal.Invoker.invokeTestMethods(Invoker.java:1128)
	at org.testng.internal.TestMethodWorker.invokeTestMethods(TestMethodWorker.java:129)
	at org.testng.internal.TestMethodWorker.run(TestMethodWorker.java:112)
	at org.testng.TestRunner.privateRun(TestRunner.java:782)
	at org.testng.TestRunner.run(TestRunner.java:632)
	at org.testng.SuiteRunner.runTest(SuiteRunner.java:366)
	at org.testng.SuiteRunner.runSequentially(SuiteRunner.java:361)
	at org.testng.SuiteRunner.privateRun(SuiteRunner.java:319)
	at org.testng.SuiteRunner.run(SuiteRunner.java:268)
	at org.testng.SuiteRunnerWorker.runSuite(SuiteRunnerWorker.java:52)
	at org.testng.SuiteRunnerWorker.run(SuiteRunnerWorker.java:86)
	at org.testng.TestNG.runSuitesSequentially(TestNG.java:1244)
	at org.testng.TestNG.runSuitesLocally(TestNG.java:1169)
	at org.testng.TestNG.run(TestNG.java:1064)
	at org.testng.remote.AbstractRemoteTestNG.run(AbstractRemoteTestNG.java:115)
	at org.testng.remote.RemoteTestNG.initAndRun(RemoteTestNG.java:251)
	at org.testng.remote.RemoteTestNG.main(RemoteTestNG.java:77)
Caused by: cucumber.runtime.CucumberException: There are undefined steps
	at cucumber.api.testng.FeatureResultListener.collectError(FeatureResultListener.java:60)
	at cucumber.api.testng.FeatureResultListener.result(FeatureResultListener.java:45)
	at cucumber.runtime.Runtime.runStep(Runtime.java:282)
	at cucumber.runtime.model.StepContainer.runStep(StepContainer.java:44)
	at cucumber.runtime.model.StepContainer.runSteps(StepContainer.java:39)
	at cucumber.runtime.model.CucumberScenario.run(CucumberScenario.java:44)
	at cucumber.runtime.model.CucumberFeature.run(CucumberFeature.java:165)
	at cucumber.api.testng.TestNGCucumberRunner.runCucumber(TestNGCucumberRunner.java:63)
	... 24 more
</pre></div></td>
<td>0</td>
<td>com.cucumber.TestRunner.UserGeneratedCertificateWithoutSelectingCheckboxesRunner@33bc72d1</td></tr>
<tr>
<td title='com.cucumber.TestRunner.UserVerifyCertificatesRunner.feature()'><b>feature</b><br>Test class: com.cucumber.TestRunner.UserVerifyCertificatesRunner<br>Test method: Runs Cucumber Feature<br>Parameters: Institution User - Check the flow of Institution User Verify Certificates<br/>
<a href="#Output-1805434181" onClick='toggleBox("Output-1805434181", this, "Show output", "Hide output");'>Show output</a>

<a href="#Output-1805434181" onClick="toggleAllBoxes();">Show all outputs</a>
<div class='log' id="Output-1805434181">
Completed executing following method : AbstractTestNGCucumberTests.feature<br/>
Test Method resides in com.cucumber.TestRunner.UserVerifyCertificatesRunner<br/>
Test Method had the following parameters : nullInstitution User - Check the flow of Institution User Verify Certificates,<br/>
Test Status: Failed<br/>
</div>
</td>
<td><div><pre>cucumber.runtime.CucumberException: org.openqa.selenium.NoSuchElementException: no such element: Unable to locate element: {&quot;method&quot;:&quot;xpath&quot;,&quot;selector&quot;:&quot;//button[text()=&apos;Yes, Submit&apos;]&quot;}
  (Session info: chrome=123.0.6312.86)
For documentation on this error, please visit: https://www.selenium.dev/documentation/webdriver/troubleshooting/errors#no-such-element-exception
Build info: version: &apos;4.12.1&apos;, revision: &apos;8e34639b11&apos;
System info: os.name: &apos;Windows 10&apos;, os.arch: &apos;amd64&apos;, os.version: &apos;10.0&apos;, java.version: &apos;11.0.20&apos;
Driver info: org.openqa.selenium.chrome.ChromeDriver
Command: [53f82a819f364cc2f5b01f1baa88a254, findElement {using=xpath, value=//button[text()=&apos;Yes, Submit&apos;]}]
Capabilities {acceptInsecureCerts: false, browserName: chrome, browserVersion: 123.0.6312.86, chrome: {chromedriverVersion: 123.0.6312.58 (6b4b19e9dfbb..., userDataDir: C:\Users\admin\AppData\Loca...}, fedcm:accounts: true, goog:chromeOptions: {debuggerAddress: localhost:64539}, networkConnectionEnabled: false, pageLoadStrategy: normal, platformName: windows, proxy: Proxy(), se:cdp: ws://localhost:64539/devtoo..., se:cdpVersion: 123.0.6312.86, setWindowRect: true, strictFileInteractability: false, timeouts: {implicit: 0, pageLoad: 300000, script: 30000}, unhandledPromptBehavior: dismiss and notify, webauthn:extension:credBlob: true, webauthn:extension:largeBlob: true, webauthn:extension:minPinLength: true, webauthn:extension:prf: true, webauthn:virtualAuthenticators: true}
Session ID: 53f82a819f364cc2f5b01f1baa88a254
	at cucumber.api.testng.TestNGCucumberRunner.runCucumber(TestNGCucumberRunner.java:69)
	at cucumber.api.testng.AbstractTestNGCucumberTests.feature(AbstractTestNGCucumberTests.java:21)
Caused by: org.openqa.selenium.NoSuchElementException: no such element: Unable to locate element: {&quot;method&quot;:&quot;xpath&quot;,&quot;selector&quot;:&quot;//button[text()=&apos;Yes, Submit&apos;]&quot;}
  (Session info: chrome=123.0.6312.86)
For documentation on this error, please visit: https://www.selenium.dev/documentation/webdriver/troubleshooting/errors#no-such-element-exception
Build info: version: &apos;4.12.1&apos;, revision: &apos;8e34639b11&apos;
System info: os.name: &apos;Windows 10&apos;, os.arch: &apos;amd64&apos;, os.version: &apos;10.0&apos;, java.version: &apos;11.0.20&apos;
Driver info: org.openqa.selenium.chrome.ChromeDriver
Command: [53f82a819f364cc2f5b01f1baa88a254, findElement {using=xpath, value=//button[text()=&apos;Yes, Submit&apos;]}]
Capabilities {acceptInsecureCerts: false, browserName: chrome, browserVersion: 123.0.6312.86, chrome: {chromedriverVersion: 123.0.6312.58 (6b4b19e9dfbb..., userDataDir: C:\Users\admin\AppData\Loca...}, fedcm:accounts: true, goog:chromeOptions: {debuggerAddress: localhost:64539}, networkConnectionEnabled: false, pageLoadStrategy: normal, platformName: windows, proxy: Proxy(), se:cdp: ws://localhost:64539/devtoo..., se:cdpVersion: 123.0.6312.86, setWindowRect: true, strictFileInteractability: false, timeouts: {implicit: 0, pageLoad: 300000, script: 30000}, unhandledPromptBehavior: dismiss and notify, webauthn:extension:credBlob: true, webauthn:extension:largeBlob: true, webauthn:extension:minPinLength: true, webauthn:extension:prf: true, webauthn:virtualAuthenticators: true}
Session ID: 53f82a819f364cc2f5b01f1baa88a254
	at org.openqa.selenium.remote.codec.w3c.W3CHttpResponseCodec.createException(W3CHttpResponseCodec.java:200)
	at org.openqa.selenium.remote.codec.w3c.W3CHttpResponseCodec.decode(W3CHttpResponseCodec.java:133)
	at org.openqa.selenium.remote.codec.w3c.W3CHttpResponseCodec.decode(W3CHttpResponseCodec.java:52)
	at org.openqa.selenium.remote.HttpCommandExecutor.execute(HttpCommandExecutor.java:191)
	at org.openqa.selenium.remote.service.DriverCommandExecutor.invokeExecute(DriverCommandExecutor.java:196)
	at org.openqa.selenium.remote.service.DriverCommandExecutor.execute(DriverCommandExecutor.java:171)
	at org.openqa.selenium.remote.RemoteWebDriver.execute(RemoteWebDriver.java:602)
	at org.openqa.selenium.remote.ElementLocation$ElementFinder$2.findElement(ElementLocation.java:165)
	at org.openqa.selenium.remote.ElementLocation.findElement(ElementLocation.java:59)
	at org.openqa.selenium.remote.RemoteWebDriver.findElement(RemoteWebDriver.java:359)
	at org.openqa.selenium.remote.RemoteWebDriver.findElement(RemoteWebDriver.java:353)
	at com.cucumber.PageObjects.UserVerifyCertificatePageObjects.fillalltheinputfieldsandclickonNextbutton(UserVerifyCertificatePageObjects.java:107)
	at com.cucumber.stepdefination.UserVerifyCertificatesSteps.fill_all_the_input_fields_and_click_on_Next_button(UserVerifyCertificatesSteps.java:47)
	at ✽.Then fill all the input fields and click on Next button(src/test/resources/features/UserVerifyCertificate.feature:10)
... Removed 27 stack frames</pre></div><a href='#' onClick='toggleBox("stack-trace1805434181", this, "Click to show all stack frames", "Click to hide stack frames")'>Click to show all stack frames</a>
<div class='stack-trace' id='stack-trace1805434181'><pre>cucumber.runtime.CucumberException: org.openqa.selenium.NoSuchElementException: no such element: Unable to locate element: {&quot;method&quot;:&quot;xpath&quot;,&quot;selector&quot;:&quot;//button[text()=&apos;Yes, Submit&apos;]&quot;}
  (Session info: chrome=123.0.6312.86)
For documentation on this error, please visit: https://www.selenium.dev/documentation/webdriver/troubleshooting/errors#no-such-element-exception
Build info: version: &apos;4.12.1&apos;, revision: &apos;8e34639b11&apos;
System info: os.name: &apos;Windows 10&apos;, os.arch: &apos;amd64&apos;, os.version: &apos;10.0&apos;, java.version: &apos;11.0.20&apos;
Driver info: org.openqa.selenium.chrome.ChromeDriver
Command: [53f82a819f364cc2f5b01f1baa88a254, findElement {using=xpath, value=//button[text()=&apos;Yes, Submit&apos;]}]
Capabilities {acceptInsecureCerts: false, browserName: chrome, browserVersion: 123.0.6312.86, chrome: {chromedriverVersion: 123.0.6312.58 (6b4b19e9dfbb..., userDataDir: C:\Users\admin\AppData\Loca...}, fedcm:accounts: true, goog:chromeOptions: {debuggerAddress: localhost:64539}, networkConnectionEnabled: false, pageLoadStrategy: normal, platformName: windows, proxy: Proxy(), se:cdp: ws://localhost:64539/devtoo..., se:cdpVersion: 123.0.6312.86, setWindowRect: true, strictFileInteractability: false, timeouts: {implicit: 0, pageLoad: 300000, script: 30000}, unhandledPromptBehavior: dismiss and notify, webauthn:extension:credBlob: true, webauthn:extension:largeBlob: true, webauthn:extension:minPinLength: true, webauthn:extension:prf: true, webauthn:virtualAuthenticators: true}
Session ID: 53f82a819f364cc2f5b01f1baa88a254
	at cucumber.api.testng.TestNGCucumberRunner.runCucumber(TestNGCucumberRunner.java:69)
	at cucumber.api.testng.AbstractTestNGCucumberTests.feature(AbstractTestNGCucumberTests.java:21)
	at jdk.internal.reflect.GeneratedMethodAccessor96.invoke(Unknown Source)
	at java.base/jdk.internal.reflect.DelegatingMethodAccessorImpl.invoke(DelegatingMethodAccessorImpl.java:43)
	at java.base/java.lang.reflect.Method.invoke(Method.java:566)
	at org.testng.internal.MethodInvocationHelper.invokeMethod(MethodInvocationHelper.java:86)
	at org.testng.internal.Invoker.invokeMethod(Invoker.java:643)
	at org.testng.internal.Invoker.invokeTestMethod(Invoker.java:820)
	at org.testng.internal.Invoker.invokeTestMethods(Invoker.java:1128)
	at org.testng.internal.TestMethodWorker.invokeTestMethods(TestMethodWorker.java:129)
	at org.testng.internal.TestMethodWorker.run(TestMethodWorker.java:112)
	at org.testng.TestRunner.privateRun(TestRunner.java:782)
	at org.testng.TestRunner.run(TestRunner.java:632)
	at org.testng.SuiteRunner.runTest(SuiteRunner.java:366)
	at org.testng.SuiteRunner.runSequentially(SuiteRunner.java:361)
	at org.testng.SuiteRunner.privateRun(SuiteRunner.java:319)
	at org.testng.SuiteRunner.run(SuiteRunner.java:268)
	at org.testng.SuiteRunnerWorker.runSuite(SuiteRunnerWorker.java:52)
	at org.testng.SuiteRunnerWorker.run(SuiteRunnerWorker.java:86)
	at org.testng.TestNG.runSuitesSequentially(TestNG.java:1244)
	at org.testng.TestNG.runSuitesLocally(TestNG.java:1169)
	at org.testng.TestNG.run(TestNG.java:1064)
	at org.testng.remote.AbstractRemoteTestNG.run(AbstractRemoteTestNG.java:115)
	at org.testng.remote.RemoteTestNG.initAndRun(RemoteTestNG.java:251)
	at org.testng.remote.RemoteTestNG.main(RemoteTestNG.java:77)
Caused by: org.openqa.selenium.NoSuchElementException: no such element: Unable to locate element: {&quot;method&quot;:&quot;xpath&quot;,&quot;selector&quot;:&quot;//button[text()=&apos;Yes, Submit&apos;]&quot;}
  (Session info: chrome=123.0.6312.86)
For documentation on this error, please visit: https://www.selenium.dev/documentation/webdriver/troubleshooting/errors#no-such-element-exception
Build info: version: &apos;4.12.1&apos;, revision: &apos;8e34639b11&apos;
System info: os.name: &apos;Windows 10&apos;, os.arch: &apos;amd64&apos;, os.version: &apos;10.0&apos;, java.version: &apos;11.0.20&apos;
Driver info: org.openqa.selenium.chrome.ChromeDriver
Command: [53f82a819f364cc2f5b01f1baa88a254, findElement {using=xpath, value=//button[text()=&apos;Yes, Submit&apos;]}]
Capabilities {acceptInsecureCerts: false, browserName: chrome, browserVersion: 123.0.6312.86, chrome: {chromedriverVersion: 123.0.6312.58 (6b4b19e9dfbb..., userDataDir: C:\Users\admin\AppData\Loca...}, fedcm:accounts: true, goog:chromeOptions: {debuggerAddress: localhost:64539}, networkConnectionEnabled: false, pageLoadStrategy: normal, platformName: windows, proxy: Proxy(), se:cdp: ws://localhost:64539/devtoo..., se:cdpVersion: 123.0.6312.86, setWindowRect: true, strictFileInteractability: false, timeouts: {implicit: 0, pageLoad: 300000, script: 30000}, unhandledPromptBehavior: dismiss and notify, webauthn:extension:credBlob: true, webauthn:extension:largeBlob: true, webauthn:extension:minPinLength: true, webauthn:extension:prf: true, webauthn:virtualAuthenticators: true}
Session ID: 53f82a819f364cc2f5b01f1baa88a254
	at java.base/jdk.internal.reflect.NativeConstructorAccessorImpl.newInstance0(Native Method)
	at java.base/jdk.internal.reflect.NativeConstructorAccessorImpl.newInstance(NativeConstructorAccessorImpl.java:62)
	at java.base/jdk.internal.reflect.DelegatingConstructorAccessorImpl.newInstance(DelegatingConstructorAccessorImpl.java:45)
	at java.base/java.lang.reflect.Constructor.newInstance(Constructor.java:490)
	at org.openqa.selenium.remote.codec.w3c.W3CHttpResponseCodec.createException(W3CHttpResponseCodec.java:200)
	at org.openqa.selenium.remote.codec.w3c.W3CHttpResponseCodec.decode(W3CHttpResponseCodec.java:133)
	at org.openqa.selenium.remote.codec.w3c.W3CHttpResponseCodec.decode(W3CHttpResponseCodec.java:52)
	at org.openqa.selenium.remote.HttpCommandExecutor.execute(HttpCommandExecutor.java:191)
	at org.openqa.selenium.remote.service.DriverCommandExecutor.invokeExecute(DriverCommandExecutor.java:196)
	at org.openqa.selenium.remote.service.DriverCommandExecutor.execute(DriverCommandExecutor.java:171)
	at org.openqa.selenium.remote.RemoteWebDriver.execute(RemoteWebDriver.java:602)
	at org.openqa.selenium.remote.ElementLocation$ElementFinder$2.findElement(ElementLocation.java:165)
	at org.openqa.selenium.remote.ElementLocation.findElement(ElementLocation.java:59)
	at org.openqa.selenium.remote.RemoteWebDriver.findElement(RemoteWebDriver.java:359)
	at org.openqa.selenium.remote.RemoteWebDriver.findElement(RemoteWebDriver.java:353)
	at com.cucumber.PageObjects.UserVerifyCertificatePageObjects.fillalltheinputfieldsandclickonNextbutton(UserVerifyCertificatePageObjects.java:107)
	at com.cucumber.stepdefination.UserVerifyCertificatesSteps.fill_all_the_input_fields_and_click_on_Next_button(UserVerifyCertificatesSteps.java:47)
	at ✽.Then fill all the input fields and click on Next button(src/test/resources/features/UserVerifyCertificate.feature:10)
</pre></div></td>
<td>43</td>
<td>com.cucumber.TestRunner.UserVerifyCertificatesRunner@402c4085</td></tr>
<tr>
<td title='com.cucumber.TestRunner.UserGenerateBulkWithApprovalRunner.feature()'><b>feature</b><br>Test class: com.cucumber.TestRunner.UserGenerateBulkWithApprovalRunner<br>Test method: Runs Cucumber Feature<br>Parameters: Institution User - Check the flow of Institution User Bulk with Approvals<br/>
<a href="#Output-2094293761" onClick='toggleBox("Output-2094293761", this, "Show output", "Hide output");'>Show output</a>

<a href="#Output-2094293761" onClick="toggleAllBoxes();">Show all outputs</a>
<div class='log' id="Output-2094293761">
Completed executing following method : AbstractTestNGCucumberTests.feature<br/>
Test Method resides in com.cucumber.TestRunner.UserGenerateBulkWithApprovalRunner<br/>
Test Method had the following parameters : nullInstitution User - Check the flow of Institution User Bulk with Approvals,<br/>
Test Status: Failed<br/>
</div>
</td>
<td><div><pre>cucumber.runtime.CucumberException: org.openqa.selenium.NoSuchElementException: no such element: Unable to locate element: {&quot;method&quot;:&quot;xpath&quot;,&quot;selector&quot;:&quot;//a[@class=&apos;sub-icon&apos;][normalize-space()=&apos;Settings&apos;]&quot;}
  (Session info: chrome=123.0.6312.86)
For documentation on this error, please visit: https://www.selenium.dev/documentation/webdriver/troubleshooting/errors#no-such-element-exception
Build info: version: &apos;4.12.1&apos;, revision: &apos;8e34639b11&apos;
System info: os.name: &apos;Windows 10&apos;, os.arch: &apos;amd64&apos;, os.version: &apos;10.0&apos;, java.version: &apos;11.0.20&apos;
Driver info: org.openqa.selenium.chrome.ChromeDriver
Command: [3c41279642faee9093a7019c0a5c2137, findElement {using=xpath, value=//a[@class=&apos;sub-icon&apos;][normalize-space()=&apos;Settings&apos;]}]
Capabilities {acceptInsecureCerts: false, browserName: chrome, browserVersion: 123.0.6312.86, chrome: {chromedriverVersion: 123.0.6312.58 (6b4b19e9dfbb..., userDataDir: C:\Users\admin\AppData\Loca...}, fedcm:accounts: true, goog:chromeOptions: {debuggerAddress: localhost:64783}, networkConnectionEnabled: false, pageLoadStrategy: normal, platformName: windows, proxy: Proxy(), se:cdp: ws://localhost:64783/devtoo..., se:cdpVersion: 123.0.6312.86, setWindowRect: true, strictFileInteractability: false, timeouts: {implicit: 0, pageLoad: 300000, script: 30000}, unhandledPromptBehavior: dismiss and notify, webauthn:extension:credBlob: true, webauthn:extension:largeBlob: true, webauthn:extension:minPinLength: true, webauthn:extension:prf: true, webauthn:virtualAuthenticators: true}
Session ID: 3c41279642faee9093a7019c0a5c2137
	at cucumber.api.testng.TestNGCucumberRunner.runCucumber(TestNGCucumberRunner.java:69)
	at cucumber.api.testng.AbstractTestNGCucumberTests.feature(AbstractTestNGCucumberTests.java:21)
Caused by: org.openqa.selenium.NoSuchElementException: no such element: Unable to locate element: {&quot;method&quot;:&quot;xpath&quot;,&quot;selector&quot;:&quot;//a[@class=&apos;sub-icon&apos;][normalize-space()=&apos;Settings&apos;]&quot;}
  (Session info: chrome=123.0.6312.86)
For documentation on this error, please visit: https://www.selenium.dev/documentation/webdriver/troubleshooting/errors#no-such-element-exception
Build info: version: &apos;4.12.1&apos;, revision: &apos;8e34639b11&apos;
System info: os.name: &apos;Windows 10&apos;, os.arch: &apos;amd64&apos;, os.version: &apos;10.0&apos;, java.version: &apos;11.0.20&apos;
Driver info: org.openqa.selenium.chrome.ChromeDriver
Command: [3c41279642faee9093a7019c0a5c2137, findElement {using=xpath, value=//a[@class=&apos;sub-icon&apos;][normalize-space()=&apos;Settings&apos;]}]
Capabilities {acceptInsecureCerts: false, browserName: chrome, browserVersion: 123.0.6312.86, chrome: {chromedriverVersion: 123.0.6312.58 (6b4b19e9dfbb..., userDataDir: C:\Users\admin\AppData\Loca...}, fedcm:accounts: true, goog:chromeOptions: {debuggerAddress: localhost:64783}, networkConnectionEnabled: false, pageLoadStrategy: normal, platformName: windows, proxy: Proxy(), se:cdp: ws://localhost:64783/devtoo..., se:cdpVersion: 123.0.6312.86, setWindowRect: true, strictFileInteractability: false, timeouts: {implicit: 0, pageLoad: 300000, script: 30000}, unhandledPromptBehavior: dismiss and notify, webauthn:extension:credBlob: true, webauthn:extension:largeBlob: true, webauthn:extension:minPinLength: true, webauthn:extension:prf: true, webauthn:virtualAuthenticators: true}
Session ID: 3c41279642faee9093a7019c0a5c2137
	at org.openqa.selenium.remote.codec.w3c.W3CHttpResponseCodec.createException(W3CHttpResponseCodec.java:200)
	at org.openqa.selenium.remote.codec.w3c.W3CHttpResponseCodec.decode(W3CHttpResponseCodec.java:133)
	at org.openqa.selenium.remote.codec.w3c.W3CHttpResponseCodec.decode(W3CHttpResponseCodec.java:52)
	at org.openqa.selenium.remote.HttpCommandExecutor.execute(HttpCommandExecutor.java:191)
	at org.openqa.selenium.remote.service.DriverCommandExecutor.invokeExecute(DriverCommandExecutor.java:196)
	at org.openqa.selenium.remote.service.DriverCommandExecutor.execute(DriverCommandExecutor.java:171)
	at org.openqa.selenium.remote.RemoteWebDriver.execute(RemoteWebDriver.java:602)
	at org.openqa.selenium.remote.ElementLocation$ElementFinder$2.findElement(ElementLocation.java:165)
	at org.openqa.selenium.remote.ElementLocation.findElement(ElementLocation.java:59)
	at org.openqa.selenium.remote.RemoteWebDriver.findElement(RemoteWebDriver.java:359)
	at org.openqa.selenium.remote.RemoteWebDriver.findElement(RemoteWebDriver.java:353)
	at com.cucumber.PageObjects.UserSingleGenerationWithApprovalPageObjects.clicktheadminsettingsdropdown(UserSingleGenerationWithApprovalPageObjects.java:74)
	at com.cucumber.stepdefination.UserSingleGenerationWithApprovalSteps.click_the_adminsettings_dropdown(UserSingleGenerationWithApprovalSteps.java:30)
	at ✽.Then click the adminsettings dropdown(src/test/resources/features/UserGenerateBulkWithApproval.feature:7)
... Removed 27 stack frames</pre></div><a href='#' onClick='toggleBox("stack-trace2094293761", this, "Click to show all stack frames", "Click to hide stack frames")'>Click to show all stack frames</a>
<div class='stack-trace' id='stack-trace2094293761'><pre>cucumber.runtime.CucumberException: org.openqa.selenium.NoSuchElementException: no such element: Unable to locate element: {&quot;method&quot;:&quot;xpath&quot;,&quot;selector&quot;:&quot;//a[@class=&apos;sub-icon&apos;][normalize-space()=&apos;Settings&apos;]&quot;}
  (Session info: chrome=123.0.6312.86)
For documentation on this error, please visit: https://www.selenium.dev/documentation/webdriver/troubleshooting/errors#no-such-element-exception
Build info: version: &apos;4.12.1&apos;, revision: &apos;8e34639b11&apos;
System info: os.name: &apos;Windows 10&apos;, os.arch: &apos;amd64&apos;, os.version: &apos;10.0&apos;, java.version: &apos;11.0.20&apos;
Driver info: org.openqa.selenium.chrome.ChromeDriver
Command: [3c41279642faee9093a7019c0a5c2137, findElement {using=xpath, value=//a[@class=&apos;sub-icon&apos;][normalize-space()=&apos;Settings&apos;]}]
Capabilities {acceptInsecureCerts: false, browserName: chrome, browserVersion: 123.0.6312.86, chrome: {chromedriverVersion: 123.0.6312.58 (6b4b19e9dfbb..., userDataDir: C:\Users\admin\AppData\Loca...}, fedcm:accounts: true, goog:chromeOptions: {debuggerAddress: localhost:64783}, networkConnectionEnabled: false, pageLoadStrategy: normal, platformName: windows, proxy: Proxy(), se:cdp: ws://localhost:64783/devtoo..., se:cdpVersion: 123.0.6312.86, setWindowRect: true, strictFileInteractability: false, timeouts: {implicit: 0, pageLoad: 300000, script: 30000}, unhandledPromptBehavior: dismiss and notify, webauthn:extension:credBlob: true, webauthn:extension:largeBlob: true, webauthn:extension:minPinLength: true, webauthn:extension:prf: true, webauthn:virtualAuthenticators: true}
Session ID: 3c41279642faee9093a7019c0a5c2137
	at cucumber.api.testng.TestNGCucumberRunner.runCucumber(TestNGCucumberRunner.java:69)
	at cucumber.api.testng.AbstractTestNGCucumberTests.feature(AbstractTestNGCucumberTests.java:21)
	at jdk.internal.reflect.GeneratedMethodAccessor96.invoke(Unknown Source)
	at java.base/jdk.internal.reflect.DelegatingMethodAccessorImpl.invoke(DelegatingMethodAccessorImpl.java:43)
	at java.base/java.lang.reflect.Method.invoke(Method.java:566)
	at org.testng.internal.MethodInvocationHelper.invokeMethod(MethodInvocationHelper.java:86)
	at org.testng.internal.Invoker.invokeMethod(Invoker.java:643)
	at org.testng.internal.Invoker.invokeTestMethod(Invoker.java:820)
	at org.testng.internal.Invoker.invokeTestMethods(Invoker.java:1128)
	at org.testng.internal.TestMethodWorker.invokeTestMethods(TestMethodWorker.java:129)
	at org.testng.internal.TestMethodWorker.run(TestMethodWorker.java:112)
	at org.testng.TestRunner.privateRun(TestRunner.java:782)
	at org.testng.TestRunner.run(TestRunner.java:632)
	at org.testng.SuiteRunner.runTest(SuiteRunner.java:366)
	at org.testng.SuiteRunner.runSequentially(SuiteRunner.java:361)
	at org.testng.SuiteRunner.privateRun(SuiteRunner.java:319)
	at org.testng.SuiteRunner.run(SuiteRunner.java:268)
	at org.testng.SuiteRunnerWorker.runSuite(SuiteRunnerWorker.java:52)
	at org.testng.SuiteRunnerWorker.run(SuiteRunnerWorker.java:86)
	at org.testng.TestNG.runSuitesSequentially(TestNG.java:1244)
	at org.testng.TestNG.runSuitesLocally(TestNG.java:1169)
	at org.testng.TestNG.run(TestNG.java:1064)
	at org.testng.remote.AbstractRemoteTestNG.run(AbstractRemoteTestNG.java:115)
	at org.testng.remote.RemoteTestNG.initAndRun(RemoteTestNG.java:251)
	at org.testng.remote.RemoteTestNG.main(RemoteTestNG.java:77)
Caused by: org.openqa.selenium.NoSuchElementException: no such element: Unable to locate element: {&quot;method&quot;:&quot;xpath&quot;,&quot;selector&quot;:&quot;//a[@class=&apos;sub-icon&apos;][normalize-space()=&apos;Settings&apos;]&quot;}
  (Session info: chrome=123.0.6312.86)
For documentation on this error, please visit: https://www.selenium.dev/documentation/webdriver/troubleshooting/errors#no-such-element-exception
Build info: version: &apos;4.12.1&apos;, revision: &apos;8e34639b11&apos;
System info: os.name: &apos;Windows 10&apos;, os.arch: &apos;amd64&apos;, os.version: &apos;10.0&apos;, java.version: &apos;11.0.20&apos;
Driver info: org.openqa.selenium.chrome.ChromeDriver
Command: [3c41279642faee9093a7019c0a5c2137, findElement {using=xpath, value=//a[@class=&apos;sub-icon&apos;][normalize-space()=&apos;Settings&apos;]}]
Capabilities {acceptInsecureCerts: false, browserName: chrome, browserVersion: 123.0.6312.86, chrome: {chromedriverVersion: 123.0.6312.58 (6b4b19e9dfbb..., userDataDir: C:\Users\admin\AppData\Loca...}, fedcm:accounts: true, goog:chromeOptions: {debuggerAddress: localhost:64783}, networkConnectionEnabled: false, pageLoadStrategy: normal, platformName: windows, proxy: Proxy(), se:cdp: ws://localhost:64783/devtoo..., se:cdpVersion: 123.0.6312.86, setWindowRect: true, strictFileInteractability: false, timeouts: {implicit: 0, pageLoad: 300000, script: 30000}, unhandledPromptBehavior: dismiss and notify, webauthn:extension:credBlob: true, webauthn:extension:largeBlob: true, webauthn:extension:minPinLength: true, webauthn:extension:prf: true, webauthn:virtualAuthenticators: true}
Session ID: 3c41279642faee9093a7019c0a5c2137
	at java.base/jdk.internal.reflect.NativeConstructorAccessorImpl.newInstance0(Native Method)
	at java.base/jdk.internal.reflect.NativeConstructorAccessorImpl.newInstance(NativeConstructorAccessorImpl.java:62)
	at java.base/jdk.internal.reflect.DelegatingConstructorAccessorImpl.newInstance(DelegatingConstructorAccessorImpl.java:45)
	at java.base/java.lang.reflect.Constructor.newInstance(Constructor.java:490)
	at org.openqa.selenium.remote.codec.w3c.W3CHttpResponseCodec.createException(W3CHttpResponseCodec.java:200)
	at org.openqa.selenium.remote.codec.w3c.W3CHttpResponseCodec.decode(W3CHttpResponseCodec.java:133)
	at org.openqa.selenium.remote.codec.w3c.W3CHttpResponseCodec.decode(W3CHttpResponseCodec.java:52)
	at org.openqa.selenium.remote.HttpCommandExecutor.execute(HttpCommandExecutor.java:191)
	at org.openqa.selenium.remote.service.DriverCommandExecutor.invokeExecute(DriverCommandExecutor.java:196)
	at org.openqa.selenium.remote.service.DriverCommandExecutor.execute(DriverCommandExecutor.java:171)
	at org.openqa.selenium.remote.RemoteWebDriver.execute(RemoteWebDriver.java:602)
	at org.openqa.selenium.remote.ElementLocation$ElementFinder$2.findElement(ElementLocation.java:165)
	at org.openqa.selenium.remote.ElementLocation.findElement(ElementLocation.java:59)
	at org.openqa.selenium.remote.RemoteWebDriver.findElement(RemoteWebDriver.java:359)
	at org.openqa.selenium.remote.RemoteWebDriver.findElement(RemoteWebDriver.java:353)
	at com.cucumber.PageObjects.UserSingleGenerationWithApprovalPageObjects.clicktheadminsettingsdropdown(UserSingleGenerationWithApprovalPageObjects.java:74)
	at com.cucumber.stepdefination.UserSingleGenerationWithApprovalSteps.click_the_adminsettings_dropdown(UserSingleGenerationWithApprovalSteps.java:30)
	at ✽.Then click the adminsettings dropdown(src/test/resources/features/UserGenerateBulkWithApproval.feature:7)
</pre></div></td>
<td>20</td>
<td>com.cucumber.TestRunner.UserGenerateBulkWithApprovalRunner@268f106e</td></tr>
<tr>
<td title='com.cucumber.TestRunner.UserGenerateBulkByUploadCSVFIleWithInvalidCertificateTypeRunner.feature()'><b>feature</b><br>Test class: com.cucumber.TestRunner.UserGenerateBulkByUploadCSVFIleWithInvalidCertificateTypeRunner<br>Test method: Runs Cucumber Feature<br>Parameters: Institution User - Check the flow of Generate Bulk By Upload CSV File With Invalid Certificate Type<br/>
<a href="#Output-1518781489" onClick='toggleBox("Output-1518781489", this, "Show output", "Hide output");'>Show output</a>

<a href="#Output-1518781489" onClick="toggleAllBoxes();">Show all outputs</a>
<div class='log' id="Output-1518781489">
Completed executing following method : AbstractTestNGCucumberTests.feature<br/>
Test Method resides in com.cucumber.TestRunner.UserGenerateBulkByUploadCSVFIleWithInvalidCertificateTypeRunner<br/>
Test Method had the following parameters : nullInstitution User - Check the flow of Generate Bulk By Upload CSV File With Invalid Certificate Type,<br/>
Test Status: Failed<br/>
</div>
</td>
<td><div><pre>cucumber.runtime.CucumberException: cucumber.runtime.CucumberException: There are undefined steps
	at cucumber.api.testng.TestNGCucumberRunner.runCucumber(TestNGCucumberRunner.java:69)
	at cucumber.api.testng.AbstractTestNGCucumberTests.feature(AbstractTestNGCucumberTests.java:21)
Caused by: cucumber.runtime.CucumberException: There are undefined steps
	at cucumber.api.testng.FeatureResultListener.collectError(FeatureResultListener.java:60)
	at cucumber.api.testng.FeatureResultListener.result(FeatureResultListener.java:45)
	at cucumber.runtime.Runtime.runStep(Runtime.java:282)
	at cucumber.runtime.model.StepContainer.runStep(StepContainer.java:44)
	at cucumber.runtime.model.StepContainer.runSteps(StepContainer.java:39)
	at cucumber.runtime.model.CucumberScenario.run(CucumberScenario.java:44)
	at cucumber.runtime.model.CucumberFeature.run(CucumberFeature.java:165)
	at cucumber.api.testng.TestNGCucumberRunner.runCucumber(TestNGCucumberRunner.java:63)
	... 24 more
... Removed 23 stack frames</pre></div><a href='#' onClick='toggleBox("stack-trace1518781489", this, "Click to show all stack frames", "Click to hide stack frames")'>Click to show all stack frames</a>
<div class='stack-trace' id='stack-trace1518781489'><pre>cucumber.runtime.CucumberException: cucumber.runtime.CucumberException: There are undefined steps
	at cucumber.api.testng.TestNGCucumberRunner.runCucumber(TestNGCucumberRunner.java:69)
	at cucumber.api.testng.AbstractTestNGCucumberTests.feature(AbstractTestNGCucumberTests.java:21)
	at jdk.internal.reflect.GeneratedMethodAccessor96.invoke(Unknown Source)
	at java.base/jdk.internal.reflect.DelegatingMethodAccessorImpl.invoke(DelegatingMethodAccessorImpl.java:43)
	at java.base/java.lang.reflect.Method.invoke(Method.java:566)
	at org.testng.internal.MethodInvocationHelper.invokeMethod(MethodInvocationHelper.java:86)
	at org.testng.internal.Invoker.invokeMethod(Invoker.java:643)
	at org.testng.internal.Invoker.invokeTestMethod(Invoker.java:820)
	at org.testng.internal.Invoker.invokeTestMethods(Invoker.java:1128)
	at org.testng.internal.TestMethodWorker.invokeTestMethods(TestMethodWorker.java:129)
	at org.testng.internal.TestMethodWorker.run(TestMethodWorker.java:112)
	at org.testng.TestRunner.privateRun(TestRunner.java:782)
	at org.testng.TestRunner.run(TestRunner.java:632)
	at org.testng.SuiteRunner.runTest(SuiteRunner.java:366)
	at org.testng.SuiteRunner.runSequentially(SuiteRunner.java:361)
	at org.testng.SuiteRunner.privateRun(SuiteRunner.java:319)
	at org.testng.SuiteRunner.run(SuiteRunner.java:268)
	at org.testng.SuiteRunnerWorker.runSuite(SuiteRunnerWorker.java:52)
	at org.testng.SuiteRunnerWorker.run(SuiteRunnerWorker.java:86)
	at org.testng.TestNG.runSuitesSequentially(TestNG.java:1244)
	at org.testng.TestNG.runSuitesLocally(TestNG.java:1169)
	at org.testng.TestNG.run(TestNG.java:1064)
	at org.testng.remote.AbstractRemoteTestNG.run(AbstractRemoteTestNG.java:115)
	at org.testng.remote.RemoteTestNG.initAndRun(RemoteTestNG.java:251)
	at org.testng.remote.RemoteTestNG.main(RemoteTestNG.java:77)
Caused by: cucumber.runtime.CucumberException: There are undefined steps
	at cucumber.api.testng.FeatureResultListener.collectError(FeatureResultListener.java:60)
	at cucumber.api.testng.FeatureResultListener.result(FeatureResultListener.java:45)
	at cucumber.runtime.Runtime.runStep(Runtime.java:282)
	at cucumber.runtime.model.StepContainer.runStep(StepContainer.java:44)
	at cucumber.runtime.model.StepContainer.runSteps(StepContainer.java:39)
	at cucumber.runtime.model.CucumberScenario.run(CucumberScenario.java:44)
	at cucumber.runtime.model.CucumberFeature.run(CucumberFeature.java:165)
	at cucumber.api.testng.TestNGCucumberRunner.runCucumber(TestNGCucumberRunner.java:63)
	... 24 more
</pre></div></td>
<td>3</td>
<td>com.cucumber.TestRunner.UserGenerateBulkByUploadCSVFIleWithInvalidCertificateTypeRunner@7c37508a</td></tr>
</table><p>
<table width='100%' border='1' class='invocation-passed'>
<tr><td colspan='4' align='center'><b>PASSED TESTS</b></td></tr>
<tr><td><b>Test method</b></td>
<td width="30%"><b>Exception</b></td>
<td width="10%"><b>Time (seconds)</b></td>
<td><b>Instance</b></td>
</tr>
<tr>
<td title='com.cucumber.TestRunner.OrgMgmtChangePasswordRunner.feature()'><b>feature</b><br>Test class: com.cucumber.TestRunner.OrgMgmtChangePasswordRunner<br>Test method: Runs Cucumber Feature<br>Parameters: Organization Management - Check the flow of ChangePassword<br/>
<a href="#Output-303491903" onClick='toggleBox("Output-303491903", this, "Show output", "Hide output");'>Show output</a>

<a href="#Output-303491903" onClick="toggleAllBoxes();">Show all outputs</a>
<div class='log' id="Output-303491903">
Completed executing following method : AbstractTestNGCucumberTests.feature<br/>
Test Method resides in com.cucumber.TestRunner.OrgMgmtChangePasswordRunner<br/>
Test Method had the following parameters : nullOrganization Management - Check the flow of ChangePassword,<br/>
Test Status: Pass<br/>
</div>
</td>
<td></td>
<td>54</td>
<td>com.cucumber.TestRunner.OrgMgmtChangePasswordRunner@6574a52c</td></tr>
<tr>
<td title='com.cucumber.TestRunner.OrgMgmtLaunchTheApplicationRunner.feature()'><b>feature</b><br>Test class: com.cucumber.TestRunner.OrgMgmtLaunchTheApplicationRunner<br>Test method: Runs Cucumber Feature<br>Parameters: Organisation Management - Check the flow of Launch the application<br/>
<a href="#Output-920914400" onClick='toggleBox("Output-920914400", this, "Show output", "Hide output");'>Show output</a>

<a href="#Output-920914400" onClick="toggleAllBoxes();">Show all outputs</a>
<div class='log' id="Output-920914400">
Completed executing following method : AbstractTestNGCucumberTests.feature<br/>
Test Method resides in com.cucumber.TestRunner.OrgMgmtLaunchTheApplicationRunner<br/>
Test Method had the following parameters : nullOrganisation Management - Check the flow of Launch the application,<br/>
Test Status: Pass<br/>
</div>
</td>
<td></td>
<td>0</td>
<td>com.cucumber.TestRunner.OrgMgmtLaunchTheApplicationRunner@6c1a5b54</td></tr>
<tr>
<td title='com.cucumber.TestRunner.OrgMgmtUpdateProfileRunner.feature()'><b>feature</b><br>Test class: com.cucumber.TestRunner.OrgMgmtUpdateProfileRunner<br>Test method: Runs Cucumber Feature<br>Parameters: Organisation Management - Check the flow of Update Profile<br/>
<a href="#Output-1565881543" onClick='toggleBox("Output-1565881543", this, "Show output", "Hide output");'>Show output</a>

<a href="#Output-1565881543" onClick="toggleAllBoxes();">Show all outputs</a>
<div class='log' id="Output-1565881543">
Completed executing following method : AbstractTestNGCucumberTests.feature<br/>
Test Method resides in com.cucumber.TestRunner.OrgMgmtUpdateProfileRunner<br/>
Test Method had the following parameters : nullOrganisation Management - Check the flow of Update Profile,<br/>
Test Status: Pass<br/>
</div>
</td>
<td></td>
<td>71</td>
<td>com.cucumber.TestRunner.OrgMgmtUpdateProfileRunner@1c7696c6</td></tr>
<tr>
<td title='com.cucumber.TestRunner.OrgMgmtViewInstitutionsRunner.feature()'><b>feature</b><br>Test class: com.cucumber.TestRunner.OrgMgmtViewInstitutionsRunner<br>Test method: Runs Cucumber Feature<br>Parameters: Organisation Management - Check the flow of View Institutions<br/>
<a href="#Output-900327013" onClick='toggleBox("Output-900327013", this, "Show output", "Hide output");'>Show output</a>

<a href="#Output-900327013" onClick="toggleAllBoxes();">Show all outputs</a>
<div class='log' id="Output-900327013">
Completed executing following method : AbstractTestNGCucumberTests.feature<br/>
Test Method resides in com.cucumber.TestRunner.OrgMgmtViewInstitutionsRunner<br/>
Test Method had the following parameters : nullOrganisation Management - Check the flow of View Institutions,<br/>
Test Status: Pass<br/>
</div>
</td>
<td></td>
<td>71</td>
<td>com.cucumber.TestRunner.OrgMgmtViewInstitutionsRunner@60099951</td></tr>
<tr>
<td title='com.cucumber.TestRunner.OrgSalesChangePasswordRunner.feature()'><b>feature</b><br>Test class: com.cucumber.TestRunner.OrgSalesChangePasswordRunner<br>Test method: Runs Cucumber Feature<br>Parameters: Orgnaisation Sales - Check the flow of Change Password<br/>
<a href="#Output-528846922" onClick='toggleBox("Output-528846922", this, "Show output", "Hide output");'>Show output</a>

<a href="#Output-528846922" onClick="toggleAllBoxes();">Show all outputs</a>
<div class='log' id="Output-528846922">
Completed executing following method : AbstractTestNGCucumberTests.feature<br/>
Test Method resides in com.cucumber.TestRunner.OrgSalesChangePasswordRunner<br/>
Test Method had the following parameters : nullOrgnaisation Sales - Check the flow of Change Password,<br/>
Test Status: Pass<br/>
</div>
</td>
<td></td>
<td>56</td>
<td>com.cucumber.TestRunner.OrgSalesChangePasswordRunner@20140db9</td></tr>
<tr>
<td title='com.cucumber.TestRunner.OrgSalesLaunchTheApplicationRunner.feature()'><b>feature</b><br>Test class: com.cucumber.TestRunner.OrgSalesLaunchTheApplicationRunner<br>Test method: Runs Cucumber Feature<br>Parameters: Organisation Sales - Check the flow of Launch the application<br/>
<a href="#Output-18996450" onClick='toggleBox("Output-18996450", this, "Show output", "Hide output");'>Show output</a>

<a href="#Output-18996450" onClick="toggleAllBoxes();">Show all outputs</a>
<div class='log' id="Output-18996450">
Completed executing following method : AbstractTestNGCucumberTests.feature<br/>
Test Method resides in com.cucumber.TestRunner.OrgSalesLaunchTheApplicationRunner<br/>
Test Method had the following parameters : nullOrganisation Sales - Check the flow of Launch the application,<br/>
Test Status: Pass<br/>
</div>
</td>
<td></td>
<td>0</td>
<td>com.cucumber.TestRunner.OrgSalesLaunchTheApplicationRunner@1e6a3214</td></tr>
<tr>
<td title='com.cucumber.TestRunner.OrgSalesReceiptsRunner.feature()'><b>feature</b><br>Test class: com.cucumber.TestRunner.OrgSalesReceiptsRunner<br>Test method: Runs Cucumber Feature<br>Parameters: Organisation Sales - Check the flow of Organisation Sales Reports Receipts<br/>
<a href="#Output-1528762150" onClick='toggleBox("Output-1528762150", this, "Show output", "Hide output");'>Show output</a>

<a href="#Output-1528762150" onClick="toggleAllBoxes();">Show all outputs</a>
<div class='log' id="Output-1528762150">
Completed executing following method : AbstractTestNGCucumberTests.feature<br/>
Test Method resides in com.cucumber.TestRunner.OrgSalesReceiptsRunner<br/>
Test Method had the following parameters : nullOrganisation Sales - Check the flow of Organisation Sales Reports Receipts,<br/>
Test Status: Pass<br/>
</div>
</td>
<td></td>
<td>76</td>
<td>com.cucumber.TestRunner.OrgSalesReceiptsRunner@1a942c18</td></tr>
<tr>
<td title='com.cucumber.TestRunner.AdminCertificateApprovalsRunner.feature()'><b>feature</b><br>Test class: com.cucumber.TestRunner.AdminCertificateApprovalsRunner<br>Test method: Runs Cucumber Feature<br>Parameters: Institute Admin - Check the flow of CertificatesApprovals<br/>
<a href="#Output-1783594007" onClick='toggleBox("Output-1783594007", this, "Show output", "Hide output");'>Show output</a>

<a href="#Output-1783594007" onClick="toggleAllBoxes();">Show all outputs</a>
<div class='log' id="Output-1783594007">
Completed executing following method : AbstractTestNGCucumberTests.feature<br/>
Test Method resides in com.cucumber.TestRunner.AdminCertificateApprovalsRunner<br/>
Test Method had the following parameters : nullInstitute Admin - Check the flow of CertificatesApprovals,<br/>
Test Status: Pass<br/>
</div>
</td>
<td></td>
<td>19</td>
<td>com.cucumber.TestRunner.AdminCertificateApprovalsRunner@55a147cc</td></tr>
<tr>
<td title='com.cucumber.TestRunner.AdminAddCertificateTypeRunner.feature()'><b>feature</b><br>Test class: com.cucumber.TestRunner.AdminAddCertificateTypeRunner<br>Test method: Runs Cucumber Feature<br>Parameters: Institution Admin - Check the flow of Add Certificate Type<br/>
<a href="#Output-522065374" onClick='toggleBox("Output-522065374", this, "Show output", "Hide output");'>Show output</a>

<a href="#Output-522065374" onClick="toggleAllBoxes();">Show all outputs</a>
<div class='log' id="Output-522065374">
Completed executing following method : AbstractTestNGCucumberTests.feature<br/>
Test Method resides in com.cucumber.TestRunner.AdminAddCertificateTypeRunner<br/>
Test Method had the following parameters : nullInstitution Admin - Check the flow of Add Certificate Type,<br/>
Test Status: Pass<br/>
</div>
</td>
<td></td>
<td>30</td>
<td>com.cucumber.TestRunner.AdminAddCertificateTypeRunner@71ba6d4e</td></tr>
<tr>
<td title='com.cucumber.TestRunner.AdminAddCertificateNameRunner.feature()'><b>feature</b><br>Test class: com.cucumber.TestRunner.AdminAddCertificateNameRunner<br>Test method: Runs Cucumber Feature<br>Parameters: Institution Admin - Check the flow of Certificate Names<br/>
<a href="#Output-586661686" onClick='toggleBox("Output-586661686", this, "Show output", "Hide output");'>Show output</a>

<a href="#Output-586661686" onClick="toggleAllBoxes();">Show all outputs</a>
<div class='log' id="Output-586661686">
Completed executing following method : AbstractTestNGCucumberTests.feature<br/>
Test Method resides in com.cucumber.TestRunner.AdminAddCertificateNameRunner<br/>
Test Method had the following parameters : nullInstitution Admin - Check the flow of Certificate Names,<br/>
Test Status: Pass<br/>
</div>
</td>
<td></td>
<td>24</td>
<td>com.cucumber.TestRunner.AdminAddCertificateNameRunner@298a5e20</td></tr>
<tr>
<td title='com.cucumber.TestRunner.AdminRateContractListRunner.feature()'><b>feature</b><br>Test class: com.cucumber.TestRunner.AdminRateContractListRunner<br>Test method: Runs Cucumber Feature<br>Parameters: Institution Admin - Check the flow of Rate Contrat List<br/>
<a href="#Output-1685344880" onClick='toggleBox("Output-1685344880", this, "Show output", "Hide output");'>Show output</a>

<a href="#Output-1685344880" onClick="toggleAllBoxes();">Show all outputs</a>
<div class='log' id="Output-1685344880">
Completed executing following method : AbstractTestNGCucumberTests.feature<br/>
Test Method resides in com.cucumber.TestRunner.AdminRateContractListRunner<br/>
Test Method had the following parameters : nullInstitution Admin - Check the flow of Rate Contrat List,<br/>
Test Status: Pass<br/>
</div>
</td>
<td></td>
<td>32</td>
<td>com.cucumber.TestRunner.AdminRateContractListRunner@46cdf8bd</td></tr>
<tr>
<td title='com.cucumber.TestRunner.AdminCreditsListRunner.feature()'><b>feature</b><br>Test class: com.cucumber.TestRunner.AdminCreditsListRunner<br>Test method: Runs Cucumber Feature<br>Parameters: Institution Admin - Check the flow of Credits List<br/>
<a href="#Output-580136703" onClick='toggleBox("Output-580136703", this, "Show output", "Hide output");'>Show output</a>

<a href="#Output-580136703" onClick="toggleAllBoxes();">Show all outputs</a>
<div class='log' id="Output-580136703">
Completed executing following method : AbstractTestNGCucumberTests.feature<br/>
Test Method resides in com.cucumber.TestRunner.AdminCreditsListRunner<br/>
Test Method had the following parameters : nullInstitution Admin - Check the flow of Credits List,<br/>
Test Status: Pass<br/>
</div>
</td>
<td></td>
<td>14</td>
<td>com.cucumber.TestRunner.AdminCreditsListRunner@740cae06</td></tr>
<tr>
<td title='com.cucumber.TestRunner.AdminVerifiedCertificatesRunner.feature()'><b>feature</b><br>Test class: com.cucumber.TestRunner.AdminVerifiedCertificatesRunner<br>Test method: Runs Cucumber Feature<br>Parameters: Institution Admin - Check the flow of Verified Certificates<br/>
<a href="#Output-2090535958" onClick='toggleBox("Output-2090535958", this, "Show output", "Hide output");'>Show output</a>

<a href="#Output-2090535958" onClick="toggleAllBoxes();">Show all outputs</a>
<div class='log' id="Output-2090535958">
Completed executing following method : AbstractTestNGCucumberTests.feature<br/>
Test Method resides in com.cucumber.TestRunner.AdminVerifiedCertificatesRunner<br/>
Test Method had the following parameters : nullInstitution Admin - Check the flow of Verified Certificates,<br/>
Test Status: Pass<br/>
</div>
</td>
<td></td>
<td>55</td>
<td>com.cucumber.TestRunner.AdminVerifiedCertificatesRunner@7526515b</td></tr>
<tr>
<td title='com.cucumber.TestRunner.AdminReceiptsRunner.feature()'><b>feature</b><br>Test class: com.cucumber.TestRunner.AdminReceiptsRunner<br>Test method: Runs Cucumber Feature<br>Parameters: Institution Admin - Check the flow of Receipts<br/>
<a href="#Output-96368698" onClick='toggleBox("Output-96368698", this, "Show output", "Hide output");'>Show output</a>

<a href="#Output-96368698" onClick="toggleAllBoxes();">Show all outputs</a>
<div class='log' id="Output-96368698">
Completed executing following method : AbstractTestNGCucumberTests.feature<br/>
Test Method resides in com.cucumber.TestRunner.AdminReceiptsRunner<br/>
Test Method had the following parameters : nullInstitution Admin - Check the flow of Receipts,<br/>
Test Status: Pass<br/>
</div>
</td>
<td></td>
<td>42</td>
<td>com.cucumber.TestRunner.AdminReceiptsRunner@54c5a2ff</td></tr>
<tr>
<td title='com.cucumber.TestRunner.AdminUpdateProfileRunner.feature()'><b>feature</b><br>Test class: com.cucumber.TestRunner.AdminUpdateProfileRunner<br>Test method: Runs Cucumber Feature<br>Parameters: Institution Admin - Check the flow of Updateprofile<br/>
<a href="#Output-755355682" onClick='toggleBox("Output-755355682", this, "Show output", "Hide output");'>Show output</a>

<a href="#Output-755355682" onClick="toggleAllBoxes();">Show all outputs</a>
<div class='log' id="Output-755355682">
Completed executing following method : AbstractTestNGCucumberTests.feature<br/>
Test Method resides in com.cucumber.TestRunner.AdminUpdateProfileRunner<br/>
Test Method had the following parameters : nullInstitution Admin - Check the flow of Updateprofile,<br/>
Test Status: Pass<br/>
</div>
</td>
<td></td>
<td>27</td>
<td>com.cucumber.TestRunner.AdminUpdateProfileRunner@2a265ea9</td></tr>
<tr>
<td title='com.cucumber.TestRunner.AdminChangePasswordRunner.feature()'><b>feature</b><br>Test class: com.cucumber.TestRunner.AdminChangePasswordRunner<br>Test method: Runs Cucumber Feature<br>Parameters: Institution Admin - Check the flow of ChangePassword<br/>
<a href="#Output-1778145283" onClick='toggleBox("Output-1778145283", this, "Show output", "Hide output");'>Show output</a>

<a href="#Output-1778145283" onClick="toggleAllBoxes();">Show all outputs</a>
<div class='log' id="Output-1778145283">
Completed executing following method : AbstractTestNGCucumberTests.feature<br/>
Test Method resides in com.cucumber.TestRunner.AdminChangePasswordRunner<br/>
Test Method had the following parameters : nullInstitution Admin - Check the flow of ChangePassword,<br/>
Test Status: Pass<br/>
</div>
</td>
<td></td>
<td>29</td>
<td>com.cucumber.TestRunner.AdminChangePasswordRunner@6892b3b6</td></tr>
<tr>
<td title='com.cucumber.TestRunner.AdminApprovalSettingsRunner.feature()'><b>feature</b><br>Test class: com.cucumber.TestRunner.AdminApprovalSettingsRunner<br>Test method: Runs Cucumber Feature<br>Parameters: Institution Admin - Check the flow of Approval Settings<br/>
<a href="#Output-1742266900" onClick='toggleBox("Output-1742266900", this, "Show output", "Hide output");'>Show output</a>

<a href="#Output-1742266900" onClick="toggleAllBoxes();">Show all outputs</a>
<div class='log' id="Output-1742266900">
Completed executing following method : AbstractTestNGCucumberTests.feature<br/>
Test Method resides in com.cucumber.TestRunner.AdminApprovalSettingsRunner<br/>
Test Method had the following parameters : nullInstitution Admin - Check the flow of Approval Settings,<br/>
Test Status: Pass<br/>
</div>
</td>
<td></td>
<td>31</td>
<td>com.cucumber.TestRunner.AdminApprovalSettingsRunner@76a4ebf2</td></tr>
<tr>
<td title='com.cucumber.TestRunner.AdminUpdateInstitutionRunner.feature()'><b>feature</b><br>Test class: com.cucumber.TestRunner.AdminUpdateInstitutionRunner<br>Test method: Runs Cucumber Feature<br>Parameters: Institution Admin - Check the flow of Update Institution<br/>
<a href="#Output-291179509" onClick='toggleBox("Output-291179509", this, "Show output", "Hide output");'>Show output</a>

<a href="#Output-291179509" onClick="toggleAllBoxes();">Show all outputs</a>
<div class='log' id="Output-291179509">
Completed executing following method : AbstractTestNGCucumberTests.feature<br/>
Test Method resides in com.cucumber.TestRunner.AdminUpdateInstitutionRunner<br/>
Test Method had the following parameters : nullInstitution Admin - Check the flow of Update Institution,<br/>
Test Status: Pass<br/>
</div>
</td>
<td></td>
<td>75</td>
<td>com.cucumber.TestRunner.AdminUpdateInstitutionRunner@53fe15ff</td></tr>
<tr>
<td title='com.cucumber.TestRunner.AdminRegistrationRunner.feature()'><b>feature</b><br>Test class: com.cucumber.TestRunner.AdminRegistrationRunner<br>Test method: Runs Cucumber Feature<br>Parameters: Institution Admin - Check the flow of Registration<br/>
<a href="#Output-241305747" onClick='toggleBox("Output-241305747", this, "Show output", "Hide output");'>Show output</a>

<a href="#Output-241305747" onClick="toggleAllBoxes();">Show all outputs</a>
<div class='log' id="Output-241305747">
Completed executing following method : AbstractTestNGCucumberTests.feature<br/>
Test Method resides in com.cucumber.TestRunner.AdminRegistrationRunner<br/>
Test Method had the following parameters : nullInstitution Admin - Check the flow of Registration,<br/>
Test Status: Pass<br/>
</div>
</td>
<td></td>
<td>27</td>
<td>com.cucumber.TestRunner.AdminRegistrationRunner@1530c739</td></tr>
<tr>
<td title='com.cucumber.TestRunner.UserWelcomeTextRunner.feature()'><b>feature</b><br>Test class: com.cucumber.TestRunner.UserWelcomeTextRunner<br>Test method: Runs Cucumber Feature<br>Parameters: Institution User - Check the flow of User Welcome Text<br/>
<a href="#Output-18023371" onClick='toggleBox("Output-18023371", this, "Show output", "Hide output");'>Show output</a>

<a href="#Output-18023371" onClick="toggleAllBoxes();">Show all outputs</a>
<div class='log' id="Output-18023371">
Completed executing following method : AbstractTestNGCucumberTests.feature<br/>
Test Method resides in com.cucumber.TestRunner.UserWelcomeTextRunner<br/>
Test Method had the following parameters : nullInstitution User - Check the flow of User Welcome Text,<br/>
Test Status: Pass<br/>
</div>
</td>
<td></td>
<td>11</td>
<td>com.cucumber.TestRunner.UserWelcomeTextRunner@78e4deb0</td></tr>
<tr>
<td title='com.cucumber.TestRunner.UserVerifyCertificatesWithEmptyAcademicRefNumfieldRunner.feature()'><b>feature</b><br>Test class: com.cucumber.TestRunner.UserVerifyCertificatesWithEmptyAcademicRefNumfieldRunner<br>Test method: Runs Cucumber Feature<br>Parameters: Institution User - Check the flow of Institution User Verify Certificate with empty Academic Reference Number field<br/>
<a href="#Output-1920500354" onClick='toggleBox("Output-1920500354", this, "Show output", "Hide output");'>Show output</a>

<a href="#Output-1920500354" onClick="toggleAllBoxes();">Show all outputs</a>
<div class='log' id="Output-1920500354">
Completed executing following method : AbstractTestNGCucumberTests.feature<br/>
Test Method resides in com.cucumber.TestRunner.UserVerifyCertificatesWithEmptyAcademicRefNumfieldRunner<br/>
Test Method had the following parameters : nullInstitution User - Check the flow of Institution User Verify Certificate with empty Academic Reference Number field,<br/>
Test Status: Pass<br/>
</div>
</td>
<td></td>
<td>24</td>
<td>com.cucumber.TestRunner.UserVerifyCertificatesWithEmptyAcademicRefNumfieldRunner@7d0b7e3c</td></tr>
<tr>
<td title='com.cucumber.TestRunner.UserVerifiedCertificatesWithoutEnablecheckboxesRunner.feature()'><b>feature</b><br>Test class: com.cucumber.TestRunner.UserVerifiedCertificatesWithoutEnablecheckboxesRunner<br>Test method: Runs Cucumber Feature<br>Parameters: Institution User - Check the flow of Verified Certificates Without Enable Checkboxes<br/>
<a href="#Output-1892935440" onClick='toggleBox("Output-1892935440", this, "Show output", "Hide output");'>Show output</a>

<a href="#Output-1892935440" onClick="toggleAllBoxes();">Show all outputs</a>
<div class='log' id="Output-1892935440">
Completed executing following method : AbstractTestNGCucumberTests.feature<br/>
Test Method resides in com.cucumber.TestRunner.UserVerifiedCertificatesWithoutEnablecheckboxesRunner<br/>
Test Method had the following parameters : nullInstitution User - Check the flow of Verified Certificates Without Enable Checkboxes,<br/>
Test Status: Pass<br/>
</div>
</td>
<td></td>
<td>15</td>
<td>com.cucumber.TestRunner.UserVerifiedCertificatesWithoutEnablecheckboxesRunner@4b741d6d</td></tr>
<tr>
<td title='com.cucumber.TestRunner.UserVerificationURLRunner.feature()'><b>feature</b><br>Test class: com.cucumber.TestRunner.UserVerificationURLRunner<br>Test method: Runs Cucumber Feature<br>Parameters: Institution User - Check the flow of Verification URL<br/>
<a href="#Output-45375198" onClick='toggleBox("Output-45375198", this, "Show output", "Hide output");'>Show output</a>

<a href="#Output-45375198" onClick="toggleAllBoxes();">Show all outputs</a>
<div class='log' id="Output-45375198">
Completed executing following method : AbstractTestNGCucumberTests.feature<br/>
Test Method resides in com.cucumber.TestRunner.UserVerificationURLRunner<br/>
Test Method had the following parameters : nullInstitution User - Check the flow of Verification URL,<br/>
Test Status: Pass<br/>
</div>
</td>
<td></td>
<td>11</td>
<td>com.cucumber.TestRunner.UserVerificationURLRunner@8f2ef19</td></tr>
<tr>
<td title='com.cucumber.TestRunner.UserRecentCertificateGenerationsRevokeRunner.feature()'><b>feature</b><br>Test class: com.cucumber.TestRunner.UserRecentCertificateGenerationsRevokeRunner<br>Test method: Runs Cucumber Feature<br>Parameters: Institution User - Check the flow of Recent Certificate Generations Revoke<br/>
<a href="#Output-1170137069" onClick='toggleBox("Output-1170137069", this, "Show output", "Hide output");'>Show output</a>

<a href="#Output-1170137069" onClick="toggleAllBoxes();">Show all outputs</a>
<div class='log' id="Output-1170137069">
Completed executing following method : AbstractTestNGCucumberTests.feature<br/>
Test Method resides in com.cucumber.TestRunner.UserRecentCertificateGenerationsRevokeRunner<br/>
Test Method had the following parameters : nullInstitution User - Check the flow of Recent Certificate Generations Revoke,<br/>
Test Status: Pass<br/>
</div>
</td>
<td></td>
<td>17</td>
<td>com.cucumber.TestRunner.UserRecentCertificateGenerationsRevokeRunner@2cf3d63b</td></tr>
<tr>
<td title='com.cucumber.TestRunner.UserRecentCertificateGenerationsandVerificationsQRCodeRunner.feature()'><b>feature</b><br>Test class: com.cucumber.TestRunner.UserRecentCertificateGenerationsandVerificationsQRCodeRunner<br>Test method: Runs Cucumber Feature<br>Parameters: Institution User - Check the flow of Recent Certificate GenerationsandVerification Download QR Code<br/>
<a href="#Output-1051286562" onClick='toggleBox("Output-1051286562", this, "Show output", "Hide output");'>Show output</a>

<a href="#Output-1051286562" onClick="toggleAllBoxes();">Show all outputs</a>
<div class='log' id="Output-1051286562">
Completed executing following method : AbstractTestNGCucumberTests.feature<br/>
Test Method resides in com.cucumber.TestRunner.UserRecentCertificateGenerationsandVerificationsQRCodeRunner<br/>
Test Method had the following parameters : nullInstitution User - Check the flow of Recent Certificate GenerationsandVerification Download QR Code,<br/>
Test Status: Pass<br/>
</div>
</td>
<td></td>
<td>19</td>
<td>com.cucumber.TestRunner.UserRecentCertificateGenerationsandVerificationsQRCodeRunner@69e153c5</td></tr>
<tr>
<td title='com.cucumber.TestRunner.UserRecentCertificateGenerationsandVerificationsOriginalCertificatesRunner.feature()'><b>feature</b><br>Test class: com.cucumber.TestRunner.UserRecentCertificateGenerationsandVerificationsOriginalCertificatesRunner<br>Test method: Runs Cucumber Feature<br>Parameters: Institution User - Check the flow of Recent Certificate GenerationsandVerification Original Certificates<br/>
<a href="#Output-957391516" onClick='toggleBox("Output-957391516", this, "Show output", "Hide output");'>Show output</a>

<a href="#Output-957391516" onClick="toggleAllBoxes();">Show all outputs</a>
<div class='log' id="Output-957391516">
Completed executing following method : AbstractTestNGCucumberTests.feature<br/>
Test Method resides in com.cucumber.TestRunner.UserRecentCertificateGenerationsandVerificationsOriginalCertificatesRunner<br/>
Test Method had the following parameters : nullInstitution User - Check the flow of Recent Certificate GenerationsandVerification Original Certificates,<br/>
Test Status: Pass<br/>
</div>
</td>
<td></td>
<td>19</td>
<td>com.cucumber.TestRunner.UserRecentCertificateGenerationsandVerificationsOriginalCertificatesRunner@25ce9dc4</td></tr>
<tr>
<td title='com.cucumber.TestRunner.UserNewMailEditRunner.feature()'><b>feature</b><br>Test class: com.cucumber.TestRunner.UserNewMailEditRunner<br>Test method: Runs Cucumber Feature<br>Parameters: Institution User - Check the flow of New Mail Edit<br/>
<a href="#Output-1746782" onClick='toggleBox("Output-1746782", this, "Show output", "Hide output");'>Show output</a>

<a href="#Output-1746782" onClick="toggleAllBoxes();">Show all outputs</a>
<div class='log' id="Output-1746782">
Completed executing following method : AbstractTestNGCucumberTests.feature<br/>
Test Method resides in com.cucumber.TestRunner.UserNewMailEditRunner<br/>
Test Method had the following parameters : nullInstitution User - Check the flow of New Mail Edit,<br/>
Test Status: Pass<br/>
</div>
</td>
<td></td>
<td>22</td>
<td>com.cucumber.TestRunner.UserNewMailEditRunner@17f62e33</td></tr>
<tr>
<td title='com.cucumber.TestRunner.UserLaunchTheApplicationRunner.feature()'><b>feature</b><br>Test class: com.cucumber.TestRunner.UserLaunchTheApplicationRunner<br>Test method: Runs Cucumber Feature<br>Parameters: Institution User - Check the flow of Launch the application<br/>
<a href="#Output-627080070" onClick='toggleBox("Output-627080070", this, "Show output", "Hide output");'>Show output</a>

<a href="#Output-627080070" onClick="toggleAllBoxes();">Show all outputs</a>
<div class='log' id="Output-627080070">
Completed executing following method : AbstractTestNGCucumberTests.feature<br/>
Test Method resides in com.cucumber.TestRunner.UserLaunchTheApplicationRunner<br/>
Test Method had the following parameters : nullInstitution User - Check the flow of Launch the application,<br/>
Test Status: Pass<br/>
</div>
</td>
<td></td>
<td>0</td>
<td>com.cucumber.TestRunner.UserLaunchTheApplicationRunner@27406a17</td></tr>
<tr>
<td title='com.cucumber.TestRunner.UserRecentCertificateGenerationsRecallRunner.feature()'><b>feature</b><br>Test class: com.cucumber.TestRunner.UserRecentCertificateGenerationsRecallRunner<br>Test method: Runs Cucumber Feature<br>Parameters: Institution User - Check the flow of Recent Certificate Generations Recall<br/>
<a href="#Output-1956001257" onClick='toggleBox("Output-1956001257", this, "Show output", "Hide output");'>Show output</a>

<a href="#Output-1956001257" onClick="toggleAllBoxes();">Show all outputs</a>
<div class='log' id="Output-1956001257">
Completed executing following method : AbstractTestNGCucumberTests.feature<br/>
Test Method resides in com.cucumber.TestRunner.UserRecentCertificateGenerationsRecallRunner<br/>
Test Method had the following parameters : nullInstitution User - Check the flow of Recent Certificate Generations Recall,<br/>
Test Status: Pass<br/>
</div>
</td>
<td></td>
<td>17</td>
<td>com.cucumber.TestRunner.UserRecentCertificateGenerationsRecallRunner@248e319b</td></tr>
<tr>
<td title='com.cucumber.TestRunner.UserInternalPrintingwithoutuploadingCSVfileRunner.feature()'><b>feature</b><br>Test class: com.cucumber.TestRunner.UserInternalPrintingwithoutuploadingCSVfileRunner<br>Test method: Runs Cucumber Feature<br>Parameters: Institution User - Check the flow of Internal Printing Without Uploading the CSV file<br/>
<a href="#Output-1181107395" onClick='toggleBox("Output-1181107395", this, "Show output", "Hide output");'>Show output</a>

<a href="#Output-1181107395" onClick="toggleAllBoxes();">Show all outputs</a>
<div class='log' id="Output-1181107395">
Completed executing following method : AbstractTestNGCucumberTests.feature<br/>
Test Method resides in com.cucumber.TestRunner.UserInternalPrintingwithoutuploadingCSVfileRunner<br/>
Test Method had the following parameters : nullInstitution User - Check the flow of Internal Printing Without Uploading the CSV file,<br/>
Test Status: Pass<br/>
</div>
</td>
<td></td>
<td>31</td>
<td>com.cucumber.TestRunner.UserInternalPrintingwithoutuploadingCSVfileRunner@793f29ff</td></tr>
<tr>
<td title='com.cucumber.TestRunner.UserInternalPrintingCSVFileWithSpacesandDotsRunner.feature()'><b>feature</b><br>Test class: com.cucumber.TestRunner.UserInternalPrintingCSVFileWithSpacesandDotsRunner<br>Test method: Runs Cucumber Feature<br>Parameters: Institution User - Check the flow of User Internal Printing CSV With Spaces and Dots<br/>
<a href="#Output-1803942588" onClick='toggleBox("Output-1803942588", this, "Show output", "Hide output");'>Show output</a>

<a href="#Output-1803942588" onClick="toggleAllBoxes();">Show all outputs</a>
<div class='log' id="Output-1803942588">
Completed executing following method : AbstractTestNGCucumberTests.feature<br/>
Test Method resides in com.cucumber.TestRunner.UserInternalPrintingCSVFileWithSpacesandDotsRunner<br/>
Test Method had the following parameters : nullInstitution User - Check the flow of User Internal Printing CSV With Spaces and Dots,<br/>
Test Status: Pass<br/>
</div>
</td>
<td></td>
<td>16</td>
<td>com.cucumber.TestRunner.UserInternalPrintingCSVFileWithSpacesandDotsRunner@563f38c4</td></tr>
<tr>
<td title='com.cucumber.TestRunner.UserInternalPrintingCSVFileWithSpacesandDotsinAcademicReferenceNumberRunner.feature()'><b>feature</b><br>Test class: com.cucumber.TestRunner.UserInternalPrintingCSVFileWithSpacesandDotsinAcademicReferenceNumberRunner<br>Test method: Runs Cucumber Feature<br>Parameters: Institution User - Check the flow of User Internal Printing CSV file Academic Reference Number With Spaces and Dots<br/>
<a href="#Output-593510735" onClick='toggleBox("Output-593510735", this, "Show output", "Hide output");'>Show output</a>

<a href="#Output-593510735" onClick="toggleAllBoxes();">Show all outputs</a>
<div class='log' id="Output-593510735">
Completed executing following method : AbstractTestNGCucumberTests.feature<br/>
Test Method resides in com.cucumber.TestRunner.UserInternalPrintingCSVFileWithSpacesandDotsinAcademicReferenceNumberRunner<br/>
Test Method had the following parameters : nullInstitution User - Check the flow of User Internal Printing CSV file Academic Reference Number With Spaces and Dots,<br/>
Test Status: Pass<br/>
</div>
</td>
<td></td>
<td>16</td>
<td>com.cucumber.TestRunner.UserInternalPrintingCSVFileWithSpacesandDotsinAcademicReferenceNumberRunner@54422e18</td></tr>
<tr>
<td title='com.cucumber.TestRunner.UserInternalPrintingCSVFileWithoutAcademicReferenceNumberRunner.feature()'><b>feature</b><br>Test class: com.cucumber.TestRunner.UserInternalPrintingCSVFileWithoutAcademicReferenceNumberRunner<br>Test method: Runs Cucumber Feature<br>Parameters: Institution User - Check the flow of User Internal Printing CSV File without Academic Reference Number<br/>
<a href="#Output-475070849" onClick='toggleBox("Output-475070849", this, "Show output", "Hide output");'>Show output</a>

<a href="#Output-475070849" onClick="toggleAllBoxes();">Show all outputs</a>
<div class='log' id="Output-475070849">
Completed executing following method : AbstractTestNGCucumberTests.feature<br/>
Test Method resides in com.cucumber.TestRunner.UserInternalPrintingCSVFileWithoutAcademicReferenceNumberRunner<br/>
Test Method had the following parameters : nullInstitution User - Check the flow of User Internal Printing CSV File without Academic Reference Number,<br/>
Test Status: Pass<br/>
</div>
</td>
<td></td>
<td>16</td>
<td>com.cucumber.TestRunner.UserInternalPrintingCSVFileWithoutAcademicReferenceNumberRunner@3e27ba32</td></tr>
<tr>
<td title='com.cucumber.TestRunner.UserInternalPrintingCSVFileStudentEmailWithSpacesandDotsRunner.feature()'><b>feature</b><br>Test class: com.cucumber.TestRunner.UserInternalPrintingCSVFileStudentEmailWithSpacesandDotsRunner<br>Test method: Runs Cucumber Feature<br>Parameters: Institution User - Check the flow of User Internal Printing CSV File Student Email With Spaces and Dots<br/>
<a href="#Output-914887867" onClick='toggleBox("Output-914887867", this, "Show output", "Hide output");'>Show output</a>

<a href="#Output-914887867" onClick="toggleAllBoxes();">Show all outputs</a>
<div class='log' id="Output-914887867">
Completed executing following method : AbstractTestNGCucumberTests.feature<br/>
Test Method resides in com.cucumber.TestRunner.UserInternalPrintingCSVFileStudentEmailWithSpacesandDotsRunner<br/>
Test Method had the following parameters : nullInstitution User - Check the flow of User Internal Printing CSV File Student Email With Spaces and Dots,<br/>
Test Status: Pass<br/>
</div>
</td>
<td></td>
<td>16</td>
<td>com.cucumber.TestRunner.UserInternalPrintingCSVFileStudentEmailWithSpacesandDotsRunner@3b0fe47a</td></tr>
<tr>
<td title='com.cucumber.TestRunner.UserGenSingleMobileWithless10digitsRunner.feature()'><b>feature</b><br>Test class: com.cucumber.TestRunner.UserGenSingleMobileWithless10digitsRunner<br>Test method: Runs Cucumber Feature<br>Parameters: Institution User - Check the flow of User Generate Single Mobile Number With Less than 10 digits<br/>
<a href="#Output-1941334453" onClick='toggleBox("Output-1941334453", this, "Show output", "Hide output");'>Show output</a>

<a href="#Output-1941334453" onClick="toggleAllBoxes();">Show all outputs</a>
<div class='log' id="Output-1941334453">
Completed executing following method : AbstractTestNGCucumberTests.feature<br/>
Test Method resides in com.cucumber.TestRunner.UserGenSingleMobileWithless10digitsRunner<br/>
Test Method had the following parameters : nullInstitution User - Check the flow of User Generate Single Mobile Number With Less than 10 digits,<br/>
Test Status: Pass<br/>
</div>
</td>
<td></td>
<td>32</td>
<td>com.cucumber.TestRunner.UserGenSingleMobileWithless10digitsRunner@235ecd9f</td></tr>
<tr>
<td title='com.cucumber.TestRunner.UserGenSingleMobileWithAbove10digitsRunner.feature()'><b>feature</b><br>Test class: com.cucumber.TestRunner.UserGenSingleMobileWithAbove10digitsRunner<br>Test method: Runs Cucumber Feature<br>Parameters: Institution User - Check the flow of User Generate Single Mobile Number With above 10 digits<br/>
<a href="#Output-194339475" onClick='toggleBox("Output-194339475", this, "Show output", "Hide output");'>Show output</a>

<a href="#Output-194339475" onClick="toggleAllBoxes();">Show all outputs</a>
<div class='log' id="Output-194339475">
Completed executing following method : AbstractTestNGCucumberTests.feature<br/>
Test Method resides in com.cucumber.TestRunner.UserGenSingleMobileWithAbove10digitsRunner<br/>
Test Method had the following parameters : nullInstitution User - Check the flow of User Generate Single Mobile Number With above 10 digits,<br/>
Test Status: Pass<br/>
</div>
</td>
<td></td>
<td>32</td>
<td>com.cucumber.TestRunner.UserGenSingleMobileWithAbove10digitsRunner@58cbafc2</td></tr>
<tr>
<td title='com.cucumber.TestRunner.UserGenSingleEmailWithMultipleSpecialcharectersRunner.feature()'><b>feature</b><br>Test class: com.cucumber.TestRunner.UserGenSingleEmailWithMultipleSpecialcharectersRunner<br>Test method: Runs Cucumber Feature<br>Parameters: Institution User - Check the flow of User Generate Single with multiple special charecters<br/>
<a href="#Output-1411849480" onClick='toggleBox("Output-1411849480", this, "Show output", "Hide output");'>Show output</a>

<a href="#Output-1411849480" onClick="toggleAllBoxes();">Show all outputs</a>
<div class='log' id="Output-1411849480">
Completed executing following method : AbstractTestNGCucumberTests.feature<br/>
Test Method resides in com.cucumber.TestRunner.UserGenSingleEmailWithMultipleSpecialcharectersRunner<br/>
Test Method had the following parameters : nullInstitution User - Check the flow of User Generate Single with multiple special charecters,<br/>
Test Status: Pass<br/>
</div>
</td>
<td></td>
<td>36</td>
<td>com.cucumber.TestRunner.UserGenSingleEmailWithMultipleSpecialcharectersRunner@75d3a5e0</td></tr>
<tr>
<td title='com.cucumber.TestRunner.UserGenSingleBygivingFutureMonthandYearRunner.feature()'><b>feature</b><br>Test class: com.cucumber.TestRunner.UserGenSingleBygivingFutureMonthandYearRunner<br>Test method: Runs Cucumber Feature<br>Parameters: Institution User - Check the flow of User Generate Single by future year and future month<br/>
<a href="#Output-1099584040" onClick='toggleBox("Output-1099584040", this, "Show output", "Hide output");'>Show output</a>

<a href="#Output-1099584040" onClick="toggleAllBoxes();">Show all outputs</a>
<div class='log' id="Output-1099584040">
Completed executing following method : AbstractTestNGCucumberTests.feature<br/>
Test Method resides in com.cucumber.TestRunner.UserGenSingleBygivingFutureMonthandYearRunner<br/>
Test Method had the following parameters : nullInstitution User - Check the flow of User Generate Single by future year and future month,<br/>
Test Status: Pass<br/>
</div>
</td>
<td></td>
<td>34</td>
<td>com.cucumber.TestRunner.UserGenSingleBygivingFutureMonthandYearRunner@7161d8d1</td></tr>
<tr>
<td title='com.cucumber.TestRunner.UserGenSingleByUploadingJPGfileRunner.feature()'><b>feature</b><br>Test class: com.cucumber.TestRunner.UserGenSingleByUploadingJPGfileRunner<br>Test method: Runs Cucumber Feature<br>Parameters: Institution User - Check the flow of User Generate Single by uploading JPG file<br/>
<a href="#Output-1819689777" onClick='toggleBox("Output-1819689777", this, "Show output", "Hide output");'>Show output</a>

<a href="#Output-1819689777" onClick="toggleAllBoxes();">Show all outputs</a>
<div class='log' id="Output-1819689777">
Completed executing following method : AbstractTestNGCucumberTests.feature<br/>
Test Method resides in com.cucumber.TestRunner.UserGenSingleByUploadingJPGfileRunner<br/>
Test Method had the following parameters : nullInstitution User - Check the flow of User Generate Single by uploading JPG file,<br/>
Test Status: Pass<br/>
</div>
</td>
<td></td>
<td>10</td>
<td>com.cucumber.TestRunner.UserGenSingleByUploadingJPGfileRunner@1cf6d1be</td></tr>
<tr>
<td title='com.cucumber.TestRunner.UserGenSingleByUploadingJPEGfileRunner.feature()'><b>feature</b><br>Test class: com.cucumber.TestRunner.UserGenSingleByUploadingJPEGfileRunner<br>Test method: Runs Cucumber Feature<br>Parameters: Institution User - Generate Single By Uploading JPEG<br/>
<a href="#Output-2069922924" onClick='toggleBox("Output-2069922924", this, "Show output", "Hide output");'>Show output</a>

<a href="#Output-2069922924" onClick="toggleAllBoxes();">Show all outputs</a>
<div class='log' id="Output-2069922924">
Completed executing following method : AbstractTestNGCucumberTests.feature<br/>
Test Method resides in com.cucumber.TestRunner.UserGenSingleByUploadingJPEGfileRunner<br/>
Test Method had the following parameters : nullInstitution User - Generate Single By Uploading JPEG,<br/>
Test Status: Pass<br/>
</div>
</td>
<td></td>
<td>10</td>
<td>com.cucumber.TestRunner.UserGenSingleByUploadingJPEGfileRunner@19e4653c</td></tr>
<tr>
<td title='com.cucumber.TestRunner.UserGenSingleByUploadingDOCfileRunner.feature()'><b>feature</b><br>Test class: com.cucumber.TestRunner.UserGenSingleByUploadingDOCfileRunner<br>Test method: Runs Cucumber Feature<br>Parameters: Institution User - Check the flow of User Generate Single by uploading DOC file<br/>
<a href="#Output-1734683850" onClick='toggleBox("Output-1734683850", this, "Show output", "Hide output");'>Show output</a>

<a href="#Output-1734683850" onClick="toggleAllBoxes();">Show all outputs</a>
<div class='log' id="Output-1734683850">
Completed executing following method : AbstractTestNGCucumberTests.feature<br/>
Test Method resides in com.cucumber.TestRunner.UserGenSingleByUploadingDOCfileRunner<br/>
Test Method had the following parameters : nullInstitution User - Check the flow of User Generate Single by uploading DOC file,<br/>
Test Status: Pass<br/>
</div>
</td>
<td></td>
<td>5</td>
<td>com.cucumber.TestRunner.UserGenSingleByUploadingDOCfileRunner@53045c6c</td></tr>
<tr>
<td title='com.cucumber.TestRunner.UserGenSingleByUploadingDOCXfileRunner.feature()'><b>feature</b><br>Test class: com.cucumber.TestRunner.UserGenSingleByUploadingDOCXfileRunner<br>Test method: Runs Cucumber Feature<br>Parameters: Institution User - Check the flow of User Generate Single by uploading DOCX file<br/>
<a href="#Output-441398584" onClick='toggleBox("Output-441398584", this, "Show output", "Hide output");'>Show output</a>

<a href="#Output-441398584" onClick="toggleAllBoxes();">Show all outputs</a>
<div class='log' id="Output-441398584">
Completed executing following method : AbstractTestNGCucumberTests.feature<br/>
Test Method resides in com.cucumber.TestRunner.UserGenSingleByUploadingDOCXfileRunner<br/>
Test Method had the following parameters : nullInstitution User - Check the flow of User Generate Single by uploading DOCX file,<br/>
Test Status: Pass<br/>
</div>
</td>
<td></td>
<td>10</td>
<td>com.cucumber.TestRunner.UserGenSingleByUploadingDOCXfileRunner@6bbe85a8</td></tr>
<tr>
<td title='com.cucumber.TestRunner.UserGuidelinesRunner.feature()'><b>feature</b><br>Test class: com.cucumber.TestRunner.UserGuidelinesRunner<br>Test method: Runs Cucumber Feature<br>Parameters: Institution User - Check the flow of Guidelines<br/>
<a href="#Output-328040985" onClick='toggleBox("Output-328040985", this, "Show output", "Hide output");'>Show output</a>

<a href="#Output-328040985" onClick="toggleAllBoxes();">Show all outputs</a>
<div class='log' id="Output-328040985">
Completed executing following method : AbstractTestNGCucumberTests.feature<br/>
Test Method resides in com.cucumber.TestRunner.UserGuidelinesRunner<br/>
Test Method had the following parameters : nullInstitution User - Check the flow of Guidelines,<br/>
Test Status: Pass<br/>
</div>
</td>
<td></td>
<td>28</td>
<td>com.cucumber.TestRunner.UserGuidelinesRunner@4be29ed9</td></tr>
<tr>
<td title='com.cucumber.TestRunner.UserInternalPrintingByUploadingCSVWithInvalidIssueYearandMonthRunner.feature()'><b>feature</b><br>Test class: com.cucumber.TestRunner.UserInternalPrintingByUploadingCSVWithInvalidIssueYearandMonthRunner<br>Test method: Runs Cucumber Feature<br>Parameters: Institution User - Check the flow of Internal Printing with upload the CSV file with invalid issue year and month<br/>
<a href="#Output-1917751958" onClick='toggleBox("Output-1917751958", this, "Show output", "Hide output");'>Show output</a>

<a href="#Output-1917751958" onClick="toggleAllBoxes();">Show all outputs</a>
<div class='log' id="Output-1917751958">
Completed executing following method : AbstractTestNGCucumberTests.feature<br/>
Test Method resides in com.cucumber.TestRunner.UserInternalPrintingByUploadingCSVWithInvalidIssueYearandMonthRunner<br/>
Test Method had the following parameters : nullInstitution User - Check the flow of Internal Printing with upload the CSV file with invalid issue year and month,<br/>
Test Status: Pass<br/>
</div>
</td>
<td></td>
<td>40</td>
<td>com.cucumber.TestRunner.UserInternalPrintingByUploadingCSVWithInvalidIssueYearandMonthRunner@4b013c76</td></tr>
<tr>
<td title='com.cucumber.TestRunner.UserGenerateBulkByUploadingCombinationOffilesRunner.feature()'><b>feature</b><br>Test class: com.cucumber.TestRunner.UserGenerateBulkByUploadingCombinationOffilesRunner<br>Test method: Runs Cucumber Feature<br>Parameters: Institution User - Check the flow of By uploading the files with the combination of JPG/JPEG/DOC/DOCX in Bulk Generated certificates<br/>
<a href="#Output-1735491622" onClick='toggleBox("Output-1735491622", this, "Show output", "Hide output");'>Show output</a>

<a href="#Output-1735491622" onClick="toggleAllBoxes();">Show all outputs</a>
<div class='log' id="Output-1735491622">
Completed executing following method : AbstractTestNGCucumberTests.feature<br/>
Test Method resides in com.cucumber.TestRunner.UserGenerateBulkByUploadingCombinationOffilesRunner<br/>
Test Method had the following parameters : nullInstitution User - Check the flow of By uploading the files with the combination of JPG/JPEG/DOC/DOCX in Bulk Generated certificates,<br/>
Test Status: Pass<br/>
</div>
</td>
<td></td>
<td>44</td>
<td>com.cucumber.TestRunner.UserGenerateBulkByUploadingCombinationOffilesRunner@cb0755b</td></tr>
<tr>
<td title='com.cucumber.TestRunner.UserGenerateBulkByUploadingDOCfileRunner.feature()'><b>feature</b><br>Test class: com.cucumber.TestRunner.UserGenerateBulkByUploadingDOCfileRunner<br>Test method: Runs Cucumber Feature<br>Parameters: Institution User - Check the flow of User Bulk By Uploading the DOC File<br/>
<a href="#Output-704554690" onClick='toggleBox("Output-704554690", this, "Show output", "Hide output");'>Show output</a>

<a href="#Output-704554690" onClick="toggleAllBoxes();">Show all outputs</a>
<div class='log' id="Output-704554690">
Completed executing following method : AbstractTestNGCucumberTests.feature<br/>
Test Method resides in com.cucumber.TestRunner.UserGenerateBulkByUploadingDOCfileRunner<br/>
Test Method had the following parameters : nullInstitution User - Check the flow of User Bulk By Uploading the DOC File,<br/>
Test Status: Pass<br/>
</div>
</td>
<td></td>
<td>17</td>
<td>com.cucumber.TestRunner.UserGenerateBulkByUploadingDOCfileRunner@712625fd</td></tr>
<tr>
<td title='com.cucumber.TestRunner.UserGenerateBulkByUploadingDOCXfileRunner.feature()'><b>feature</b><br>Test class: com.cucumber.TestRunner.UserGenerateBulkByUploadingDOCXfileRunner<br>Test method: Runs Cucumber Feature<br>Parameters: Institution User - Check the flow of User Bulk By Uploading the DOCX File<br/>
<a href="#Output-722601383" onClick='toggleBox("Output-722601383", this, "Show output", "Hide output");'>Show output</a>

<a href="#Output-722601383" onClick="toggleAllBoxes();">Show all outputs</a>
<div class='log' id="Output-722601383">
Completed executing following method : AbstractTestNGCucumberTests.feature<br/>
Test Method resides in com.cucumber.TestRunner.UserGenerateBulkByUploadingDOCXfileRunner<br/>
Test Method had the following parameters : nullInstitution User - Check the flow of User Bulk By Uploading the DOCX File,<br/>
Test Status: Pass<br/>
</div>
</td>
<td></td>
<td>18</td>
<td>com.cucumber.TestRunner.UserGenerateBulkByUploadingDOCXfileRunner@742ff096</td></tr>
<tr>
<td title='com.cucumber.TestRunner.UserGenerateBulkByUploadingJPEGfileRunner.feature()'><b>feature</b><br>Test class: com.cucumber.TestRunner.UserGenerateBulkByUploadingJPEGfileRunner<br>Test method: Runs Cucumber Feature<br>Parameters: Institution User - Check the flow of User Bulk By Uploading the JPEG File<br/>
<a href="#Output-23158576" onClick='toggleBox("Output-23158576", this, "Show output", "Hide output");'>Show output</a>

<a href="#Output-23158576" onClick="toggleAllBoxes();">Show all outputs</a>
<div class='log' id="Output-23158576">
Completed executing following method : AbstractTestNGCucumberTests.feature<br/>
Test Method resides in com.cucumber.TestRunner.UserGenerateBulkByUploadingJPEGfileRunner<br/>
Test Method had the following parameters : nullInstitution User - Check the flow of User Bulk By Uploading the JPEG File,<br/>
Test Status: Pass<br/>
</div>
</td>
<td></td>
<td>17</td>
<td>com.cucumber.TestRunner.UserGenerateBulkByUploadingJPEGfileRunner@350aac89</td></tr>
<tr>
<td title='com.cucumber.TestRunner.UserGenerateBulkByUploadingJPGfileRunner.feature()'><b>feature</b><br>Test class: com.cucumber.TestRunner.UserGenerateBulkByUploadingJPGfileRunner<br>Test method: Runs Cucumber Feature<br>Parameters: Institution User - Check the flow of User Bulk By Uploading the JPG File<br/>
<a href="#Output-2001709099" onClick='toggleBox("Output-2001709099", this, "Show output", "Hide output");'>Show output</a>

<a href="#Output-2001709099" onClick="toggleAllBoxes();">Show all outputs</a>
<div class='log' id="Output-2001709099">
Completed executing following method : AbstractTestNGCucumberTests.feature<br/>
Test Method resides in com.cucumber.TestRunner.UserGenerateBulkByUploadingJPGfileRunner<br/>
Test Method had the following parameters : nullInstitution User - Check the flow of User Bulk By Uploading the JPG File,<br/>
Test Status: Pass<br/>
</div>
</td>
<td></td>
<td>17</td>
<td>com.cucumber.TestRunner.UserGenerateBulkByUploadingJPGfileRunner@17f9d882</td></tr>
<tr>
<td title='com.cucumber.TestRunner.UserGenerateBulkUploadingandRemovethefileRunner.feature()'><b>feature</b><br>Test class: com.cucumber.TestRunner.UserGenerateBulkUploadingandRemovethefileRunner<br>Test method: Runs Cucumber Feature<br>Parameters: Institution User - Check the flow of  Bulk with Approval by uploading files and remove then click on the Next button.<br/>
<a href="#Output-928198409" onClick='toggleBox("Output-928198409", this, "Show output", "Hide output");'>Show output</a>

<a href="#Output-928198409" onClick="toggleAllBoxes();">Show all outputs</a>
<div class='log' id="Output-928198409">
Completed executing following method : AbstractTestNGCucumberTests.feature<br/>
Test Method resides in com.cucumber.TestRunner.UserGenerateBulkUploadingandRemovethefileRunner<br/>
Test Method had the following parameters : nullInstitution User - Check the flow of  Bulk with Approval by uploading files and remove then click on the Next button.,<br/>
Test Status: Pass<br/>
</div>
</td>
<td></td>
<td>0</td>
<td>com.cucumber.TestRunner.UserGenerateBulkUploadingandRemovethefileRunner@15043a2f</td></tr>
<tr>
<td title='com.cucumber.TestRunner.AdminGeneratedCertificatesNewMailEditRunner.feature()'><b>feature</b><br>Test class: com.cucumber.TestRunner.AdminGeneratedCertificatesNewMailEditRunner<br>Test method: Runs Cucumber Feature<br>Parameters: Institution Admin - Check the flow of New Mail Edit<br/>
<a href="#Output-1833298785" onClick='toggleBox("Output-1833298785", this, "Show output", "Hide output");'>Show output</a>

<a href="#Output-1833298785" onClick="toggleAllBoxes();">Show all outputs</a>
<div class='log' id="Output-1833298785">
Completed executing following method : AbstractTestNGCucumberTests.feature<br/>
Test Method resides in com.cucumber.TestRunner.AdminGeneratedCertificatesNewMailEditRunner<br/>
Test Method had the following parameters : nullInstitution Admin - Check the flow of New Mail Edit,<br/>
Test Status: Pass<br/>
</div>
</td>
<td></td>
<td>24</td>
<td>com.cucumber.TestRunner.AdminGeneratedCertificatesNewMailEditRunner@7f485fda</td></tr>
<tr>
<td title='com.cucumber.TestRunner.AdminRecentCertificateGenerationsandVerificationsOriginalCertificatesRunner.feature()'><b>feature</b><br>Test class: com.cucumber.TestRunner.AdminRecentCertificateGenerationsandVerificationsOriginalCertificatesRunner<br>Test method: Runs Cucumber Feature<br>Parameters: Institution User - Check the flow of Recent Certificate GenerationsandVerifications OriginalCertificates<br/>
<a href="#Output-1356624790" onClick='toggleBox("Output-1356624790", this, "Show output", "Hide output");'>Show output</a>

<a href="#Output-1356624790" onClick="toggleAllBoxes();">Show all outputs</a>
<div class='log' id="Output-1356624790">
Completed executing following method : AbstractTestNGCucumberTests.feature<br/>
Test Method resides in com.cucumber.TestRunner.AdminRecentCertificateGenerationsandVerificationsOriginalCertificatesRunner<br/>
Test Method had the following parameters : nullInstitution User - Check the flow of Recent Certificate GenerationsandVerifications OriginalCertificates,<br/>
Test Status: Pass<br/>
</div>
</td>
<td></td>
<td>23</td>
<td>com.cucumber.TestRunner.AdminRecentCertificateGenerationsandVerificationsOriginalCertificatesRunner@d737b89</td></tr>
<tr>
<td title='com.cucumber.TestRunner.AdminRecentCertificateGenerationsandVerificationsQRCodeRunner.feature()'><b>feature</b><br>Test class: com.cucumber.TestRunner.AdminRecentCertificateGenerationsandVerificationsQRCodeRunner<br>Test method: Runs Cucumber Feature<br>Parameters: Institution User - Check the flow of Recent Certificate GenerationsandVerification Download QR Code<br/>
<a href="#Output-2000775569" onClick='toggleBox("Output-2000775569", this, "Show output", "Hide output");'>Show output</a>

<a href="#Output-2000775569" onClick="toggleAllBoxes();">Show all outputs</a>
<div class='log' id="Output-2000775569">
Completed executing following method : AbstractTestNGCucumberTests.feature<br/>
Test Method resides in com.cucumber.TestRunner.AdminRecentCertificateGenerationsandVerificationsQRCodeRunner<br/>
Test Method had the following parameters : nullInstitution User - Check the flow of Recent Certificate GenerationsandVerification Download QR Code,<br/>
Test Status: Pass<br/>
</div>
</td>
<td></td>
<td>19</td>
<td>com.cucumber.TestRunner.AdminRecentCertificateGenerationsandVerificationsQRCodeRunner@35dab4eb</td></tr>
<tr>
<td title='com.cucumber.TestRunner.AdminRecentCertificateGenerationsandVerificationsSendMailRunner.feature()'><b>feature</b><br>Test class: com.cucumber.TestRunner.AdminRecentCertificateGenerationsandVerificationsSendMailRunner<br>Test method: Runs Cucumber Feature<br>Parameters: Institution User - Check the flow of Recent Certificate GenerationsandVerification Send Mail<br/>
<a href="#Output-1244858050" onClick='toggleBox("Output-1244858050", this, "Show output", "Hide output");'>Show output</a>

<a href="#Output-1244858050" onClick="toggleAllBoxes();">Show all outputs</a>
<div class='log' id="Output-1244858050">
Completed executing following method : AbstractTestNGCucumberTests.feature<br/>
Test Method resides in com.cucumber.TestRunner.AdminRecentCertificateGenerationsandVerificationsSendMailRunner<br/>
Test Method had the following parameters : nullInstitution User - Check the flow of Recent Certificate GenerationsandVerification Send Mail,<br/>
Test Status: Pass<br/>
</div>
</td>
<td></td>
<td>26</td>
<td>com.cucumber.TestRunner.AdminRecentCertificateGenerationsandVerificationsSendMailRunner@3ba987b8</td></tr>
<tr>
<td title='com.cucumber.TestRunner.AdminRecentCertificateGenerationsRecallRunner.feature()'><b>feature</b><br>Test class: com.cucumber.TestRunner.AdminRecentCertificateGenerationsRecallRunner<br>Test method: Runs Cucumber Feature<br>Parameters: Institution User - Check the flow of Recent Certificate Generations Recall<br/>
<a href="#Output-1600371764" onClick='toggleBox("Output-1600371764", this, "Show output", "Hide output");'>Show output</a>

<a href="#Output-1600371764" onClick="toggleAllBoxes();">Show all outputs</a>
<div class='log' id="Output-1600371764">
Completed executing following method : AbstractTestNGCucumberTests.feature<br/>
Test Method resides in com.cucumber.TestRunner.AdminRecentCertificateGenerationsRecallRunner<br/>
Test Method had the following parameters : nullInstitution User - Check the flow of Recent Certificate Generations Recall,<br/>
Test Status: Pass<br/>
</div>
</td>
<td></td>
<td>23</td>
<td>com.cucumber.TestRunner.AdminRecentCertificateGenerationsRecallRunner@5f049ea1</td></tr>
<tr>
<td title='com.cucumber.TestRunner.AdminRecentCertificateGenerationsRevokeRunner.feature()'><b>feature</b><br>Test class: com.cucumber.TestRunner.AdminRecentCertificateGenerationsRevokeRunner<br>Test method: Runs Cucumber Feature<br>Parameters: Institution Admin - Check the flow of Recent Certificate Generations Revoke<br/>
<a href="#Output-172326956" onClick='toggleBox("Output-172326956", this, "Show output", "Hide output");'>Show output</a>

<a href="#Output-172326956" onClick="toggleAllBoxes();">Show all outputs</a>
<div class='log' id="Output-172326956">
Completed executing following method : AbstractTestNGCucumberTests.feature<br/>
Test Method resides in com.cucumber.TestRunner.AdminRecentCertificateGenerationsRevokeRunner<br/>
Test Method had the following parameters : nullInstitution Admin - Check the flow of Recent Certificate Generations Revoke,<br/>
Test Status: Pass<br/>
</div>
</td>
<td></td>
<td>20</td>
<td>com.cucumber.TestRunner.AdminRecentCertificateGenerationsRevokeRunner@5afa3c9</td></tr>
<tr>
<td title='com.cucumber.TestRunner.UserInternalPrintingCSVFileStudentEmailWithoutSpecialCharectersRunner.feature()'><b>feature</b><br>Test class: com.cucumber.TestRunner.UserInternalPrintingCSVFileStudentEmailWithoutSpecialCharectersRunner<br>Test method: Runs Cucumber Feature<br>Parameters: Institution User - Check the flow of User Internal Printing CSV File Student Email Without Special Charecters<br/>
<a href="#Output-1387042399" onClick='toggleBox("Output-1387042399", this, "Show output", "Hide output");'>Show output</a>

<a href="#Output-1387042399" onClick="toggleAllBoxes();">Show all outputs</a>
<div class='log' id="Output-1387042399">
Completed executing following method : AbstractTestNGCucumberTests.feature<br/>
Test Method resides in com.cucumber.TestRunner.UserInternalPrintingCSVFileStudentEmailWithoutSpecialCharectersRunner<br/>
Test Method had the following parameters : nullInstitution User - Check the flow of User Internal Printing CSV File Student Email Without Special Charecters,<br/>
Test Status: Pass<br/>
</div>
</td>
<td></td>
<td>17</td>
<td>com.cucumber.TestRunner.UserInternalPrintingCSVFileStudentEmailWithoutSpecialCharectersRunner@909217e</td></tr>
<tr>
<td title='com.cucumber.TestRunner.UserInternalPrintingCSVFIleStudentNameWithAlphabetsandNumericsRunner.feature()'><b>feature</b><br>Test class: com.cucumber.TestRunner.UserInternalPrintingCSVFIleStudentNameWithAlphabetsandNumericsRunner<br>Test method: Runs Cucumber Feature<br>Parameters: Institution User - Check the flow of Internal Printing CSV file Student Name With Alphabets and Numeic values<br/>
<a href="#Output-173212708" onClick='toggleBox("Output-173212708", this, "Show output", "Hide output");'>Show output</a>

<a href="#Output-173212708" onClick="toggleAllBoxes();">Show all outputs</a>
<div class='log' id="Output-173212708">
Completed executing following method : AbstractTestNGCucumberTests.feature<br/>
Test Method resides in com.cucumber.TestRunner.UserInternalPrintingCSVFIleStudentNameWithAlphabetsandNumericsRunner<br/>
Test Method had the following parameters : nullInstitution User - Check the flow of Internal Printing CSV file Student Name With Alphabets and Numeic values,<br/>
Test Status: Pass<br/>
</div>
</td>
<td></td>
<td>40</td>
<td>com.cucumber.TestRunner.UserInternalPrintingCSVFIleStudentNameWithAlphabetsandNumericsRunner@606e4010</td></tr>
<tr>
<td title='com.cucumber.TestRunner.UserInternalPrintingUploadCSVFIleWithoutEmailIdRunner.feature()'><b>feature</b><br>Test class: com.cucumber.TestRunner.UserInternalPrintingUploadCSVFIleWithoutEmailIdRunner<br>Test method: Runs Cucumber Feature<br>Parameters: Institution User - Check the flow of Internal Printing   By uploading the CSV File without Student Email id column.<br/>
<a href="#Output-495627026" onClick='toggleBox("Output-495627026", this, "Show output", "Hide output");'>Show output</a>

<a href="#Output-495627026" onClick="toggleAllBoxes();">Show all outputs</a>
<div class='log' id="Output-495627026">
Completed executing following method : AbstractTestNGCucumberTests.feature<br/>
Test Method resides in com.cucumber.TestRunner.UserInternalPrintingUploadCSVFIleWithoutEmailIdRunner<br/>
Test Method had the following parameters : nullInstitution User - Check the flow of Internal Printing   By uploading the CSV File without Student Email id column.,<br/>
Test Status: Pass<br/>
</div>
</td>
<td></td>
<td>38</td>
<td>com.cucumber.TestRunner.UserInternalPrintingUploadCSVFIleWithoutEmailIdRunner@48075da3</td></tr>
<tr>
<td title='com.cucumber.TestRunner.UserGenerateBulkUploadCSVFileEmailIDWithSpacesandDotsRunner.feature()'><b>feature</b><br>Test class: com.cucumber.TestRunner.UserGenerateBulkUploadCSVFileEmailIDWithSpacesandDotsRunner<br>Test method: Runs Cucumber Feature<br>Parameters: Institution User - Check the flow of Generate bulk Upload CSV File Email id with Sapces and Dots<br/>
<a href="#Output-891000096" onClick='toggleBox("Output-891000096", this, "Show output", "Hide output");'>Show output</a>

<a href="#Output-891000096" onClick="toggleAllBoxes();">Show all outputs</a>
<div class='log' id="Output-891000096">
Completed executing following method : AbstractTestNGCucumberTests.feature<br/>
Test Method resides in com.cucumber.TestRunner.UserGenerateBulkUploadCSVFileEmailIDWithSpacesandDotsRunner<br/>
Test Method had the following parameters : nullInstitution User - Check the flow of Generate bulk Upload CSV File Email id with Sapces and Dots,<br/>
Test Status: Pass<br/>
</div>
</td>
<td></td>
<td>47</td>
<td>com.cucumber.TestRunner.UserGenerateBulkUploadCSVFileEmailIDWithSpacesandDotsRunner@7a35b0f5</td></tr>
<tr>
<td title='com.cucumber.TestRunner.UserGenerateBulkByUploadingWithEmptyAcademicRefNumColumnRunner.feature()'><b>feature</b><br>Test class: com.cucumber.TestRunner.UserGenerateBulkByUploadingWithEmptyAcademicRefNumColumnRunner<br>Test method: Runs Cucumber Feature<br>Parameters: Institution User - Check the flow of Generate Bulk with invalid CSV File - empty academic reference num<br/>
<a href="#Output-1067212457" onClick='toggleBox("Output-1067212457", this, "Show output", "Hide output");'>Show output</a>

<a href="#Output-1067212457" onClick="toggleAllBoxes();">Show all outputs</a>
<div class='log' id="Output-1067212457">
Completed executing following method : AbstractTestNGCucumberTests.feature<br/>
Test Method resides in com.cucumber.TestRunner.UserGenerateBulkByUploadingWithEmptyAcademicRefNumColumnRunner<br/>
Test Method had the following parameters : nullInstitution User - Check the flow of Generate Bulk with invalid CSV File - empty academic reference num,<br/>
Test Status: Pass<br/>
</div>
</td>
<td></td>
<td>45</td>
<td>com.cucumber.TestRunner.UserGenerateBulkByUploadingWithEmptyAcademicRefNumColumnRunner@2cb4893b</td></tr>
<tr>
<td title='com.cucumber.TestRunner.UserGenerateBulkByUploadCSVFIleWithInvalidCertificateNameRunner.feature()'><b>feature</b><br>Test class: com.cucumber.TestRunner.UserGenerateBulkByUploadCSVFIleWithInvalidCertificateNameRunner<br>Test method: Runs Cucumber Feature<br>Parameters: Institution User - Check the flow of Generate Bulk By Upload CSV File With Invalid Certificate Name<br/>
<a href="#Output-1095778410" onClick='toggleBox("Output-1095778410", this, "Show output", "Hide output");'>Show output</a>

<a href="#Output-1095778410" onClick="toggleAllBoxes();">Show all outputs</a>
<div class='log' id="Output-1095778410">
Completed executing following method : AbstractTestNGCucumberTests.feature<br/>
Test Method resides in com.cucumber.TestRunner.UserGenerateBulkByUploadCSVFIleWithInvalidCertificateNameRunner<br/>
Test Method had the following parameters : nullInstitution User - Check the flow of Generate Bulk By Upload CSV File With Invalid Certificate Name,<br/>
Test Status: Pass<br/>
</div>
</td>
<td></td>
<td>45</td>
<td>com.cucumber.TestRunner.UserGenerateBulkByUploadCSVFIleWithInvalidCertificateNameRunner@5b218417</td></tr>
<tr>
<td title='com.cucumber.TestRunner.UserGeenrateBulkByUploadCSVFIleWithoutIssueMonthRunner.feature()'><b>feature</b><br>Test class: com.cucumber.TestRunner.UserGeenrateBulkByUploadCSVFIleWithoutIssueMonthRunner<br>Test method: Runs Cucumber Feature<br>Parameters: Institution User - Check the flow of Generate Bulk By Upload CSV File Without Issue Month<br/>
<a href="#Output-1440205863" onClick='toggleBox("Output-1440205863", this, "Show output", "Hide output");'>Show output</a>

<a href="#Output-1440205863" onClick="toggleAllBoxes();">Show all outputs</a>
<div class='log' id="Output-1440205863">
Completed executing following method : AbstractTestNGCucumberTests.feature<br/>
Test Method resides in com.cucumber.TestRunner.UserGeenrateBulkByUploadCSVFIleWithoutIssueMonthRunner<br/>
Test Method had the following parameters : nullInstitution User - Check the flow of Generate Bulk By Upload CSV File Without Issue Month,<br/>
Test Status: Pass<br/>
</div>
</td>
<td></td>
<td>0</td>
<td>com.cucumber.TestRunner.UserGeenrateBulkByUploadCSVFIleWithoutIssueMonthRunner@6caf0677</td></tr>
<tr>
<td title='com.cucumber.TestRunner.UserInternalPrintingByUploadInvalidCSVFileRunner.feature()'><b>feature</b><br>Test class: com.cucumber.TestRunner.UserInternalPrintingByUploadInvalidCSVFileRunner<br>Test method: Runs Cucumber Feature<br>Parameters: Institution User - Ccheck the flow of Internal Printing with Upload of CSV File containing Invalid Email, Student Name, and Mobile Number<br/>
<a href="#Output-307001277" onClick='toggleBox("Output-307001277", this, "Show output", "Hide output");'>Show output</a>

<a href="#Output-307001277" onClick="toggleAllBoxes();">Show all outputs</a>
<div class='log' id="Output-307001277">
Completed executing following method : AbstractTestNGCucumberTests.feature<br/>
Test Method resides in com.cucumber.TestRunner.UserInternalPrintingByUploadInvalidCSVFileRunner<br/>
Test Method had the following parameters : nullInstitution User - Ccheck the flow of Internal Printing with Upload of CSV File containing Invalid Email, Student Name, and Mobile Number,<br/>
Test Status: Pass<br/>
</div>
</td>
<td></td>
<td>2</td>
<td>com.cucumber.TestRunner.UserInternalPrintingByUploadInvalidCSVFileRunner@16eb3ea3</td></tr>
<tr>
<td title='com.cucumber.TestRunner.UserInternalPrintingCSVFileStudentEmailWithAlphabetsandNumericsRunner.feature()'><b>feature</b><br>Test class: com.cucumber.TestRunner.UserInternalPrintingCSVFileStudentEmailWithAlphabetsandNumericsRunner<br>Test method: Runs Cucumber Feature<br>Parameters: Institution User - Check the flow of User Internal Printing CSV File Student Email With Alphabets and Numerics<br/>
<a href="#Output-667470429" onClick='toggleBox("Output-667470429", this, "Show output", "Hide output");'>Show output</a>

<a href="#Output-667470429" onClick="toggleAllBoxes();">Show all outputs</a>
<div class='log' id="Output-667470429">
Completed executing following method : AbstractTestNGCucumberTests.feature<br/>
Test Method resides in com.cucumber.TestRunner.UserInternalPrintingCSVFileStudentEmailWithAlphabetsandNumericsRunner<br/>
Test Method had the following parameters : nullInstitution User - Check the flow of User Internal Printing CSV File Student Email With Alphabets and Numerics,<br/>
Test Status: Pass<br/>
</div>
</td>
<td></td>
<td>0</td>
<td>com.cucumber.TestRunner.UserInternalPrintingCSVFileStudentEmailWithAlphabetsandNumericsRunner@5524cca1</td></tr>
<tr>
<td title='com.cucumber.TestRunner.UserGenerateSingleWithoutApprovalRunner.feature()'><b>feature</b><br>Test class: com.cucumber.TestRunner.UserGenerateSingleWithoutApprovalRunner<br>Test method: Runs Cucumber Feature<br>Parameters: Institution User - Check the flow of Generate Single Without Approval<br/>
<a href="#Output-215198941" onClick='toggleBox("Output-215198941", this, "Show output", "Hide output");'>Show output</a>

<a href="#Output-215198941" onClick="toggleAllBoxes();">Show all outputs</a>
<div class='log' id="Output-215198941">
Completed executing following method : AbstractTestNGCucumberTests.feature<br/>
Test Method resides in com.cucumber.TestRunner.UserGenerateSingleWithoutApprovalRunner<br/>
Test Method had the following parameters : nullInstitution User - Check the flow of Generate Single Without Approval,<br/>
Test Status: Pass<br/>
</div>
</td>
<td></td>
<td>0</td>
<td>com.cucumber.TestRunner.UserGenerateSingleWithoutApprovalRunner@48bb62</td></tr>
<tr>
<td title='com.cucumber.TestRunner.UserGenerateBulkWithoutApprovalRunner.feature()'><b>feature</b><br>Test class: com.cucumber.TestRunner.UserGenerateBulkWithoutApprovalRunner<br>Test method: Runs Cucumber Feature<br>Parameters: Institution User - Check the flow of Bulk with Approvals<br/>
<a href="#Output-460676880" onClick='toggleBox("Output-460676880", this, "Show output", "Hide output");'>Show output</a>

<a href="#Output-460676880" onClick="toggleAllBoxes();">Show all outputs</a>
<div class='log' id="Output-460676880">
Completed executing following method : AbstractTestNGCucumberTests.feature<br/>
Test Method resides in com.cucumber.TestRunner.UserGenerateBulkWithoutApprovalRunner<br/>
Test Method had the following parameters : nullInstitution User - Check the flow of Bulk with Approvals,<br/>
Test Status: Pass<br/>
</div>
</td>
<td></td>
<td>0</td>
<td>com.cucumber.TestRunner.UserGenerateBulkWithoutApprovalRunner@4681c175</td></tr>
<tr>
<td title='com.cucumber.TestRunner.UserGeneratedCertificatesRunner.feature()'><b>feature</b><br>Test class: com.cucumber.TestRunner.UserGeneratedCertificatesRunner<br>Test method: Runs Cucumber Feature<br>Parameters: Institution User - Check the flow of Generated Certificates<br/>
<a href="#Output-830077163" onClick='toggleBox("Output-830077163", this, "Show output", "Hide output");'>Show output</a>

<a href="#Output-830077163" onClick="toggleAllBoxes();">Show all outputs</a>
<div class='log' id="Output-830077163">
Completed executing following method : AbstractTestNGCucumberTests.feature<br/>
Test Method resides in com.cucumber.TestRunner.UserGeneratedCertificatesRunner<br/>
Test Method had the following parameters : nullInstitution User - Check the flow of Generated Certificates,<br/>
Test Status: Pass<br/>
</div>
</td>
<td></td>
<td>0</td>
<td>com.cucumber.TestRunner.UserGeneratedCertificatesRunner@2767e23c</td></tr>
<tr>
<td title='com.cucumber.TestRunner.UserVerifiedCertificatesRunner.feature()'><b>feature</b><br>Test class: com.cucumber.TestRunner.UserVerifiedCertificatesRunner<br>Test method: Runs Cucumber Feature<br>Parameters: Institution User - Check the flow of Verified Certificates<br/>
<a href="#Output-969894448" onClick='toggleBox("Output-969894448", this, "Show output", "Hide output");'>Show output</a>

<a href="#Output-969894448" onClick="toggleAllBoxes();">Show all outputs</a>
<div class='log' id="Output-969894448">
Completed executing following method : AbstractTestNGCucumberTests.feature<br/>
Test Method resides in com.cucumber.TestRunner.UserVerifiedCertificatesRunner<br/>
Test Method had the following parameters : nullInstitution User - Check the flow of Verified Certificates,<br/>
Test Status: Pass<br/>
</div>
</td>
<td></td>
<td>38</td>
<td>com.cucumber.TestRunner.UserVerifiedCertificatesRunner@5386659f</td></tr>
<tr>
<td title='com.cucumber.TestRunner.UserBulkGeneratedCertficatesRunner.feature()'><b>feature</b><br>Test class: com.cucumber.TestRunner.UserBulkGeneratedCertficatesRunner<br>Test method: Runs Cucumber Feature<br>Parameters: Institution User - Check the flow of Bulk Generated certificates<br/>
<a href="#Output-219086388" onClick='toggleBox("Output-219086388", this, "Show output", "Hide output");'>Show output</a>

<a href="#Output-219086388" onClick="toggleAllBoxes();">Show all outputs</a>
<div class='log' id="Output-219086388">
Completed executing following method : AbstractTestNGCucumberTests.feature<br/>
Test Method resides in com.cucumber.TestRunner.UserBulkGeneratedCertficatesRunner<br/>
Test Method had the following parameters : nullInstitution User - Check the flow of Bulk Generated certificates,<br/>
Test Status: Pass<br/>
</div>
</td>
<td></td>
<td>0</td>
<td>com.cucumber.TestRunner.UserBulkGeneratedCertficatesRunner@cecf639</td></tr>
<tr>
<td title='com.cucumber.TestRunner.UserUpdateProfileRunner.feature()'><b>feature</b><br>Test class: com.cucumber.TestRunner.UserUpdateProfileRunner<br>Test method: Runs Cucumber Feature<br>Parameters: Institution User - Check the flow of Updateprofile<br/>
<a href="#Output-131817768" onClick='toggleBox("Output-131817768", this, "Show output", "Hide output");'>Show output</a>

<a href="#Output-131817768" onClick="toggleAllBoxes();">Show all outputs</a>
<div class='log' id="Output-131817768">
Completed executing following method : AbstractTestNGCucumberTests.feature<br/>
Test Method resides in com.cucumber.TestRunner.UserUpdateProfileRunner<br/>
Test Method had the following parameters : nullInstitution User - Check the flow of Updateprofile,<br/>
Test Status: Pass<br/>
</div>
</td>
<td></td>
<td>39</td>
<td>com.cucumber.TestRunner.UserUpdateProfileRunner@7ce026d3</td></tr>
<tr>
<td title='com.cucumber.TestRunner.UserChangePasswordRunner.feature()'><b>feature</b><br>Test class: com.cucumber.TestRunner.UserChangePasswordRunner<br>Test method: Runs Cucumber Feature<br>Parameters: Institution User - Check the flow of Change Password<br/>
<a href="#Output-2014384597" onClick='toggleBox("Output-2014384597", this, "Show output", "Hide output");'>Show output</a>

<a href="#Output-2014384597" onClick="toggleAllBoxes();">Show all outputs</a>
<div class='log' id="Output-2014384597">
Completed executing following method : AbstractTestNGCucumberTests.feature<br/>
Test Method resides in com.cucumber.TestRunner.UserChangePasswordRunner<br/>
Test Method had the following parameters : nullInstitution User - Check the flow of Change Password,<br/>
Test Status: Pass<br/>
</div>
</td>
<td></td>
<td>10</td>
<td>com.cucumber.TestRunner.UserChangePasswordRunner@1750fbeb</td></tr>
<tr>
<td title='com.cucumber.TestRunner.UserDashboardRecentCertificateGenerationsRunner.feature()'><b>feature</b><br>Test class: com.cucumber.TestRunner.UserDashboardRecentCertificateGenerationsRunner<br>Test method: Runs Cucumber Feature<br>Parameters: Institution User - Check the flow of Dashboard Recent Certificate Generations - print button<br/>
<a href="#Output-197268244" onClick='toggleBox("Output-197268244", this, "Show output", "Hide output");'>Show output</a>

<a href="#Output-197268244" onClick="toggleAllBoxes();">Show all outputs</a>
<div class='log' id="Output-197268244">
Completed executing following method : AbstractTestNGCucumberTests.feature<br/>
Test Method resides in com.cucumber.TestRunner.UserDashboardRecentCertificateGenerationsRunner<br/>
Test Method had the following parameters : nullInstitution User - Check the flow of Dashboard Recent Certificate Generations - print button,<br/>
Test Status: Pass<br/>
</div>
</td>
<td></td>
<td>10</td>
<td>com.cucumber.TestRunner.UserDashboardRecentCertificateGenerationsRunner@7e057f43</td></tr>
<tr>
<td title='com.cucumber.TestRunner.UserDashboardViewAllGenerationsRunner.feature()'><b>feature</b><br>Test class: com.cucumber.TestRunner.UserDashboardViewAllGenerationsRunner<br>Test method: Runs Cucumber Feature<br>Parameters: Institution User - Check the flow of View All Generations<br/>
<a href="#Output-1637699463" onClick='toggleBox("Output-1637699463", this, "Show output", "Hide output");'>Show output</a>

<a href="#Output-1637699463" onClick="toggleAllBoxes();">Show all outputs</a>
<div class='log' id="Output-1637699463">
Completed executing following method : AbstractTestNGCucumberTests.feature<br/>
Test Method resides in com.cucumber.TestRunner.UserDashboardViewAllGenerationsRunner<br/>
Test Method had the following parameters : nullInstitution User - Check the flow of View All Generations,<br/>
Test Status: Pass<br/>
</div>
</td>
<td></td>
<td>10</td>
<td>com.cucumber.TestRunner.UserDashboardViewAllGenerationsRunner@5890e879</td></tr>
<tr>
<td title='com.cucumber.TestRunner.UserRecentCertificateVerificationsRunner.feature()'><b>feature</b><br>Test class: com.cucumber.TestRunner.UserRecentCertificateVerificationsRunner<br>Test method: Runs Cucumber Feature<br>Parameters: Institution User - Check the flow of Recent Certificate Verifiecations<br/>
<a href="#Output-1763468181" onClick='toggleBox("Output-1763468181", this, "Show output", "Hide output");'>Show output</a>

<a href="#Output-1763468181" onClick="toggleAllBoxes();">Show all outputs</a>
<div class='log' id="Output-1763468181">
Completed executing following method : AbstractTestNGCucumberTests.feature<br/>
Test Method resides in com.cucumber.TestRunner.UserRecentCertificateVerificationsRunner<br/>
Test Method had the following parameters : nullInstitution User - Check the flow of Recent Certificate Verifiecations,<br/>
Test Status: Pass<br/>
</div>
</td>
<td></td>
<td>8</td>
<td>com.cucumber.TestRunner.UserRecentCertificateVerificationsRunner@31ea9581</td></tr>
<tr>
<td title='com.cucumber.TestRunner.AdminApplicationTitleRunner.feature()'><b>feature</b><br>Test class: com.cucumber.TestRunner.AdminApplicationTitleRunner<br>Test method: Runs Cucumber Feature<br>Parameters: Institution User - Check the flow of Application Title<br/>
<a href="#Output-1020220407" onClick='toggleBox("Output-1020220407", this, "Show output", "Hide output");'>Show output</a>

<a href="#Output-1020220407" onClick="toggleAllBoxes();">Show all outputs</a>
<div class='log' id="Output-1020220407">
Completed executing following method : AbstractTestNGCucumberTests.feature<br/>
Test Method resides in com.cucumber.TestRunner.AdminApplicationTitleRunner<br/>
Test Method had the following parameters : nullInstitution User - Check the flow of Application Title,<br/>
Test Status: Pass<br/>
</div>
</td>
<td></td>
<td>8</td>
<td>com.cucumber.TestRunner.AdminApplicationTitleRunner@7c137fd5</td></tr>
<tr>
<td title='com.cucumber.TestRunner.AdminBacktotopbuttonRunner.feature()'><b>feature</b><br>Test class: com.cucumber.TestRunner.AdminBacktotopbuttonRunner<br>Test method: Runs Cucumber Feature<br>Parameters: Institution Admin - Check the flow of Back to top<br/>
<a href="#Output-1057051578" onClick='toggleBox("Output-1057051578", this, "Show output", "Hide output");'>Show output</a>

<a href="#Output-1057051578" onClick="toggleAllBoxes();">Show all outputs</a>
<div class='log' id="Output-1057051578">
Completed executing following method : AbstractTestNGCucumberTests.feature<br/>
Test Method resides in com.cucumber.TestRunner.AdminBacktotopbuttonRunner<br/>
Test Method had the following parameters : nullInstitution Admin - Check the flow of Back to top,<br/>
Test Status: Pass<br/>
</div>
</td>
<td></td>
<td>21</td>
<td>com.cucumber.TestRunner.AdminBacktotopbuttonRunner@7d9d0818</td></tr>
<tr>
<td title='com.cucumber.TestRunner.AdminLaunchTheApplicationRunner.feature()'><b>feature</b><br>Test class: com.cucumber.TestRunner.AdminLaunchTheApplicationRunner<br>Test method: Runs Cucumber Feature<br>Parameters: Institution User - Check the flow of Launch the application<br/>
<a href="#Output-2020637787" onClick='toggleBox("Output-2020637787", this, "Show output", "Hide output");'>Show output</a>

<a href="#Output-2020637787" onClick="toggleAllBoxes();">Show all outputs</a>
<div class='log' id="Output-2020637787">
Completed executing following method : AbstractTestNGCucumberTests.feature<br/>
Test Method resides in com.cucumber.TestRunner.AdminLaunchTheApplicationRunner<br/>
Test Method had the following parameters : nullInstitution User - Check the flow of Launch the application,<br/>
Test Status: Pass<br/>
</div>
</td>
<td></td>
<td>0</td>
<td>com.cucumber.TestRunner.AdminLaunchTheApplicationRunner@451001e5</td></tr>
<tr>
<td title='com.cucumber.TestRunner.UserBacktotopbuttonRunner.feature()'><b>feature</b><br>Test class: com.cucumber.TestRunner.UserBacktotopbuttonRunner<br>Test method: Runs Cucumber Feature<br>Parameters: Institution User - Check the flow of back to top button<br/>
<a href="#Output-1536324801" onClick='toggleBox("Output-1536324801", this, "Show output", "Hide output");'>Show output</a>

<a href="#Output-1536324801" onClick="toggleAllBoxes();">Show all outputs</a>
<div class='log' id="Output-1536324801">
Completed executing following method : AbstractTestNGCucumberTests.feature<br/>
Test Method resides in com.cucumber.TestRunner.UserBacktotopbuttonRunner<br/>
Test Method had the following parameters : nullInstitution User - Check the flow of back to top button,<br/>
Test Status: Pass<br/>
</div>
</td>
<td></td>
<td>18</td>
<td>com.cucumber.TestRunner.UserBacktotopbuttonRunner@3e08ff24</td></tr>
<tr>
<td title='com.cucumber.TestRunner.UserBulkDashboardLinkRunner.feature()'><b>feature</b><br>Test class: com.cucumber.TestRunner.UserBulkDashboardLinkRunner<br>Test method: Runs Cucumber Feature<br>Parameters: Institution User - Check the flow of User Bulk By Click the Dashboard link<br/>
<a href="#Output-1521364836" onClick='toggleBox("Output-1521364836", this, "Show output", "Hide output");'>Show output</a>

<a href="#Output-1521364836" onClick="toggleAllBoxes();">Show all outputs</a>
<div class='log' id="Output-1521364836">
Completed executing following method : AbstractTestNGCucumberTests.feature<br/>
Test Method resides in com.cucumber.TestRunner.UserBulkDashboardLinkRunner<br/>
Test Method had the following parameters : nullInstitution User - Check the flow of User Bulk By Click the Dashboard link,<br/>
Test Status: Pass<br/>
</div>
</td>
<td></td>
<td>21</td>
<td>com.cucumber.TestRunner.UserBulkDashboardLinkRunner@8462f31</td></tr>
<tr>
<td title='com.cucumber.TestRunner.UserGenerateBulkByUploadCSVFIleWithoutIssueYearRunner.feature()'><b>feature</b><br>Test class: com.cucumber.TestRunner.UserGenerateBulkByUploadCSVFIleWithoutIssueYearRunner<br>Test method: Runs Cucumber Feature<br>Parameters: Institution User - Check the flow of Generate Bulk By Upload CSV File Without Issue Year<br/>
<a href="#Output-581742524" onClick='toggleBox("Output-581742524", this, "Show output", "Hide output");'>Show output</a>

<a href="#Output-581742524" onClick="toggleAllBoxes();">Show all outputs</a>
<div class='log' id="Output-581742524">
Completed executing following method : AbstractTestNGCucumberTests.feature<br/>
Test Method resides in com.cucumber.TestRunner.UserGenerateBulkByUploadCSVFIleWithoutIssueYearRunner<br/>
Test Method had the following parameters : nullInstitution User - Check the flow of Generate Bulk By Upload CSV File Without Issue Year,<br/>
Test Status: Pass<br/>
</div>
</td>
<td></td>
<td>45</td>
<td>com.cucumber.TestRunner.UserGenerateBulkByUploadCSVFIleWithoutIssueYearRunner@496bc455</td></tr>
<tr>
<td title='com.cucumber.TestRunner.UserGenerateBulkByUploadCSVFileWithEmptyMobileNumberRunner.feature()'><b>feature</b><br>Test class: com.cucumber.TestRunner.UserGenerateBulkByUploadCSVFileWithEmptyMobileNumberRunner<br>Test method: Runs Cucumber Feature<br>Parameters: Institution User - Check the flow of Generate Bulk with invalid CSV File - Empty Mobile umber column<br/>
<a href="#Output-768316457" onClick='toggleBox("Output-768316457", this, "Show output", "Hide output");'>Show output</a>

<a href="#Output-768316457" onClick="toggleAllBoxes();">Show all outputs</a>
<div class='log' id="Output-768316457">
Completed executing following method : AbstractTestNGCucumberTests.feature<br/>
Test Method resides in com.cucumber.TestRunner.UserGenerateBulkByUploadCSVFileWithEmptyMobileNumberRunner<br/>
Test Method had the following parameters : nullInstitution User - Check the flow of Generate Bulk with invalid CSV File - Empty Mobile umber column,<br/>
Test Status: Pass<br/>
</div>
</td>
<td></td>
<td>3</td>
<td>com.cucumber.TestRunner.UserGenerateBulkByUploadCSVFileWithEmptyMobileNumberRunner@7188af83</td></tr>
<tr>
<td title='com.cucumber.TestRunner.UserGenerateBulkByUploadCSVFIleWithEmptyCertificateNameRunner.feature()'><b>feature</b><br>Test class: com.cucumber.TestRunner.UserGenerateBulkByUploadCSVFIleWithEmptyCertificateNameRunner<br>Test method: Runs Cucumber Feature<br>Parameters: Institution User - Check the flow of Generate Bulk By Upload CSV File With Empty Certificate Name<br/>
<a href="#Output-101946866" onClick='toggleBox("Output-101946866", this, "Show output", "Hide output");'>Show output</a>

<a href="#Output-101946866" onClick="toggleAllBoxes();">Show all outputs</a>
<div class='log' id="Output-101946866">
Completed executing following method : AbstractTestNGCucumberTests.feature<br/>
Test Method resides in com.cucumber.TestRunner.UserGenerateBulkByUploadCSVFIleWithEmptyCertificateNameRunner<br/>
Test Method had the following parameters : nullInstitution User - Check the flow of Generate Bulk By Upload CSV File With Empty Certificate Name,<br/>
Test Status: Pass<br/>
</div>
</td>
<td></td>
<td>45</td>
<td>com.cucumber.TestRunner.UserGenerateBulkByUploadCSVFIleWithEmptyCertificateNameRunner@1033576a</td></tr>
<tr>
<td title='com.cucumber.TestRunner.UserGeneratedCertificatesWithoutEnablecheckboxesRunner.feature()'><b>feature</b><br>Test class: com.cucumber.TestRunner.UserGeneratedCertificatesWithoutEnablecheckboxesRunner<br>Test method: Runs Cucumber Feature<br>Parameters: genearated certificate<br/>
<a href="#Output-859346704" onClick='toggleBox("Output-859346704", this, "Show output", "Hide output");'>Show output</a>

<a href="#Output-859346704" onClick="toggleAllBoxes();">Show all outputs</a>
<div class='log' id="Output-859346704">
Completed executing following method : AbstractTestNGCucumberTests.feature<br/>
Test Method resides in com.cucumber.TestRunner.UserGeneratedCertificatesWithoutEnablecheckboxesRunner<br/>
Test Method had the following parameters : nullgenearated certificate,<br/>
Test Status: Pass<br/>
</div>
</td>
<td></td>
<td>3</td>
<td>com.cucumber.TestRunner.UserGeneratedCertificatesWithoutEnablecheckboxesRunner@76494737</td></tr>
<tr>
<td title='com.cucumber.TestRunner.UserInternalPrintingUploadCSVFileWithoutStudentNameRunner.feature()'><b>feature</b><br>Test class: com.cucumber.TestRunner.UserInternalPrintingUploadCSVFileWithoutStudentNameRunner<br>Test method: Runs Cucumber Feature<br>Parameters: Institution User - Check the flow of Internal Printing Upload CSV file Without Student Name<br/>
<a href="#Output-1070671846" onClick='toggleBox("Output-1070671846", this, "Show output", "Hide output");'>Show output</a>

<a href="#Output-1070671846" onClick="toggleAllBoxes();">Show all outputs</a>
<div class='log' id="Output-1070671846">
Completed executing following method : AbstractTestNGCucumberTests.feature<br/>
Test Method resides in com.cucumber.TestRunner.UserInternalPrintingUploadCSVFileWithoutStudentNameRunner<br/>
Test Method had the following parameters : nullInstitution User - Check the flow of Internal Printing Upload CSV file Without Student Name,<br/>
Test Status: Pass<br/>
</div>
</td>
<td></td>
<td>40</td>
<td>com.cucumber.TestRunner.UserInternalPrintingUploadCSVFileWithoutStudentNameRunner@4082ba93</td></tr>
<tr>
<td title='com.cucumber.TestRunner.UserInternalPrintingByUploadingCSVWithInvalidCertificateTypeRunner.feature()'><b>feature</b><br>Test class: com.cucumber.TestRunner.UserInternalPrintingByUploadingCSVWithInvalidCertificateTypeRunner<br>Test method: Runs Cucumber Feature<br>Parameters: Institution User - Check the flow of Internal Printing with upload the CSV file with invalid Certificate Type<br/>
<a href="#Output-182591600" onClick='toggleBox("Output-182591600", this, "Show output", "Hide output");'>Show output</a>

<a href="#Output-182591600" onClick="toggleAllBoxes();">Show all outputs</a>
<div class='log' id="Output-182591600">
Completed executing following method : AbstractTestNGCucumberTests.feature<br/>
Test Method resides in com.cucumber.TestRunner.UserInternalPrintingByUploadingCSVWithInvalidCertificateTypeRunner<br/>
Test Method had the following parameters : nullInstitution User - Check the flow of Internal Printing with upload the CSV file with invalid Certificate Type,<br/>
Test Status: Pass<br/>
</div>
</td>
<td></td>
<td>10</td>
<td>com.cucumber.TestRunner.UserInternalPrintingByUploadingCSVWithInvalidCertificateTypeRunner@2b30a42c</td></tr>
</table><p>
<table width='100%' border='1' class='invocation-skipped'>
<tr><td colspan='4' align='center'><b>SKIPPED TESTS</b></td></tr>
<tr><td><b>Test method</b></td>
<td width="30%"><b>Exception</b></td>
<td width="10%"><b>Time (seconds)</b></td>
<td><b>Instance</b></td>
</tr>
<tr>
<td title='com.cucumber.TestRunner.UserDashboardRecentCertificateGenerationsCertificateTypedropdownRunner.feature()'><b>feature</b><br>Test class: com.cucumber.TestRunner.UserDashboardRecentCertificateGenerationsCertificateTypedropdownRunner<br>Test method: Runs Cucumber Feature</td>
<td><div><pre>java.lang.RuntimeException: java.lang.IllegalArgumentException: Not a file or directory: C:\Users\admin\eclipse-workspace\Learning Chain Automation6\src\test\resources\features\UserDashboardRecentcertificateGenerationsCertificateTypedropdown.feature
Caused by: java.lang.IllegalArgumentException: Not a file or directory: C:\Users\admin\eclipse-workspace\Learning Chain Automation6\src\test\resources\features\UserDashboardRecentcertificateGenerationsCertificateTypedropdown.feature
	at cucumber.runtime.io.FileResourceIterator$FileIterator.&lt;init&gt;(FileResourceIterator.java:54)
	at cucumber.runtime.io.FileResourceIterator.&lt;init&gt;(FileResourceIterator.java:20)
	at cucumber.runtime.io.FileResourceIterable.iterator(FileResourceIterable.java:19)
	at cucumber.runtime.model.CucumberFeature.loadFromFeaturePath(CucumberFeature.java:103)
	at cucumber.runtime.model.CucumberFeature.load(CucumberFeature.java:54)
	at cucumber.runtime.model.CucumberFeature.load(CucumberFeature.java:34)
	at cucumber.runtime.RuntimeOptions.cucumberFeatures(RuntimeOptions.java:239)
	at cucumber.api.testng.TestNGCucumberRunner.getFeatures(TestNGCucumberRunner.java:85)
	at cucumber.api.testng.TestNGCucumberRunner.provideFeatures(TestNGCucumberRunner.java:94)
	at cucumber.api.testng.AbstractTestNGCucumberTests.features(AbstractTestNGCucumberTests.java:29)
	... 20 more
... Removed 26 stack frames</pre></div><a href='#' onClick='toggleBox("stack-trace1247697294", this, "Click to show all stack frames", "Click to hide stack frames")'>Click to show all stack frames</a>
<div class='stack-trace' id='stack-trace1247697294'><pre>java.lang.RuntimeException: java.lang.IllegalArgumentException: Not a file or directory: C:\Users\admin\eclipse-workspace\Learning Chain Automation6\src\test\resources\features\UserDashboardRecentcertificateGenerationsCertificateTypedropdown.feature
	at org.testng.internal.MethodInvocationHelper.invokeDataProvider(MethodInvocationHelper.java:163)
	at org.testng.internal.Parameters.handleParameters(Parameters.java:430)
	at org.testng.internal.Invoker.handleParameters(Invoker.java:1274)
	at org.testng.internal.Invoker.createParameters(Invoker.java:989)
	at org.testng.internal.Invoker.invokeTestMethods(Invoker.java:1079)
	at org.testng.internal.TestMethodWorker.invokeTestMethods(TestMethodWorker.java:129)
	at org.testng.internal.TestMethodWorker.run(TestMethodWorker.java:112)
	at org.testng.TestRunner.privateRun(TestRunner.java:782)
	at org.testng.TestRunner.run(TestRunner.java:632)
	at org.testng.SuiteRunner.runTest(SuiteRunner.java:366)
	at org.testng.SuiteRunner.runSequentially(SuiteRunner.java:361)
	at org.testng.SuiteRunner.privateRun(SuiteRunner.java:319)
	at org.testng.SuiteRunner.run(SuiteRunner.java:268)
	at org.testng.SuiteRunnerWorker.runSuite(SuiteRunnerWorker.java:52)
	at org.testng.SuiteRunnerWorker.run(SuiteRunnerWorker.java:86)
	at org.testng.TestNG.runSuitesSequentially(TestNG.java:1244)
	at org.testng.TestNG.runSuitesLocally(TestNG.java:1169)
	at org.testng.TestNG.run(TestNG.java:1064)
	at org.testng.remote.AbstractRemoteTestNG.run(AbstractRemoteTestNG.java:115)
	at org.testng.remote.RemoteTestNG.initAndRun(RemoteTestNG.java:251)
	at org.testng.remote.RemoteTestNG.main(RemoteTestNG.java:77)
Caused by: java.lang.IllegalArgumentException: Not a file or directory: C:\Users\admin\eclipse-workspace\Learning Chain Automation6\src\test\resources\features\UserDashboardRecentcertificateGenerationsCertificateTypedropdown.feature
	at cucumber.runtime.io.FileResourceIterator$FileIterator.&lt;init&gt;(FileResourceIterator.java:54)
	at cucumber.runtime.io.FileResourceIterator.&lt;init&gt;(FileResourceIterator.java:20)
	at cucumber.runtime.io.FileResourceIterable.iterator(FileResourceIterable.java:19)
	at cucumber.runtime.model.CucumberFeature.loadFromFeaturePath(CucumberFeature.java:103)
	at cucumber.runtime.model.CucumberFeature.load(CucumberFeature.java:54)
	at cucumber.runtime.model.CucumberFeature.load(CucumberFeature.java:34)
	at cucumber.runtime.RuntimeOptions.cucumberFeatures(RuntimeOptions.java:239)
	at cucumber.api.testng.TestNGCucumberRunner.getFeatures(TestNGCucumberRunner.java:85)
	at cucumber.api.testng.TestNGCucumberRunner.provideFeatures(TestNGCucumberRunner.java:94)
	at cucumber.api.testng.AbstractTestNGCucumberTests.features(AbstractTestNGCucumberTests.java:29)
	at jdk.internal.reflect.GeneratedMethodAccessor95.invoke(Unknown Source)
	at java.base/jdk.internal.reflect.DelegatingMethodAccessorImpl.invoke(DelegatingMethodAccessorImpl.java:43)
	at java.base/java.lang.reflect.Method.invoke(Method.java:566)
	at org.testng.internal.MethodInvocationHelper.invokeMethod(MethodInvocationHelper.java:86)
	at org.testng.internal.MethodInvocationHelper.invokeDataProvider(MethodInvocationHelper.java:137)
	... 20 more
</pre></div></td>
<td>0</td>
<td>com.cucumber.TestRunner.UserDashboardRecentCertificateGenerationsCertificateTypedropdownRunner@5ddeb7cb</td></tr>
</table><p>
</body>
</html>